CRITICAL - 2022-07-03 00:09:02 --> Cannot use object of type stdClass as array
in APPPATH\Views\admin\loket\index.php on line 21.
 1 SYSTEMPATH\View\View.php(213): include()
 2 SYSTEMPATH\View\View.php(216): CodeIgniter\View\View->CodeIgniter\View\{closure}()
 3 SYSTEMPATH\Common.php(1135): CodeIgniter\View\View->render('admin/loket/index', [], true)
 4 APPPATH\Controllers\Loket.php(17): view('admin/loket/index', [...])
 5 SYSTEMPATH\CodeIgniter.php(898): App\Controllers\Loket->index()
 6 SYSTEMPATH\CodeIgniter.php(468): CodeIgniter\CodeIgniter->runController(Object(App\Controllers\Loket))
 7 SYSTEMPATH\CodeIgniter.php(351): CodeIgniter\CodeIgniter->handleRequest(null, Object(Config\Cache), false)
 8 FCPATH\index.php(55): CodeIgniter\CodeIgniter->run()
 9 SYSTEMPATH\Commands\Server\rewrite.php(43): require_once('FCPATH\\index.php')
CRITICAL - 2022-07-03 00:10:23 --> Cannot use object of type stdClass as array
in APPPATH\Views\admin\loket\index.php on line 21.
 1 SYSTEMPATH\View\View.php(213): include()
 2 SYSTEMPATH\View\View.php(216): CodeIgniter\View\View->CodeIgniter\View\{closure}()
 3 SYSTEMPATH\Common.php(1135): CodeIgniter\View\View->render('admin/loket/index', [], true)
 4 APPPATH\Controllers\Loket.php(16): view('admin/loket/index', [...])
 5 SYSTEMPATH\CodeIgniter.php(898): App\Controllers\Loket->index()
 6 SYSTEMPATH\CodeIgniter.php(468): CodeIgniter\CodeIgniter->runController(Object(App\Controllers\Loket))
 7 SYSTEMPATH\CodeIgniter.php(351): CodeIgniter\CodeIgniter->handleRequest(null, Object(Config\Cache), false)
 8 FCPATH\index.php(55): CodeIgniter\CodeIgniter->run()
 9 SYSTEMPATH\Commands\Server\rewrite.php(43): require_once('FCPATH\\index.php')
CRITICAL - 2022-07-03 00:10:44 --> Cannot use object of type stdClass as array
in APPPATH\Views\admin\loket\index.php on line 21.
 1 SYSTEMPATH\View\View.php(213): include()
 2 SYSTEMPATH\View\View.php(216): CodeIgniter\View\View->CodeIgniter\View\{closure}()
 3 SYSTEMPATH\Common.php(1135): CodeIgniter\View\View->render('admin/loket/index', [], true)
 4 APPPATH\Controllers\Loket.php(16): view('admin/loket/index', [...])
 5 SYSTEMPATH\CodeIgniter.php(898): App\Controllers\Loket->index()
 6 SYSTEMPATH\CodeIgniter.php(468): CodeIgniter\CodeIgniter->runController(Object(App\Controllers\Loket))
 7 SYSTEMPATH\CodeIgniter.php(351): CodeIgniter\CodeIgniter->handleRequest(null, Object(Config\Cache), false)
 8 FCPATH\index.php(55): CodeIgniter\CodeIgniter->run()
 9 SYSTEMPATH\Commands\Server\rewrite.php(43): require_once('FCPATH\\index.php')
CRITICAL - 2022-07-03 00:10:46 --> Cannot use object of type stdClass as array
in APPPATH\Views\admin\loket\index.php on line 21.
 1 SYSTEMPATH\View\View.php(213): include()
 2 SYSTEMPATH\View\View.php(216): CodeIgniter\View\View->CodeIgniter\View\{closure}()
 3 SYSTEMPATH\Common.php(1135): CodeIgniter\View\View->render('admin/loket/index', [], true)
 4 APPPATH\Controllers\Loket.php(16): view('admin/loket/index', [...])
 5 SYSTEMPATH\CodeIgniter.php(898): App\Controllers\Loket->index()
 6 SYSTEMPATH\CodeIgniter.php(468): CodeIgniter\CodeIgniter->runController(Object(App\Controllers\Loket))
 7 SYSTEMPATH\CodeIgniter.php(351): CodeIgniter\CodeIgniter->handleRequest(null, Object(Config\Cache), false)
 8 FCPATH\index.php(55): CodeIgniter\CodeIgniter->run()
 9 SYSTEMPATH\Commands\Server\rewrite.php(43): require_once('FCPATH\\index.php')
CRITICAL - 2022-07-03 00:11:16 --> Cannot use object of type stdClass as array
in APPPATH\Views\admin\loket\index.php on line 21.
 1 SYSTEMPATH\View\View.php(213): include()
 2 SYSTEMPATH\View\View.php(216): CodeIgniter\View\View->CodeIgniter\View\{closure}()
 3 SYSTEMPATH\Common.php(1135): CodeIgniter\View\View->render('admin/loket/index', [], true)
 4 APPPATH\Controllers\Loket.php(17): view('admin/loket/index', [...])
 5 SYSTEMPATH\CodeIgniter.php(898): App\Controllers\Loket->index()
 6 SYSTEMPATH\CodeIgniter.php(468): CodeIgniter\CodeIgniter->runController(Object(App\Controllers\Loket))
 7 SYSTEMPATH\CodeIgniter.php(351): CodeIgniter\CodeIgniter->handleRequest(null, Object(Config\Cache), false)
 8 FCPATH\index.php(55): CodeIgniter\CodeIgniter->run()
 9 SYSTEMPATH\Commands\Server\rewrite.php(43): require_once('FCPATH\\index.php')
CRITICAL - 2022-07-03 00:21:25 --> syntax error, unexpected end of file
in APPPATH\Views\admin\loket\formadd.php on line 29.
 1 SYSTEMPATH\View\View.php(216): CodeIgniter\View\View->CodeIgniter\View\{closure}()
 2 SYSTEMPATH\Common.php(1135): CodeIgniter\View\View->render('admin/loket/formadd', [], true)
 3 APPPATH\Controllers\Loket.php(29): view('admin/loket/formadd', [...])
 4 SYSTEMPATH\CodeIgniter.php(898): App\Controllers\Loket->add()
 5 SYSTEMPATH\CodeIgniter.php(468): CodeIgniter\CodeIgniter->runController(Object(App\Controllers\Loket))
 6 SYSTEMPATH\CodeIgniter.php(351): CodeIgniter\CodeIgniter->handleRequest(null, Object(Config\Cache), false)
 7 FCPATH\index.php(55): CodeIgniter\CodeIgniter->run()
 8 SYSTEMPATH\Commands\Server\rewrite.php(43): require_once('FCPATH\\index.php')
CRITICAL - 2022-07-03 00:24:38 --> syntax error, unexpected end of file
in APPPATH\Views\admin\loket\formadd.php on line 29.
 1 SYSTEMPATH\View\View.php(216): CodeIgniter\View\View->CodeIgniter\View\{closure}()
 2 SYSTEMPATH\Common.php(1135): CodeIgniter\View\View->render('admin/loket/formadd', [], true)
 3 APPPATH\Controllers\Loket.php(29): view('admin/loket/formadd', [...])
 4 SYSTEMPATH\CodeIgniter.php(898): App\Controllers\Loket->add()
 5 SYSTEMPATH\CodeIgniter.php(468): CodeIgniter\CodeIgniter->runController(Object(App\Controllers\Loket))
 6 SYSTEMPATH\CodeIgniter.php(351): CodeIgniter\CodeIgniter->handleRequest(null, Object(Config\Cache), false)
 7 FCPATH\index.php(55): CodeIgniter\CodeIgniter->run()
 8 SYSTEMPATH\Commands\Server\rewrite.php(43): require_once('FCPATH\\index.php')
CRITICAL - 2022-07-03 00:24:40 --> syntax error, unexpected end of file
in APPPATH\Views\admin\loket\formadd.php on line 29.
 1 SYSTEMPATH\View\View.php(216): CodeIgniter\View\View->CodeIgniter\View\{closure}()
 2 SYSTEMPATH\Common.php(1135): CodeIgniter\View\View->render('admin/loket/formadd', [], true)
 3 APPPATH\Controllers\Loket.php(29): view('admin/loket/formadd', [...])
 4 SYSTEMPATH\CodeIgniter.php(898): App\Controllers\Loket->add()
 5 SYSTEMPATH\CodeIgniter.php(468): CodeIgniter\CodeIgniter->runController(Object(App\Controllers\Loket))
 6 SYSTEMPATH\CodeIgniter.php(351): CodeIgniter\CodeIgniter->handleRequest(null, Object(Config\Cache), false)
 7 FCPATH\index.php(55): CodeIgniter\CodeIgniter->run()
 8 SYSTEMPATH\Commands\Server\rewrite.php(43): require_once('FCPATH\\index.php')
CRITICAL - 2022-07-03 00:24:40 --> syntax error, unexpected end of file
in APPPATH\Views\admin\loket\formadd.php on line 29.
 1 SYSTEMPATH\View\View.php(216): CodeIgniter\View\View->CodeIgniter\View\{closure}()
 2 SYSTEMPATH\Common.php(1135): CodeIgniter\View\View->render('admin/loket/formadd', [], true)
 3 APPPATH\Controllers\Loket.php(29): view('admin/loket/formadd', [...])
 4 SYSTEMPATH\CodeIgniter.php(898): App\Controllers\Loket->add()
 5 SYSTEMPATH\CodeIgniter.php(468): CodeIgniter\CodeIgniter->runController(Object(App\Controllers\Loket))
 6 SYSTEMPATH\CodeIgniter.php(351): CodeIgniter\CodeIgniter->handleRequest(null, Object(Config\Cache), false)
 7 FCPATH\index.php(55): CodeIgniter\CodeIgniter->run()
 8 SYSTEMPATH\Commands\Server\rewrite.php(43): require_once('FCPATH\\index.php')
CRITICAL - 2022-07-03 00:24:40 --> syntax error, unexpected end of file
in APPPATH\Views\admin\loket\formadd.php on line 29.
 1 SYSTEMPATH\View\View.php(216): CodeIgniter\View\View->CodeIgniter\View\{closure}()
 2 SYSTEMPATH\Common.php(1135): CodeIgniter\View\View->render('admin/loket/formadd', [], true)
 3 APPPATH\Controllers\Loket.php(29): view('admin/loket/formadd', [...])
 4 SYSTEMPATH\CodeIgniter.php(898): App\Controllers\Loket->add()
 5 SYSTEMPATH\CodeIgniter.php(468): CodeIgniter\CodeIgniter->runController(Object(App\Controllers\Loket))
 6 SYSTEMPATH\CodeIgniter.php(351): CodeIgniter\CodeIgniter->handleRequest(null, Object(Config\Cache), false)
 7 FCPATH\index.php(55): CodeIgniter\CodeIgniter->run()
 8 SYSTEMPATH\Commands\Server\rewrite.php(43): require_once('FCPATH\\index.php')
CRITICAL - 2022-07-03 00:24:41 --> syntax error, unexpected end of file
in APPPATH\Views\admin\loket\formadd.php on line 29.
 1 SYSTEMPATH\View\View.php(216): CodeIgniter\View\View->CodeIgniter\View\{closure}()
 2 SYSTEMPATH\Common.php(1135): CodeIgniter\View\View->render('admin/loket/formadd', [], true)
 3 APPPATH\Controllers\Loket.php(29): view('admin/loket/formadd', [...])
 4 SYSTEMPATH\CodeIgniter.php(898): App\Controllers\Loket->add()
 5 SYSTEMPATH\CodeIgniter.php(468): CodeIgniter\CodeIgniter->runController(Object(App\Controllers\Loket))
 6 SYSTEMPATH\CodeIgniter.php(351): CodeIgniter\CodeIgniter->handleRequest(null, Object(Config\Cache), false)
 7 FCPATH\index.php(55): CodeIgniter\CodeIgniter->run()
 8 SYSTEMPATH\Commands\Server\rewrite.php(43): require_once('FCPATH\\index.php')
CRITICAL - 2022-07-03 00:24:41 --> syntax error, unexpected end of file
in APPPATH\Views\admin\loket\formadd.php on line 29.
 1 SYSTEMPATH\View\View.php(216): CodeIgniter\View\View->CodeIgniter\View\{closure}()
 2 SYSTEMPATH\Common.php(1135): CodeIgniter\View\View->render('admin/loket/formadd', [], true)
 3 APPPATH\Controllers\Loket.php(29): view('admin/loket/formadd', [...])
 4 SYSTEMPATH\CodeIgniter.php(898): App\Controllers\Loket->add()
 5 SYSTEMPATH\CodeIgniter.php(468): CodeIgniter\CodeIgniter->runController(Object(App\Controllers\Loket))
 6 SYSTEMPATH\CodeIgniter.php(351): CodeIgniter\CodeIgniter->handleRequest(null, Object(Config\Cache), false)
 7 FCPATH\index.php(55): CodeIgniter\CodeIgniter->run()
 8 SYSTEMPATH\Commands\Server\rewrite.php(43): require_once('FCPATH\\index.php')
CRITICAL - 2022-07-03 00:24:41 --> syntax error, unexpected end of file
in APPPATH\Views\admin\loket\formadd.php on line 29.
 1 SYSTEMPATH\View\View.php(216): CodeIgniter\View\View->CodeIgniter\View\{closure}()
 2 SYSTEMPATH\Common.php(1135): CodeIgniter\View\View->render('admin/loket/formadd', [], true)
 3 APPPATH\Controllers\Loket.php(29): view('admin/loket/formadd', [...])
 4 SYSTEMPATH\CodeIgniter.php(898): App\Controllers\Loket->add()
 5 SYSTEMPATH\CodeIgniter.php(468): CodeIgniter\CodeIgniter->runController(Object(App\Controllers\Loket))
 6 SYSTEMPATH\CodeIgniter.php(351): CodeIgniter\CodeIgniter->handleRequest(null, Object(Config\Cache), false)
 7 FCPATH\index.php(55): CodeIgniter\CodeIgniter->run()
 8 SYSTEMPATH\Commands\Server\rewrite.php(43): require_once('FCPATH\\index.php')
CRITICAL - 2022-07-03 00:25:04 --> syntax error, unexpected end of file
in APPPATH\Views\admin\loket\formadd.php on line 29.
 1 SYSTEMPATH\View\View.php(216): CodeIgniter\View\View->CodeIgniter\View\{closure}()
 2 SYSTEMPATH\Common.php(1135): CodeIgniter\View\View->render('admin/loket/formadd', [], true)
 3 APPPATH\Controllers\Loket.php(29): view('admin/loket/formadd', [...])
 4 SYSTEMPATH\CodeIgniter.php(898): App\Controllers\Loket->add()
 5 SYSTEMPATH\CodeIgniter.php(468): CodeIgniter\CodeIgniter->runController(Object(App\Controllers\Loket))
 6 SYSTEMPATH\CodeIgniter.php(351): CodeIgniter\CodeIgniter->handleRequest(null, Object(Config\Cache), false)
 7 FCPATH\index.php(55): CodeIgniter\CodeIgniter->run()
 8 SYSTEMPATH\Commands\Server\rewrite.php(43): require_once('FCPATH\\index.php')
CRITICAL - 2022-07-03 00:26:36 --> syntax error, unexpected end of file
in APPPATH\Views\admin\loket\formadd.php on line 29.
 1 SYSTEMPATH\View\View.php(216): CodeIgniter\View\View->CodeIgniter\View\{closure}()
 2 SYSTEMPATH\Common.php(1135): CodeIgniter\View\View->render('admin/loket/formadd', [], true)
 3 APPPATH\Controllers\Loket.php(29): view('admin/loket/formadd', [...])
 4 SYSTEMPATH\CodeIgniter.php(898): App\Controllers\Loket->add()
 5 SYSTEMPATH\CodeIgniter.php(468): CodeIgniter\CodeIgniter->runController(Object(App\Controllers\Loket))
 6 SYSTEMPATH\CodeIgniter.php(351): CodeIgniter\CodeIgniter->handleRequest(null, Object(Config\Cache), false)
 7 FCPATH\index.php(55): CodeIgniter\CodeIgniter->run()
 8 SYSTEMPATH\Commands\Server\rewrite.php(43): require_once('FCPATH\\index.php')
CRITICAL - 2022-07-03 00:29:25 --> syntax error, unexpected end of file
in APPPATH\Views\admin\loket\formadd.php on line 29.
 1 SYSTEMPATH\View\View.php(216): CodeIgniter\View\View->CodeIgniter\View\{closure}()
 2 SYSTEMPATH\Common.php(1135): CodeIgniter\View\View->render('admin/loket/formadd', [], true)
 3 APPPATH\Controllers\Loket.php(29): view('admin/loket/formadd', [...])
 4 SYSTEMPATH\CodeIgniter.php(898): App\Controllers\Loket->add()
 5 SYSTEMPATH\CodeIgniter.php(468): CodeIgniter\CodeIgniter->runController(Object(App\Controllers\Loket))
 6 SYSTEMPATH\CodeIgniter.php(351): CodeIgniter\CodeIgniter->handleRequest(null, Object(Config\Cache), false)
 7 FCPATH\index.php(55): CodeIgniter\CodeIgniter->run()
 8 SYSTEMPATH\Commands\Server\rewrite.php(43): require_once('FCPATH\\index.php')
CRITICAL - 2022-07-03 00:29:53 --> Invalid file: admin/loket/add.php
in SYSTEMPATH\Exceptions\FrameworkException.php on line 33.
 1 SYSTEMPATH\View\View.php(201): CodeIgniter\Exceptions\FrameworkException::forInvalidFile('admin/loket/add.php')
 2 SYSTEMPATH\Common.php(1135): CodeIgniter\View\View->render('admin/loket/add', [], true)
 3 APPPATH\Controllers\Loket.php(29): view('admin/loket/add', [...])
 4 SYSTEMPATH\CodeIgniter.php(898): App\Controllers\Loket->add()
 5 SYSTEMPATH\CodeIgniter.php(468): CodeIgniter\CodeIgniter->runController(Object(App\Controllers\Loket))
 6 SYSTEMPATH\CodeIgniter.php(351): CodeIgniter\CodeIgniter->handleRequest(null, Object(Config\Cache), false)
 7 FCPATH\index.php(55): CodeIgniter\CodeIgniter->run()
 8 SYSTEMPATH\Commands\Server\rewrite.php(43): require_once('FCPATH\\index.php')
CRITICAL - 2022-07-03 00:30:34 --> syntax error, unexpected end of file
in APPPATH\Views\admin\loket\formadd.php on line 29.
 1 SYSTEMPATH\View\View.php(216): CodeIgniter\View\View->CodeIgniter\View\{closure}()
 2 SYSTEMPATH\Common.php(1135): CodeIgniter\View\View->render('admin/loket/formadd', [], true)
 3 APPPATH\Controllers\Loket.php(29): view('admin/loket/formadd', [...])
 4 SYSTEMPATH\CodeIgniter.php(898): App\Controllers\Loket->add()
 5 SYSTEMPATH\CodeIgniter.php(468): CodeIgniter\CodeIgniter->runController(Object(App\Controllers\Loket))
 6 SYSTEMPATH\CodeIgniter.php(351): CodeIgniter\CodeIgniter->handleRequest(null, Object(Config\Cache), false)
 7 FCPATH\index.php(55): CodeIgniter\CodeIgniter->run()
 8 SYSTEMPATH\Commands\Server\rewrite.php(43): require_once('FCPATH\\index.php')
CRITICAL - 2022-07-03 00:30:46 --> syntax error, unexpected end of file
in APPPATH\Views\admin\loket\formadd.php on line 27.
 1 SYSTEMPATH\View\View.php(216): CodeIgniter\View\View->CodeIgniter\View\{closure}()
 2 SYSTEMPATH\Common.php(1135): CodeIgniter\View\View->render('admin/loket/formadd', [], true)
 3 APPPATH\Controllers\Loket.php(29): view('admin/loket/formadd', [...])
 4 SYSTEMPATH\CodeIgniter.php(898): App\Controllers\Loket->add()
 5 SYSTEMPATH\CodeIgniter.php(468): CodeIgniter\CodeIgniter->runController(Object(App\Controllers\Loket))
 6 SYSTEMPATH\CodeIgniter.php(351): CodeIgniter\CodeIgniter->handleRequest(null, Object(Config\Cache), false)
 7 FCPATH\index.php(55): CodeIgniter\CodeIgniter->run()
 8 SYSTEMPATH\Commands\Server\rewrite.php(43): require_once('FCPATH\\index.php')
CRITICAL - 2022-07-03 00:33:34 --> syntax error, unexpected end of file
in APPPATH\Views\admin\loket\formadd.php on line 29.
 1 SYSTEMPATH\View\View.php(216): CodeIgniter\View\View->CodeIgniter\View\{closure}()
 2 SYSTEMPATH\Common.php(1135): CodeIgniter\View\View->render('admin/loket/formadd', [], true)
 3 APPPATH\Controllers\Loket.php(29): view('admin/loket/formadd', [...])
 4 SYSTEMPATH\CodeIgniter.php(898): App\Controllers\Loket->add()
 5 SYSTEMPATH\CodeIgniter.php(468): CodeIgniter\CodeIgniter->runController(Object(App\Controllers\Loket))
 6 SYSTEMPATH\CodeIgniter.php(351): CodeIgniter\CodeIgniter->handleRequest(null, Object(Config\Cache), false)
 7 FCPATH\index.php(55): CodeIgniter\CodeIgniter->run()
 8 SYSTEMPATH\Commands\Server\rewrite.php(43): require_once('FCPATH\\index.php')
CRITICAL - 2022-07-03 00:34:41 --> compact(): Undefined variable $data
in APPPATH\Controllers\Loket.php on line 31.
 1 [internal function]: CodeIgniter\Debug\Exceptions->errorHandler(2, 'compact(): Undefined variable $data', 'APPPATH\\Controllers\\Loket.php', 31)
 2 APPPATH\Controllers\Loket.php(31): compact('data')
 3 SYSTEMPATH\CodeIgniter.php(898): App\Controllers\Loket->add()
 4 SYSTEMPATH\CodeIgniter.php(468): CodeIgniter\CodeIgniter->runController(Object(App\Controllers\Loket))
 5 SYSTEMPATH\CodeIgniter.php(351): CodeIgniter\CodeIgniter->handleRequest(null, Object(Config\Cache), false)
 6 FCPATH\index.php(55): CodeIgniter\CodeIgniter->run()
 7 SYSTEMPATH\Commands\Server\rewrite.php(43): require_once('FCPATH\\index.php')
CRITICAL - 2022-07-03 00:34:42 --> compact(): Undefined variable $data
in APPPATH\Controllers\Loket.php on line 31.
 1 [internal function]: CodeIgniter\Debug\Exceptions->errorHandler(2, 'compact(): Undefined variable $data', 'APPPATH\\Controllers\\Loket.php', 31)
 2 APPPATH\Controllers\Loket.php(31): compact('data')
 3 SYSTEMPATH\CodeIgniter.php(898): App\Controllers\Loket->add()
 4 SYSTEMPATH\CodeIgniter.php(468): CodeIgniter\CodeIgniter->runController(Object(App\Controllers\Loket))
 5 SYSTEMPATH\CodeIgniter.php(351): CodeIgniter\CodeIgniter->handleRequest(null, Object(Config\Cache), false)
 6 FCPATH\index.php(55): CodeIgniter\CodeIgniter->run()
 7 SYSTEMPATH\Commands\Server\rewrite.php(43): require_once('FCPATH\\index.php')
CRITICAL - 2022-07-03 00:34:43 --> compact(): Undefined variable $data
in APPPATH\Controllers\Loket.php on line 31.
 1 [internal function]: CodeIgniter\Debug\Exceptions->errorHandler(2, 'compact(): Undefined variable $data', 'APPPATH\\Controllers\\Loket.php', 31)
 2 APPPATH\Controllers\Loket.php(31): compact('data')
 3 SYSTEMPATH\CodeIgniter.php(898): App\Controllers\Loket->add()
 4 SYSTEMPATH\CodeIgniter.php(468): CodeIgniter\CodeIgniter->runController(Object(App\Controllers\Loket))
 5 SYSTEMPATH\CodeIgniter.php(351): CodeIgniter\CodeIgniter->handleRequest(null, Object(Config\Cache), false)
 6 FCPATH\index.php(55): CodeIgniter\CodeIgniter->run()
 7 SYSTEMPATH\Commands\Server\rewrite.php(43): require_once('FCPATH\\index.php')
CRITICAL - 2022-07-03 00:34:43 --> compact(): Undefined variable $data
in APPPATH\Controllers\Loket.php on line 31.
 1 [internal function]: CodeIgniter\Debug\Exceptions->errorHandler(2, 'compact(): Undefined variable $data', 'APPPATH\\Controllers\\Loket.php', 31)
 2 APPPATH\Controllers\Loket.php(31): compact('data')
 3 SYSTEMPATH\CodeIgniter.php(898): App\Controllers\Loket->add()
 4 SYSTEMPATH\CodeIgniter.php(468): CodeIgniter\CodeIgniter->runController(Object(App\Controllers\Loket))
 5 SYSTEMPATH\CodeIgniter.php(351): CodeIgniter\CodeIgniter->handleRequest(null, Object(Config\Cache), false)
 6 FCPATH\index.php(55): CodeIgniter\CodeIgniter->run()
 7 SYSTEMPATH\Commands\Server\rewrite.php(43): require_once('FCPATH\\index.php')
CRITICAL - 2022-07-03 00:34:43 --> compact(): Undefined variable $data
in APPPATH\Controllers\Loket.php on line 31.
 1 [internal function]: CodeIgniter\Debug\Exceptions->errorHandler(2, 'compact(): Undefined variable $data', 'APPPATH\\Controllers\\Loket.php', 31)
 2 APPPATH\Controllers\Loket.php(31): compact('data')
 3 SYSTEMPATH\CodeIgniter.php(898): App\Controllers\Loket->add()
 4 SYSTEMPATH\CodeIgniter.php(468): CodeIgniter\CodeIgniter->runController(Object(App\Controllers\Loket))
 5 SYSTEMPATH\CodeIgniter.php(351): CodeIgniter\CodeIgniter->handleRequest(null, Object(Config\Cache), false)
 6 FCPATH\index.php(55): CodeIgniter\CodeIgniter->run()
 7 SYSTEMPATH\Commands\Server\rewrite.php(43): require_once('FCPATH\\index.php')
CRITICAL - 2022-07-03 00:34:56 --> syntax error, unexpected end of file
in APPPATH\Views\admin\loket\formadd.php on line 29.
 1 SYSTEMPATH\View\View.php(216): CodeIgniter\View\View->CodeIgniter\View\{closure}()
 2 SYSTEMPATH\Common.php(1135): CodeIgniter\View\View->render('admin/loket/formadd', [], true)
 3 APPPATH\Controllers\Loket.php(31): view('admin/loket/formadd', [...])
 4 SYSTEMPATH\CodeIgniter.php(898): App\Controllers\Loket->add()
 5 SYSTEMPATH\CodeIgniter.php(468): CodeIgniter\CodeIgniter->runController(Object(App\Controllers\Loket))
 6 SYSTEMPATH\CodeIgniter.php(351): CodeIgniter\CodeIgniter->handleRequest(null, Object(Config\Cache), false)
 7 FCPATH\index.php(55): CodeIgniter\CodeIgniter->run()
 8 SYSTEMPATH\Commands\Server\rewrite.php(43): require_once('FCPATH\\index.php')
CRITICAL - 2022-07-03 00:36:53 --> syntax error, unexpected end of file
in APPPATH\Views\admin\loket\formadd.php on line 29.
 1 SYSTEMPATH\View\View.php(216): CodeIgniter\View\View->CodeIgniter\View\{closure}()
 2 SYSTEMPATH\Common.php(1135): CodeIgniter\View\View->render('admin/loket/formadd', [], true)
 3 APPPATH\Controllers\Loket.php(31): view('admin/loket/formadd', [...])
 4 SYSTEMPATH\CodeIgniter.php(898): App\Controllers\Loket->add()
 5 SYSTEMPATH\CodeIgniter.php(468): CodeIgniter\CodeIgniter->runController(Object(App\Controllers\Loket))
 6 SYSTEMPATH\CodeIgniter.php(351): CodeIgniter\CodeIgniter->handleRequest(null, Object(Config\Cache), false)
 7 FCPATH\index.php(55): CodeIgniter\CodeIgniter->run()
 8 SYSTEMPATH\Commands\Server\rewrite.php(43): require_once('FCPATH\\index.php')
CRITICAL - 2022-07-03 00:36:55 --> syntax error, unexpected end of file
in APPPATH\Views\admin\loket\formadd.php on line 29.
 1 SYSTEMPATH\View\View.php(216): CodeIgniter\View\View->CodeIgniter\View\{closure}()
 2 SYSTEMPATH\Common.php(1135): CodeIgniter\View\View->render('admin/loket/formadd', [], true)
 3 APPPATH\Controllers\Loket.php(31): view('admin/loket/formadd', [...])
 4 SYSTEMPATH\CodeIgniter.php(898): App\Controllers\Loket->add()
 5 SYSTEMPATH\CodeIgniter.php(468): CodeIgniter\CodeIgniter->runController(Object(App\Controllers\Loket))
 6 SYSTEMPATH\CodeIgniter.php(351): CodeIgniter\CodeIgniter->handleRequest(null, Object(Config\Cache), false)
 7 FCPATH\index.php(55): CodeIgniter\CodeIgniter->run()
 8 SYSTEMPATH\Commands\Server\rewrite.php(43): require_once('FCPATH\\index.php')
CRITICAL - 2022-07-03 00:36:55 --> syntax error, unexpected end of file
in APPPATH\Views\admin\loket\formadd.php on line 29.
 1 SYSTEMPATH\View\View.php(216): CodeIgniter\View\View->CodeIgniter\View\{closure}()
 2 SYSTEMPATH\Common.php(1135): CodeIgniter\View\View->render('admin/loket/formadd', [], true)
 3 APPPATH\Controllers\Loket.php(31): view('admin/loket/formadd', [...])
 4 SYSTEMPATH\CodeIgniter.php(898): App\Controllers\Loket->add()
 5 SYSTEMPATH\CodeIgniter.php(468): CodeIgniter\CodeIgniter->runController(Object(App\Controllers\Loket))
 6 SYSTEMPATH\CodeIgniter.php(351): CodeIgniter\CodeIgniter->handleRequest(null, Object(Config\Cache), false)
 7 FCPATH\index.php(55): CodeIgniter\CodeIgniter->run()
 8 SYSTEMPATH\Commands\Server\rewrite.php(43): require_once('FCPATH\\index.php')
CRITICAL - 2022-07-03 00:36:55 --> syntax error, unexpected end of file
in APPPATH\Views\admin\loket\formadd.php on line 29.
 1 SYSTEMPATH\View\View.php(216): CodeIgniter\View\View->CodeIgniter\View\{closure}()
 2 SYSTEMPATH\Common.php(1135): CodeIgniter\View\View->render('admin/loket/formadd', [], true)
 3 APPPATH\Controllers\Loket.php(31): view('admin/loket/formadd', [...])
 4 SYSTEMPATH\CodeIgniter.php(898): App\Controllers\Loket->add()
 5 SYSTEMPATH\CodeIgniter.php(468): CodeIgniter\CodeIgniter->runController(Object(App\Controllers\Loket))
 6 SYSTEMPATH\CodeIgniter.php(351): CodeIgniter\CodeIgniter->handleRequest(null, Object(Config\Cache), false)
 7 FCPATH\index.php(55): CodeIgniter\CodeIgniter->run()
 8 SYSTEMPATH\Commands\Server\rewrite.php(43): require_once('FCPATH\\index.php')
CRITICAL - 2022-07-03 00:36:56 --> syntax error, unexpected end of file
in APPPATH\Views\admin\loket\formadd.php on line 29.
 1 SYSTEMPATH\View\View.php(216): CodeIgniter\View\View->CodeIgniter\View\{closure}()
 2 SYSTEMPATH\Common.php(1135): CodeIgniter\View\View->render('admin/loket/formadd', [], true)
 3 APPPATH\Controllers\Loket.php(31): view('admin/loket/formadd', [...])
 4 SYSTEMPATH\CodeIgniter.php(898): App\Controllers\Loket->add()
 5 SYSTEMPATH\CodeIgniter.php(468): CodeIgniter\CodeIgniter->runController(Object(App\Controllers\Loket))
 6 SYSTEMPATH\CodeIgniter.php(351): CodeIgniter\CodeIgniter->handleRequest(null, Object(Config\Cache), false)
 7 FCPATH\index.php(55): CodeIgniter\CodeIgniter->run()
 8 SYSTEMPATH\Commands\Server\rewrite.php(43): require_once('FCPATH\\index.php')
CRITICAL - 2022-07-03 00:36:56 --> syntax error, unexpected end of file
in APPPATH\Views\admin\loket\formadd.php on line 29.
 1 SYSTEMPATH\View\View.php(216): CodeIgniter\View\View->CodeIgniter\View\{closure}()
 2 SYSTEMPATH\Common.php(1135): CodeIgniter\View\View->render('admin/loket/formadd', [], true)
 3 APPPATH\Controllers\Loket.php(31): view('admin/loket/formadd', [...])
 4 SYSTEMPATH\CodeIgniter.php(898): App\Controllers\Loket->add()
 5 SYSTEMPATH\CodeIgniter.php(468): CodeIgniter\CodeIgniter->runController(Object(App\Controllers\Loket))
 6 SYSTEMPATH\CodeIgniter.php(351): CodeIgniter\CodeIgniter->handleRequest(null, Object(Config\Cache), false)
 7 FCPATH\index.php(55): CodeIgniter\CodeIgniter->run()
 8 SYSTEMPATH\Commands\Server\rewrite.php(43): require_once('FCPATH\\index.php')
CRITICAL - 2022-07-03 00:36:56 --> syntax error, unexpected end of file
in APPPATH\Views\admin\loket\formadd.php on line 29.
 1 SYSTEMPATH\View\View.php(216): CodeIgniter\View\View->CodeIgniter\View\{closure}()
 2 SYSTEMPATH\Common.php(1135): CodeIgniter\View\View->render('admin/loket/formadd', [], true)
 3 APPPATH\Controllers\Loket.php(31): view('admin/loket/formadd', [...])
 4 SYSTEMPATH\CodeIgniter.php(898): App\Controllers\Loket->add()
 5 SYSTEMPATH\CodeIgniter.php(468): CodeIgniter\CodeIgniter->runController(Object(App\Controllers\Loket))
 6 SYSTEMPATH\CodeIgniter.php(351): CodeIgniter\CodeIgniter->handleRequest(null, Object(Config\Cache), false)
 7 FCPATH\index.php(55): CodeIgniter\CodeIgniter->run()
 8 SYSTEMPATH\Commands\Server\rewrite.php(43): require_once('FCPATH\\index.php')
CRITICAL - 2022-07-03 00:36:56 --> syntax error, unexpected end of file
in APPPATH\Views\admin\loket\formadd.php on line 29.
 1 SYSTEMPATH\View\View.php(216): CodeIgniter\View\View->CodeIgniter\View\{closure}()
 2 SYSTEMPATH\Common.php(1135): CodeIgniter\View\View->render('admin/loket/formadd', [], true)
 3 APPPATH\Controllers\Loket.php(31): view('admin/loket/formadd', [...])
 4 SYSTEMPATH\CodeIgniter.php(898): App\Controllers\Loket->add()
 5 SYSTEMPATH\CodeIgniter.php(468): CodeIgniter\CodeIgniter->runController(Object(App\Controllers\Loket))
 6 SYSTEMPATH\CodeIgniter.php(351): CodeIgniter\CodeIgniter->handleRequest(null, Object(Config\Cache), false)
 7 FCPATH\index.php(55): CodeIgniter\CodeIgniter->run()
 8 SYSTEMPATH\Commands\Server\rewrite.php(43): require_once('FCPATH\\index.php')
CRITICAL - 2022-07-03 00:36:56 --> syntax error, unexpected end of file
in APPPATH\Views\admin\loket\formadd.php on line 29.
 1 SYSTEMPATH\View\View.php(216): CodeIgniter\View\View->CodeIgniter\View\{closure}()
 2 SYSTEMPATH\Common.php(1135): CodeIgniter\View\View->render('admin/loket/formadd', [], true)
 3 APPPATH\Controllers\Loket.php(31): view('admin/loket/formadd', [...])
 4 SYSTEMPATH\CodeIgniter.php(898): App\Controllers\Loket->add()
 5 SYSTEMPATH\CodeIgniter.php(468): CodeIgniter\CodeIgniter->runController(Object(App\Controllers\Loket))
 6 SYSTEMPATH\CodeIgniter.php(351): CodeIgniter\CodeIgniter->handleRequest(null, Object(Config\Cache), false)
 7 FCPATH\index.php(55): CodeIgniter\CodeIgniter->run()
 8 SYSTEMPATH\Commands\Server\rewrite.php(43): require_once('FCPATH\\index.php')
CRITICAL - 2022-07-03 00:36:57 --> syntax error, unexpected end of file
in APPPATH\Views\admin\loket\formadd.php on line 29.
 1 SYSTEMPATH\View\View.php(216): CodeIgniter\View\View->CodeIgniter\View\{closure}()
 2 SYSTEMPATH\Common.php(1135): CodeIgniter\View\View->render('admin/loket/formadd', [], true)
 3 APPPATH\Controllers\Loket.php(31): view('admin/loket/formadd', [...])
 4 SYSTEMPATH\CodeIgniter.php(898): App\Controllers\Loket->add()
 5 SYSTEMPATH\CodeIgniter.php(468): CodeIgniter\CodeIgniter->runController(Object(App\Controllers\Loket))
 6 SYSTEMPATH\CodeIgniter.php(351): CodeIgniter\CodeIgniter->handleRequest(null, Object(Config\Cache), false)
 7 FCPATH\index.php(55): CodeIgniter\CodeIgniter->run()
 8 SYSTEMPATH\Commands\Server\rewrite.php(43): require_once('FCPATH\\index.php')
CRITICAL - 2022-07-03 00:36:57 --> syntax error, unexpected end of file
in APPPATH\Views\admin\loket\formadd.php on line 29.
 1 SYSTEMPATH\View\View.php(216): CodeIgniter\View\View->CodeIgniter\View\{closure}()
 2 SYSTEMPATH\Common.php(1135): CodeIgniter\View\View->render('admin/loket/formadd', [], true)
 3 APPPATH\Controllers\Loket.php(31): view('admin/loket/formadd', [...])
 4 SYSTEMPATH\CodeIgniter.php(898): App\Controllers\Loket->add()
 5 SYSTEMPATH\CodeIgniter.php(468): CodeIgniter\CodeIgniter->runController(Object(App\Controllers\Loket))
 6 SYSTEMPATH\CodeIgniter.php(351): CodeIgniter\CodeIgniter->handleRequest(null, Object(Config\Cache), false)
 7 FCPATH\index.php(55): CodeIgniter\CodeIgniter->run()
 8 SYSTEMPATH\Commands\Server\rewrite.php(43): require_once('FCPATH\\index.php')
CRITICAL - 2022-07-03 00:36:57 --> syntax error, unexpected end of file
in APPPATH\Views\admin\loket\formadd.php on line 29.
 1 SYSTEMPATH\View\View.php(216): CodeIgniter\View\View->CodeIgniter\View\{closure}()
 2 SYSTEMPATH\Common.php(1135): CodeIgniter\View\View->render('admin/loket/formadd', [], true)
 3 APPPATH\Controllers\Loket.php(31): view('admin/loket/formadd', [...])
 4 SYSTEMPATH\CodeIgniter.php(898): App\Controllers\Loket->add()
 5 SYSTEMPATH\CodeIgniter.php(468): CodeIgniter\CodeIgniter->runController(Object(App\Controllers\Loket))
 6 SYSTEMPATH\CodeIgniter.php(351): CodeIgniter\CodeIgniter->handleRequest(null, Object(Config\Cache), false)
 7 FCPATH\index.php(55): CodeIgniter\CodeIgniter->run()
 8 SYSTEMPATH\Commands\Server\rewrite.php(43): require_once('FCPATH\\index.php')
CRITICAL - 2022-07-03 00:37:00 --> syntax error, unexpected end of file
in APPPATH\Views\admin\loket\formadd.php on line 29.
 1 SYSTEMPATH\View\View.php(216): CodeIgniter\View\View->CodeIgniter\View\{closure}()
 2 SYSTEMPATH\Common.php(1135): CodeIgniter\View\View->render('admin/loket/formadd', [], true)
 3 APPPATH\Controllers\Loket.php(31): view('admin/loket/formadd', [...])
 4 SYSTEMPATH\CodeIgniter.php(898): App\Controllers\Loket->add()
 5 SYSTEMPATH\CodeIgniter.php(468): CodeIgniter\CodeIgniter->runController(Object(App\Controllers\Loket))
 6 SYSTEMPATH\CodeIgniter.php(351): CodeIgniter\CodeIgniter->handleRequest(null, Object(Config\Cache), false)
 7 FCPATH\index.php(55): CodeIgniter\CodeIgniter->run()
 8 SYSTEMPATH\Commands\Server\rewrite.php(43): require_once('FCPATH\\index.php')
CRITICAL - 2022-07-03 00:39:19 --> syntax error, unexpected end of file
in APPPATH\Views\admin\loket\formadd.php on line 31.
 1 SYSTEMPATH\View\View.php(216): CodeIgniter\View\View->CodeIgniter\View\{closure}()
 2 SYSTEMPATH\Common.php(1135): CodeIgniter\View\View->render('admin/loket/formadd', [], true)
 3 APPPATH\Controllers\Loket.php(31): view('admin/loket/formadd', [...])
 4 SYSTEMPATH\CodeIgniter.php(898): App\Controllers\Loket->add()
 5 SYSTEMPATH\CodeIgniter.php(468): CodeIgniter\CodeIgniter->runController(Object(App\Controllers\Loket))
 6 SYSTEMPATH\CodeIgniter.php(351): CodeIgniter\CodeIgniter->handleRequest(null, Object(Config\Cache), false)
 7 FCPATH\index.php(55): CodeIgniter\CodeIgniter->run()
 8 SYSTEMPATH\Commands\Server\rewrite.php(43): require_once('FCPATH\\index.php')
CRITICAL - 2022-07-03 00:40:49 --> Undefined variable $title
in APPPATH\Views\template\admin_header.php on line 6.
 1 APPPATH\Views\template\admin_header.php(6): CodeIgniter\Debug\Exceptions->errorHandler(2, 'Undefined variable $title', 'APPPATH\\Views\\template\\admin_header.php', 6)
 2 SYSTEMPATH\View\View.php(213): include('APPPATH\\Views\\template\\admin_header.php')
 3 SYSTEMPATH\View\View.php(216): CodeIgniter\View\View->CodeIgniter\View\{closure}()
 4 SYSTEMPATH\View\View.php(429): CodeIgniter\View\View->render('template/admin_header', null, true)
 5 APPPATH\Views\admin\loket\formadd.php(1): CodeIgniter\View\View->include('template/admin_header')
 6 SYSTEMPATH\View\View.php(213): include('APPPATH\\Views\\admin\\loket\\formadd.php')
 7 SYSTEMPATH\View\View.php(216): CodeIgniter\View\View->CodeIgniter\View\{closure}()
 8 SYSTEMPATH\Common.php(1135): CodeIgniter\View\View->render('admin/loket/formadd', [], true)
 9 APPPATH\Controllers\Loket.php(31): view('admin/loket/formadd', [...])
10 SYSTEMPATH\CodeIgniter.php(898): App\Controllers\Loket->add()
11 SYSTEMPATH\CodeIgniter.php(468): CodeIgniter\CodeIgniter->runController(Object(App\Controllers\Loket))
12 SYSTEMPATH\CodeIgniter.php(351): CodeIgniter\CodeIgniter->handleRequest(null, Object(Config\Cache), false)
13 FCPATH\index.php(55): CodeIgniter\CodeIgniter->run()
14 SYSTEMPATH\Commands\Server\rewrite.php(43): require_once('FCPATH\\index.php')
CRITICAL - 2022-07-03 00:42:04 --> Undefined variable $title
in APPPATH\Views\template\admin_header.php on line 6.
 1 APPPATH\Views\template\admin_header.php(6): CodeIgniter\Debug\Exceptions->errorHandler(2, 'Undefined variable $title', 'APPPATH\\Views\\template\\admin_header.php', 6)
 2 SYSTEMPATH\View\View.php(213): include('APPPATH\\Views\\template\\admin_header.php')
 3 SYSTEMPATH\View\View.php(216): CodeIgniter\View\View->CodeIgniter\View\{closure}()
 4 SYSTEMPATH\View\View.php(429): CodeIgniter\View\View->render('template/admin_header', null, true)
 5 APPPATH\Views\admin\loket\formadd.php(1): CodeIgniter\View\View->include('template/admin_header')
 6 SYSTEMPATH\View\View.php(213): include('APPPATH\\Views\\admin\\loket\\formadd.php')
 7 SYSTEMPATH\View\View.php(216): CodeIgniter\View\View->CodeIgniter\View\{closure}()
 8 SYSTEMPATH\Common.php(1135): CodeIgniter\View\View->render('admin/loket/formadd', [], true)
 9 APPPATH\Controllers\Loket.php(32): view('admin/loket/formadd', [...])
10 SYSTEMPATH\CodeIgniter.php(898): App\Controllers\Loket->add()
11 SYSTEMPATH\CodeIgniter.php(468): CodeIgniter\CodeIgniter->runController(Object(App\Controllers\Loket))
12 SYSTEMPATH\CodeIgniter.php(351): CodeIgniter\CodeIgniter->handleRequest(null, Object(Config\Cache), false)
13 FCPATH\index.php(55): CodeIgniter\CodeIgniter->run()
14 SYSTEMPATH\Commands\Server\rewrite.php(43): require_once('FCPATH\\index.php')
CRITICAL - 2022-07-03 00:42:20 --> Undefined variable $row
in APPPATH\Views\admin\loket\formadd.php on line 6.
 1 APPPATH\Views\admin\loket\formadd.php(6): CodeIgniter\Debug\Exceptions->errorHandler(2, 'Undefined variable $row', 'APPPATH\\Views\\admin\\loket\\formadd.php', 6)
 2 SYSTEMPATH\View\View.php(213): include('APPPATH\\Views\\admin\\loket\\formadd.php')
 3 SYSTEMPATH\View\View.php(216): CodeIgniter\View\View->CodeIgniter\View\{closure}()
 4 SYSTEMPATH\Common.php(1135): CodeIgniter\View\View->render('admin/loket/formadd', [], true)
 5 APPPATH\Controllers\Loket.php(32): view('admin/loket/formadd', [...])
 6 SYSTEMPATH\CodeIgniter.php(898): App\Controllers\Loket->add()
 7 SYSTEMPATH\CodeIgniter.php(468): CodeIgniter\CodeIgniter->runController(Object(App\Controllers\Loket))
 8 SYSTEMPATH\CodeIgniter.php(351): CodeIgniter\CodeIgniter->handleRequest(null, Object(Config\Cache), false)
 9 FCPATH\index.php(55): CodeIgniter\CodeIgniter->run()
10 SYSTEMPATH\Commands\Server\rewrite.php(43): require_once('FCPATH\\index.php')
CRITICAL - 2022-07-03 00:43:12 --> Undefined variable $row
in APPPATH\Views\admin\loket\formadd.php on line 6.
 1 APPPATH\Views\admin\loket\formadd.php(6): CodeIgniter\Debug\Exceptions->errorHandler(2, 'Undefined variable $row', 'APPPATH\\Views\\admin\\loket\\formadd.php', 6)
 2 SYSTEMPATH\View\View.php(213): include('APPPATH\\Views\\admin\\loket\\formadd.php')
 3 SYSTEMPATH\View\View.php(216): CodeIgniter\View\View->CodeIgniter\View\{closure}()
 4 SYSTEMPATH\Common.php(1135): CodeIgniter\View\View->render('admin/loket/formadd', [], true)
 5 APPPATH\Controllers\Loket.php(32): view('admin/loket/formadd', [...])
 6 SYSTEMPATH\CodeIgniter.php(898): App\Controllers\Loket->add()
 7 SYSTEMPATH\CodeIgniter.php(468): CodeIgniter\CodeIgniter->runController(Object(App\Controllers\Loket))
 8 SYSTEMPATH\CodeIgniter.php(351): CodeIgniter\CodeIgniter->handleRequest(null, Object(Config\Cache), false)
 9 FCPATH\index.php(55): CodeIgniter\CodeIgniter->run()
10 SYSTEMPATH\Commands\Server\rewrite.php(43): require_once('FCPATH\\index.php')
CRITICAL - 2022-07-03 00:44:05 --> Undefined variable $row
in APPPATH\Views\admin\loket\formadd.php on line 6.
 1 APPPATH\Views\admin\loket\formadd.php(6): CodeIgniter\Debug\Exceptions->errorHandler(2, 'Undefined variable $row', 'APPPATH\\Views\\admin\\loket\\formadd.php', 6)
 2 SYSTEMPATH\View\View.php(213): include('APPPATH\\Views\\admin\\loket\\formadd.php')
 3 SYSTEMPATH\View\View.php(216): CodeIgniter\View\View->CodeIgniter\View\{closure}()
 4 SYSTEMPATH\Common.php(1135): CodeIgniter\View\View->render('admin/loket/formadd', [], true)
 5 APPPATH\Controllers\Loket.php(32): view('admin/loket/formadd', [...])
 6 SYSTEMPATH\CodeIgniter.php(898): App\Controllers\Loket->add()
 7 SYSTEMPATH\CodeIgniter.php(468): CodeIgniter\CodeIgniter->runController(Object(App\Controllers\Loket))
 8 SYSTEMPATH\CodeIgniter.php(351): CodeIgniter\CodeIgniter->handleRequest(null, Object(Config\Cache), false)
 9 FCPATH\index.php(55): CodeIgniter\CodeIgniter->run()
10 SYSTEMPATH\Commands\Server\rewrite.php(43): require_once('FCPATH\\index.php')
CRITICAL - 2022-07-03 00:45:30 --> Attempt to read property "pelayanan_id" on array
in APPPATH\Views\admin\loket\formadd.php on line 20.
 1 APPPATH\Views\admin\loket\formadd.php(20): CodeIgniter\Debug\Exceptions->errorHandler(2, 'Attempt to read property "pelayanan_id" on array', 'APPPATH\\Views\\admin\\loket\\formadd.php', 20)
 2 SYSTEMPATH\View\View.php(213): include('APPPATH\\Views\\admin\\loket\\formadd.php')
 3 SYSTEMPATH\View\View.php(216): CodeIgniter\View\View->CodeIgniter\View\{closure}()
 4 SYSTEMPATH\Common.php(1135): CodeIgniter\View\View->render('admin/loket/formadd', [], true)
 5 APPPATH\Controllers\Loket.php(32): view('admin/loket/formadd', [...])
 6 SYSTEMPATH\CodeIgniter.php(898): App\Controllers\Loket->add()
 7 SYSTEMPATH\CodeIgniter.php(468): CodeIgniter\CodeIgniter->runController(Object(App\Controllers\Loket))
 8 SYSTEMPATH\CodeIgniter.php(351): CodeIgniter\CodeIgniter->handleRequest(null, Object(Config\Cache), false)
 9 FCPATH\index.php(55): CodeIgniter\CodeIgniter->run()
10 SYSTEMPATH\Commands\Server\rewrite.php(43): require_once('FCPATH\\index.php')
CRITICAL - 2022-07-03 01:11:17 --> Call to undefined method App\Models\PelayananModel::getAll
in SYSTEMPATH\Model.php on line 773.
 1 APPPATH\Controllers\Loket.php(32): CodeIgniter\Model->__call('getAll', [])
 2 SYSTEMPATH\CodeIgniter.php(898): App\Controllers\Loket->add()
 3 SYSTEMPATH\CodeIgniter.php(468): CodeIgniter\CodeIgniter->runController(Object(App\Controllers\Loket))
 4 SYSTEMPATH\CodeIgniter.php(351): CodeIgniter\CodeIgniter->handleRequest(null, Object(Config\Cache), false)
 5 FCPATH\index.php(55): CodeIgniter\CodeIgniter->run()
 6 SYSTEMPATH\Commands\Server\rewrite.php(43): require_once('FCPATH\\index.php')
CRITICAL - 2022-07-03 01:11:57 --> Undefined variable $pelayanan
in APPPATH\Views\admin\loket\formadd.php on line 12.
 1 APPPATH\Views\admin\loket\formadd.php(12): CodeIgniter\Debug\Exceptions->errorHandler(2, 'Undefined variable $pelayanan', 'APPPATH\\Views\\admin\\loket\\formadd.php', 12)
 2 SYSTEMPATH\View\View.php(213): include('APPPATH\\Views\\admin\\loket\\formadd.php')
 3 SYSTEMPATH\View\View.php(216): CodeIgniter\View\View->CodeIgniter\View\{closure}()
 4 SYSTEMPATH\Common.php(1135): CodeIgniter\View\View->render('admin/loket/formadd', [], true)
 5 APPPATH\Controllers\Loket.php(32): view('admin/loket/formadd', [...])
 6 SYSTEMPATH\CodeIgniter.php(898): App\Controllers\Loket->add()
 7 SYSTEMPATH\CodeIgniter.php(468): CodeIgniter\CodeIgniter->runController(Object(App\Controllers\Loket))
 8 SYSTEMPATH\CodeIgniter.php(351): CodeIgniter\CodeIgniter->handleRequest(null, Object(Config\Cache), false)
 9 FCPATH\index.php(55): CodeIgniter\CodeIgniter->run()
10 SYSTEMPATH\Commands\Server\rewrite.php(43): require_once('FCPATH\\index.php')
CRITICAL - 2022-07-03 01:11:59 --> Undefined variable $pelayanan
in APPPATH\Views\admin\loket\formadd.php on line 12.
 1 APPPATH\Views\admin\loket\formadd.php(12): CodeIgniter\Debug\Exceptions->errorHandler(2, 'Undefined variable $pelayanan', 'APPPATH\\Views\\admin\\loket\\formadd.php', 12)
 2 SYSTEMPATH\View\View.php(213): include('APPPATH\\Views\\admin\\loket\\formadd.php')
 3 SYSTEMPATH\View\View.php(216): CodeIgniter\View\View->CodeIgniter\View\{closure}()
 4 SYSTEMPATH\Common.php(1135): CodeIgniter\View\View->render('admin/loket/formadd', [], true)
 5 APPPATH\Controllers\Loket.php(32): view('admin/loket/formadd', [...])
 6 SYSTEMPATH\CodeIgniter.php(898): App\Controllers\Loket->add()
 7 SYSTEMPATH\CodeIgniter.php(468): CodeIgniter\CodeIgniter->runController(Object(App\Controllers\Loket))
 8 SYSTEMPATH\CodeIgniter.php(351): CodeIgniter\CodeIgniter->handleRequest(null, Object(Config\Cache), false)
 9 FCPATH\index.php(55): CodeIgniter\CodeIgniter->run()
10 SYSTEMPATH\Commands\Server\rewrite.php(43): require_once('FCPATH\\index.php')
CRITICAL - 2022-07-03 01:14:59 --> Undefined variable $pelayanan
in APPPATH\Views\admin\loket\formadd.php on line 12.
 1 APPPATH\Views\admin\loket\formadd.php(12): CodeIgniter\Debug\Exceptions->errorHandler(2, 'Undefined variable $pelayanan', 'APPPATH\\Views\\admin\\loket\\formadd.php', 12)
 2 SYSTEMPATH\View\View.php(213): include('APPPATH\\Views\\admin\\loket\\formadd.php')
 3 SYSTEMPATH\View\View.php(216): CodeIgniter\View\View->CodeIgniter\View\{closure}()
 4 SYSTEMPATH\Common.php(1135): CodeIgniter\View\View->render('admin/loket/formadd', [], true)
 5 APPPATH\Controllers\Loket.php(35): view('admin/loket/formadd', [...])
 6 SYSTEMPATH\CodeIgniter.php(898): App\Controllers\Loket->add()
 7 SYSTEMPATH\CodeIgniter.php(468): CodeIgniter\CodeIgniter->runController(Object(App\Controllers\Loket))
 8 SYSTEMPATH\CodeIgniter.php(351): CodeIgniter\CodeIgniter->handleRequest(null, Object(Config\Cache), false)
 9 FCPATH\index.php(55): CodeIgniter\CodeIgniter->run()
10 SYSTEMPATH\Commands\Server\rewrite.php(43): require_once('FCPATH\\index.php')
CRITICAL - 2022-07-03 01:19:42 --> Undefined array key "pelayanan.pelayanan_id"
in APPPATH\Views\admin\loket\formadd.php on line 13.
 1 APPPATH\Views\admin\loket\formadd.php(13): CodeIgniter\Debug\Exceptions->errorHandler(2, 'Undefined array key "pelayanan.pelayanan_id"', 'APPPATH\\Views\\admin\\loket\\formadd.php', 13)
 2 SYSTEMPATH\View\View.php(213): include('APPPATH\\Views\\admin\\loket\\formadd.php')
 3 SYSTEMPATH\View\View.php(216): CodeIgniter\View\View->CodeIgniter\View\{closure}()
 4 SYSTEMPATH\Common.php(1135): CodeIgniter\View\View->render('admin/loket/formadd', [], true)
 5 APPPATH\Controllers\Loket.php(33): view('admin/loket/formadd', [...])
 6 SYSTEMPATH\CodeIgniter.php(898): App\Controllers\Loket->add()
 7 SYSTEMPATH\CodeIgniter.php(468): CodeIgniter\CodeIgniter->runController(Object(App\Controllers\Loket))
 8 SYSTEMPATH\CodeIgniter.php(351): CodeIgniter\CodeIgniter->handleRequest(null, Object(Config\Cache), false)
 9 FCPATH\index.php(55): CodeIgniter\CodeIgniter->run()
10 SYSTEMPATH\Commands\Server\rewrite.php(43): require_once('FCPATH\\index.php')
CRITICAL - 2022-07-03 01:28:56 --> Undefined variable $pelayanan
in APPPATH\Views\admin\loket\formadd.php on line 12.
 1 APPPATH\Views\admin\loket\formadd.php(12): CodeIgniter\Debug\Exceptions->errorHandler(2, 'Undefined variable $pelayanan', 'APPPATH\\Views\\admin\\loket\\formadd.php', 12)
 2 SYSTEMPATH\View\View.php(213): include('APPPATH\\Views\\admin\\loket\\formadd.php')
 3 SYSTEMPATH\View\View.php(216): CodeIgniter\View\View->CodeIgniter\View\{closure}()
 4 SYSTEMPATH\Common.php(1135): CodeIgniter\View\View->render('admin/loket/formadd', [], true)
 5 APPPATH\Controllers\Loket.php(35): view('admin/loket/formadd', [...])
 6 SYSTEMPATH\CodeIgniter.php(898): App\Controllers\Loket->add()
 7 SYSTEMPATH\CodeIgniter.php(468): CodeIgniter\CodeIgniter->runController(Object(App\Controllers\Loket))
 8 SYSTEMPATH\CodeIgniter.php(351): CodeIgniter\CodeIgniter->handleRequest(null, Object(Config\Cache), false)
 9 FCPATH\index.php(55): CodeIgniter\CodeIgniter->run()
10 SYSTEMPATH\Commands\Server\rewrite.php(43): require_once('FCPATH\\index.php')
CRITICAL - 2022-07-03 01:30:48 --> Undefined variable $title
in APPPATH\Views\template\admin_header.php on line 6.
 1 APPPATH\Views\template\admin_header.php(6): CodeIgniter\Debug\Exceptions->errorHandler(2, 'Undefined variable $title', 'APPPATH\\Views\\template\\admin_header.php', 6)
 2 SYSTEMPATH\View\View.php(213): include('APPPATH\\Views\\template\\admin_header.php')
 3 SYSTEMPATH\View\View.php(216): CodeIgniter\View\View->CodeIgniter\View\{closure}()
 4 SYSTEMPATH\View\View.php(429): CodeIgniter\View\View->render('template/admin_header', null, true)
 5 APPPATH\Views\admin\loket\formadd.php(1): CodeIgniter\View\View->include('template/admin_header')
 6 SYSTEMPATH\View\View.php(213): include('APPPATH\\Views\\admin\\loket\\formadd.php')
 7 SYSTEMPATH\View\View.php(216): CodeIgniter\View\View->CodeIgniter\View\{closure}()
 8 SYSTEMPATH\Common.php(1135): CodeIgniter\View\View->render('admin/loket/formadd', [], true)
 9 APPPATH\Controllers\Loket.php(35): view('admin/loket/formadd', [...])
10 SYSTEMPATH\CodeIgniter.php(898): App\Controllers\Loket->add()
11 SYSTEMPATH\CodeIgniter.php(468): CodeIgniter\CodeIgniter->runController(Object(App\Controllers\Loket))
12 SYSTEMPATH\CodeIgniter.php(351): CodeIgniter\CodeIgniter->handleRequest(null, Object(Config\Cache), false)
13 FCPATH\index.php(55): CodeIgniter\CodeIgniter->run()
14 SYSTEMPATH\Commands\Server\rewrite.php(43): require_once('FCPATH\\index.php')
CRITICAL - 2022-07-03 01:31:11 --> Undefined variable $pelayanan
in APPPATH\Views\admin\loket\formadd.php on line 12.
 1 APPPATH\Views\admin\loket\formadd.php(12): CodeIgniter\Debug\Exceptions->errorHandler(2, 'Undefined variable $pelayanan', 'APPPATH\\Views\\admin\\loket\\formadd.php', 12)
 2 SYSTEMPATH\View\View.php(213): include('APPPATH\\Views\\admin\\loket\\formadd.php')
 3 SYSTEMPATH\View\View.php(216): CodeIgniter\View\View->CodeIgniter\View\{closure}()
 4 SYSTEMPATH\Common.php(1135): CodeIgniter\View\View->render('admin/loket/formadd', [], true)
 5 APPPATH\Controllers\Loket.php(35): view('admin/loket/formadd', [...])
 6 SYSTEMPATH\CodeIgniter.php(898): App\Controllers\Loket->add()
 7 SYSTEMPATH\CodeIgniter.php(468): CodeIgniter\CodeIgniter->runController(Object(App\Controllers\Loket))
 8 SYSTEMPATH\CodeIgniter.php(351): CodeIgniter\CodeIgniter->handleRequest(null, Object(Config\Cache), false)
 9 FCPATH\index.php(55): CodeIgniter\CodeIgniter->run()
10 SYSTEMPATH\Commands\Server\rewrite.php(43): require_once('FCPATH\\index.php')
CRITICAL - 2022-07-03 01:54:32 --> Undefined variable $pelayanan
in APPPATH\Views\admin\loket\formedit.php on line 11.
 1 APPPATH\Views\admin\loket\formedit.php(11): CodeIgniter\Debug\Exceptions->errorHandler(2, 'Undefined variable $pelayanan', 'APPPATH\\Views\\admin\\loket\\formedit.php', 11)
 2 SYSTEMPATH\View\View.php(213): include('APPPATH\\Views\\admin\\loket\\formedit.php')
 3 SYSTEMPATH\View\View.php(216): CodeIgniter\View\View->CodeIgniter\View\{closure}()
 4 SYSTEMPATH\Common.php(1135): CodeIgniter\View\View->render('admin/loket/formedit', [], true)
 5 APPPATH\Controllers\Loket.php(70): view('admin/loket/formedit', [...])
 6 SYSTEMPATH\CodeIgniter.php(898): App\Controllers\Loket->edit('1')
 7 SYSTEMPATH\CodeIgniter.php(468): CodeIgniter\CodeIgniter->runController(Object(App\Controllers\Loket))
 8 SYSTEMPATH\CodeIgniter.php(351): CodeIgniter\CodeIgniter->handleRequest(null, Object(Config\Cache), false)
 9 FCPATH\index.php(55): CodeIgniter\CodeIgniter->run()
10 SYSTEMPATH\Commands\Server\rewrite.php(43): require_once('FCPATH\\index.php')
CRITICAL - 2022-07-03 01:54:50 --> compact(): Undefined variable $pelayanan 
in APPPATH\Controllers\Loket.php on line 70.
 1 [internal function]: CodeIgniter\Debug\Exceptions->errorHandler(2, 'compact(): Undefined variable $pelayanan ', 'APPPATH\\Controllers\\Loket.php', 70)
 2 APPPATH\Controllers\Loket.php(70): compact('title', 'data', 'pelayanan ')
 3 SYSTEMPATH\CodeIgniter.php(898): App\Controllers\Loket->edit('1')
 4 SYSTEMPATH\CodeIgniter.php(468): CodeIgniter\CodeIgniter->runController(Object(App\Controllers\Loket))
 5 SYSTEMPATH\CodeIgniter.php(351): CodeIgniter\CodeIgniter->handleRequest(null, Object(Config\Cache), false)
 6 FCPATH\index.php(55): CodeIgniter\CodeIgniter->run()
 7 SYSTEMPATH\Commands\Server\rewrite.php(43): require_once('FCPATH\\index.php')
CRITICAL - 2022-07-03 01:57:11 --> Invalid file: admin/antrian/formadd.php
in SYSTEMPATH\Exceptions\FrameworkException.php on line 33.
 1 SYSTEMPATH\View\View.php(201): CodeIgniter\Exceptions\FrameworkException::forInvalidFile('admin/antrian/formadd.php')
 2 SYSTEMPATH\Common.php(1135): CodeIgniter\View\View->render('admin/antrian/formadd', [], true)
 3 APPPATH\Controllers\Antrian.php(34): view('admin/antrian/formadd', [...])
 4 SYSTEMPATH\CodeIgniter.php(898): App\Controllers\Antrian->add()
 5 SYSTEMPATH\CodeIgniter.php(468): CodeIgniter\CodeIgniter->runController(Object(App\Controllers\Antrian))
 6 SYSTEMPATH\CodeIgniter.php(351): CodeIgniter\CodeIgniter->handleRequest(null, Object(Config\Cache), false)
 7 FCPATH\index.php(55): CodeIgniter\CodeIgniter->run()
 8 SYSTEMPATH\Commands\Server\rewrite.php(43): require_once('FCPATH\\index.php')
