CRITICAL - 2022-07-01 09:26:51 --> Undefined variable $pelayanan
in APPPATH\Views\admin\loket\formadd.php on line 7.
 1 APPPATH\Views\admin\loket\formadd.php(7): CodeIgniter\Debug\Exceptions->errorHandler(2, 'Undefined variable $pelayanan', 'APPPATH\\Views\\admin\\loket\\formadd.php', 7)
 2 SYSTEMPATH\View\View.php(213): include('APPPATH\\Views\\admin\\loket\\formadd.php')
 3 SYSTEMPATH\View\View.php(216): CodeIgniter\View\View->CodeIgniter\View\{closure}()
 4 SYSTEMPATH\Common.php(1135): CodeIgniter\View\View->render('admin/loket/formadd', [], true)
 5 APPPATH\Controllers\Loket.php(44): view('admin/loket/formadd', [...])
 6 SYSTEMPATH\CodeIgniter.php(898): App\Controllers\Loket->add()
 7 SYSTEMPATH\CodeIgniter.php(468): CodeIgniter\CodeIgniter->runController(Object(App\Controllers\Loket))
 8 SYSTEMPATH\CodeIgniter.php(351): CodeIgniter\CodeIgniter->handleRequest(null, Object(Config\Cache), false)
 9 FCPATH\index.php(55): CodeIgniter\CodeIgniter->run()
10 SYSTEMPATH\Commands\Server\rewrite.php(43): require_once('FCPATH\\index.php')
CRITICAL - 2022-07-01 09:27:34 --> Undefined variable $pelayanan
in APPPATH\Views\admin\loket\formadd.php on line 7.
 1 APPPATH\Views\admin\loket\formadd.php(7): CodeIgniter\Debug\Exceptions->errorHandler(2, 'Undefined variable $pelayanan', 'APPPATH\\Views\\admin\\loket\\formadd.php', 7)
 2 SYSTEMPATH\View\View.php(213): include('APPPATH\\Views\\admin\\loket\\formadd.php')
 3 SYSTEMPATH\View\View.php(216): CodeIgniter\View\View->CodeIgniter\View\{closure}()
 4 SYSTEMPATH\Common.php(1135): CodeIgniter\View\View->render('admin/loket/formadd', [], true)
 5 APPPATH\Controllers\Loket.php(48): view('admin/loket/formadd', [...])
 6 SYSTEMPATH\CodeIgniter.php(898): App\Controllers\Loket->add()
 7 SYSTEMPATH\CodeIgniter.php(468): CodeIgniter\CodeIgniter->runController(Object(App\Controllers\Loket))
 8 SYSTEMPATH\CodeIgniter.php(351): CodeIgniter\CodeIgniter->handleRequest(null, Object(Config\Cache), false)
 9 FCPATH\index.php(55): CodeIgniter\CodeIgniter->run()
10 SYSTEMPATH\Commands\Server\rewrite.php(43): require_once('FCPATH\\index.php')
CRITICAL - 2022-07-01 09:32:42 --> Undefined variable $pelayanan
in APPPATH\Views\admin\loket\formadd.php on line 7.
 1 APPPATH\Views\admin\loket\formadd.php(7): CodeIgniter\Debug\Exceptions->errorHandler(2, 'Undefined variable $pelayanan', 'APPPATH\\Views\\admin\\loket\\formadd.php', 7)
 2 SYSTEMPATH\View\View.php(213): include('APPPATH\\Views\\admin\\loket\\formadd.php')
 3 SYSTEMPATH\View\View.php(216): CodeIgniter\View\View->CodeIgniter\View\{closure}()
 4 SYSTEMPATH\Common.php(1135): CodeIgniter\View\View->render('admin/loket/formadd', [], true)
 5 APPPATH\Controllers\Loket.php(48): view('admin/loket/formadd', [...])
 6 SYSTEMPATH\CodeIgniter.php(898): App\Controllers\Loket->add()
 7 SYSTEMPATH\CodeIgniter.php(468): CodeIgniter\CodeIgniter->runController(Object(App\Controllers\Loket))
 8 SYSTEMPATH\CodeIgniter.php(351): CodeIgniter\CodeIgniter->handleRequest(null, Object(Config\Cache), false)
 9 FCPATH\index.php(55): CodeIgniter\CodeIgniter->run()
10 SYSTEMPATH\Commands\Server\rewrite.php(43): require_once('FCPATH\\index.php')
CRITICAL - 2022-07-01 09:46:49 --> syntax error, unexpected end of file
in APPPATH\Views\admin\loket\formadd.php on line 23.
 1 SYSTEMPATH\View\View.php(216): CodeIgniter\View\View->CodeIgniter\View\{closure}()
 2 SYSTEMPATH\Common.php(1135): CodeIgniter\View\View->render('admin/loket/formadd', [], true)
 3 APPPATH\Controllers\Loket.php(48): view('admin/loket/formadd', [...])
 4 SYSTEMPATH\CodeIgniter.php(898): App\Controllers\Loket->add()
 5 SYSTEMPATH\CodeIgniter.php(468): CodeIgniter\CodeIgniter->runController(Object(App\Controllers\Loket))
 6 SYSTEMPATH\CodeIgniter.php(351): CodeIgniter\CodeIgniter->handleRequest(null, Object(Config\Cache), false)
 7 FCPATH\index.php(55): CodeIgniter\CodeIgniter->run()
 8 SYSTEMPATH\Commands\Server\rewrite.php(43): require_once('FCPATH\\index.php')
CRITICAL - 2022-07-01 09:49:44 --> Undefined variable $pelayanan
in APPPATH\Views\admin\loket\formadd.php on line 9.
 1 APPPATH\Views\admin\loket\formadd.php(9): CodeIgniter\Debug\Exceptions->errorHandler(2, 'Undefined variable $pelayanan', 'APPPATH\\Views\\admin\\loket\\formadd.php', 9)
 2 SYSTEMPATH\View\View.php(213): include('APPPATH\\Views\\admin\\loket\\formadd.php')
 3 SYSTEMPATH\View\View.php(216): CodeIgniter\View\View->CodeIgniter\View\{closure}()
 4 SYSTEMPATH\Common.php(1135): CodeIgniter\View\View->render('admin/loket/formadd', [], true)
 5 APPPATH\Controllers\Loket.php(48): view('admin/loket/formadd', [...])
 6 SYSTEMPATH\CodeIgniter.php(898): App\Controllers\Loket->add()
 7 SYSTEMPATH\CodeIgniter.php(468): CodeIgniter\CodeIgniter->runController(Object(App\Controllers\Loket))
 8 SYSTEMPATH\CodeIgniter.php(351): CodeIgniter\CodeIgniter->handleRequest(null, Object(Config\Cache), false)
 9 FCPATH\index.php(55): CodeIgniter\CodeIgniter->run()
10 SYSTEMPATH\Commands\Server\rewrite.php(43): require_once('FCPATH\\index.php')
CRITICAL - 2022-07-01 09:50:39 --> Undefined variable $pelayanan
in APPPATH\Views\admin\loket\formadd.php on line 9.
 1 APPPATH\Views\admin\loket\formadd.php(9): CodeIgniter\Debug\Exceptions->errorHandler(2, 'Undefined variable $pelayanan', 'APPPATH\\Views\\admin\\loket\\formadd.php', 9)
 2 SYSTEMPATH\View\View.php(213): include('APPPATH\\Views\\admin\\loket\\formadd.php')
 3 SYSTEMPATH\View\View.php(216): CodeIgniter\View\View->CodeIgniter\View\{closure}()
 4 SYSTEMPATH\Common.php(1135): CodeIgniter\View\View->render('admin/loket/formadd', [], true)
 5 APPPATH\Controllers\Loket.php(50): view('admin/loket/formadd', [...])
 6 SYSTEMPATH\CodeIgniter.php(898): App\Controllers\Loket->add()
 7 SYSTEMPATH\CodeIgniter.php(468): CodeIgniter\CodeIgniter->runController(Object(App\Controllers\Loket))
 8 SYSTEMPATH\CodeIgniter.php(351): CodeIgniter\CodeIgniter->handleRequest(null, Object(Config\Cache), false)
 9 FCPATH\index.php(55): CodeIgniter\CodeIgniter->run()
10 SYSTEMPATH\Commands\Server\rewrite.php(43): require_once('FCPATH\\index.php')
CRITICAL - 2022-07-01 09:51:36 --> Undefined variable $pelayanan
in APPPATH\Views\admin\loket\formadd.php on line 9.
 1 APPPATH\Views\admin\loket\formadd.php(9): CodeIgniter\Debug\Exceptions->errorHandler(2, 'Undefined variable $pelayanan', 'APPPATH\\Views\\admin\\loket\\formadd.php', 9)
 2 SYSTEMPATH\View\View.php(213): include('APPPATH\\Views\\admin\\loket\\formadd.php')
 3 SYSTEMPATH\View\View.php(216): CodeIgniter\View\View->CodeIgniter\View\{closure}()
 4 SYSTEMPATH\Common.php(1135): CodeIgniter\View\View->render('admin/loket/formadd', [], true)
 5 APPPATH\Controllers\Loket.php(50): view('admin/loket/formadd', [...])
 6 SYSTEMPATH\CodeIgniter.php(898): App\Controllers\Loket->add()
 7 SYSTEMPATH\CodeIgniter.php(468): CodeIgniter\CodeIgniter->runController(Object(App\Controllers\Loket))
 8 SYSTEMPATH\CodeIgniter.php(351): CodeIgniter\CodeIgniter->handleRequest(null, Object(Config\Cache), false)
 9 FCPATH\index.php(55): CodeIgniter\CodeIgniter->run()
10 SYSTEMPATH\Commands\Server\rewrite.php(43): require_once('FCPATH\\index.php')
CRITICAL - 2022-07-01 10:00:42 --> Undefined variable $pelayanan
in APPPATH\Views\admin\loket\formadd.php on line 11.
 1 APPPATH\Views\admin\loket\formadd.php(11): CodeIgniter\Debug\Exceptions->errorHandler(2, 'Undefined variable $pelayanan', 'APPPATH\\Views\\admin\\loket\\formadd.php', 11)
 2 SYSTEMPATH\View\View.php(213): include('APPPATH\\Views\\admin\\loket\\formadd.php')
 3 SYSTEMPATH\View\View.php(216): CodeIgniter\View\View->CodeIgniter\View\{closure}()
 4 SYSTEMPATH\Common.php(1135): CodeIgniter\View\View->render('admin/loket/formadd', [], true)
 5 APPPATH\Controllers\Loket.php(49): view('admin/loket/formadd', [...])
 6 SYSTEMPATH\CodeIgniter.php(898): App\Controllers\Loket->add()
 7 SYSTEMPATH\CodeIgniter.php(468): CodeIgniter\CodeIgniter->runController(Object(App\Controllers\Loket))
 8 SYSTEMPATH\CodeIgniter.php(351): CodeIgniter\CodeIgniter->handleRequest(null, Object(Config\Cache), false)
 9 FCPATH\index.php(55): CodeIgniter\CodeIgniter->run()
10 SYSTEMPATH\Commands\Server\rewrite.php(43): require_once('FCPATH\\index.php')
CRITICAL - 2022-07-01 10:16:21 --> Undefined variable $pelayanan
in APPPATH\Views\admin\loket\formadd.php on line 11.
 1 APPPATH\Views\admin\loket\formadd.php(11): CodeIgniter\Debug\Exceptions->errorHandler(2, 'Undefined variable $pelayanan', 'APPPATH\\Views\\admin\\loket\\formadd.php', 11)
 2 SYSTEMPATH\View\View.php(213): include('APPPATH\\Views\\admin\\loket\\formadd.php')
 3 SYSTEMPATH\View\View.php(216): CodeIgniter\View\View->CodeIgniter\View\{closure}()
 4 SYSTEMPATH\Common.php(1135): CodeIgniter\View\View->render('admin/loket/formadd', [], true)
 5 APPPATH\Controllers\Loket.php(49): view('admin/loket/formadd', [...])
 6 SYSTEMPATH\CodeIgniter.php(898): App\Controllers\Loket->add()
 7 SYSTEMPATH\CodeIgniter.php(468): CodeIgniter\CodeIgniter->runController(Object(App\Controllers\Loket))
 8 SYSTEMPATH\CodeIgniter.php(351): CodeIgniter\CodeIgniter->handleRequest(null, Object(Config\Cache), false)
 9 FCPATH\index.php(55): CodeIgniter\CodeIgniter->run()
10 SYSTEMPATH\Commands\Server\rewrite.php(43): require_once('FCPATH\\index.php')
CRITICAL - 2022-07-01 10:16:27 --> Undefined variable $pelayanan
in APPPATH\Views\admin\loket\formadd.php on line 11.
 1 APPPATH\Views\admin\loket\formadd.php(11): CodeIgniter\Debug\Exceptions->errorHandler(2, 'Undefined variable $pelayanan', 'APPPATH\\Views\\admin\\loket\\formadd.php', 11)
 2 SYSTEMPATH\View\View.php(213): include('APPPATH\\Views\\admin\\loket\\formadd.php')
 3 SYSTEMPATH\View\View.php(216): CodeIgniter\View\View->CodeIgniter\View\{closure}()
 4 SYSTEMPATH\Common.php(1135): CodeIgniter\View\View->render('admin/loket/formadd', [], true)
 5 APPPATH\Controllers\Loket.php(49): view('admin/loket/formadd', [...])
 6 SYSTEMPATH\CodeIgniter.php(898): App\Controllers\Loket->add()
 7 SYSTEMPATH\CodeIgniter.php(468): CodeIgniter\CodeIgniter->runController(Object(App\Controllers\Loket))
 8 SYSTEMPATH\CodeIgniter.php(351): CodeIgniter\CodeIgniter->handleRequest(null, Object(Config\Cache), false)
 9 FCPATH\index.php(55): CodeIgniter\CodeIgniter->run()
10 SYSTEMPATH\Commands\Server\rewrite.php(43): require_once('FCPATH\\index.php')
CRITICAL - 2022-07-01 10:16:43 --> Undefined variable $pelayanan
in APPPATH\Views\admin\loket\formadd.php on line 11.
 1 APPPATH\Views\admin\loket\formadd.php(11): CodeIgniter\Debug\Exceptions->errorHandler(2, 'Undefined variable $pelayanan', 'APPPATH\\Views\\admin\\loket\\formadd.php', 11)
 2 SYSTEMPATH\View\View.php(213): include('APPPATH\\Views\\admin\\loket\\formadd.php')
 3 SYSTEMPATH\View\View.php(216): CodeIgniter\View\View->CodeIgniter\View\{closure}()
 4 SYSTEMPATH\Common.php(1135): CodeIgniter\View\View->render('admin/loket/formadd', [], true)
 5 APPPATH\Controllers\Loket.php(49): view('admin/loket/formadd', [...])
 6 SYSTEMPATH\CodeIgniter.php(898): App\Controllers\Loket->add()
 7 SYSTEMPATH\CodeIgniter.php(468): CodeIgniter\CodeIgniter->runController(Object(App\Controllers\Loket))
 8 SYSTEMPATH\CodeIgniter.php(351): CodeIgniter\CodeIgniter->handleRequest(null, Object(Config\Cache), false)
 9 FCPATH\index.php(55): CodeIgniter\CodeIgniter->run()
10 SYSTEMPATH\Commands\Server\rewrite.php(43): require_once('FCPATH\\index.php')
CRITICAL - 2022-07-01 10:48:39 --> Undefined variable $pelayanan
in APPPATH\Views\admin\loket\formadd.php on line 12.
 1 APPPATH\Views\admin\loket\formadd.php(12): CodeIgniter\Debug\Exceptions->errorHandler(2, 'Undefined variable $pelayanan', 'APPPATH\\Views\\admin\\loket\\formadd.php', 12)
 2 SYSTEMPATH\View\View.php(213): include('APPPATH\\Views\\admin\\loket\\formadd.php')
 3 SYSTEMPATH\View\View.php(216): CodeIgniter\View\View->CodeIgniter\View\{closure}()
 4 SYSTEMPATH\Common.php(1135): CodeIgniter\View\View->render('admin/loket/formadd', [], true)
 5 APPPATH\Controllers\Loket.php(43): view('admin/loket/formadd', [...])
 6 SYSTEMPATH\CodeIgniter.php(898): App\Controllers\Loket->add()
 7 SYSTEMPATH\CodeIgniter.php(468): CodeIgniter\CodeIgniter->runController(Object(App\Controllers\Loket))
 8 SYSTEMPATH\CodeIgniter.php(351): CodeIgniter\CodeIgniter->handleRequest(null, Object(Config\Cache), false)
 9 FCPATH\index.php(55): CodeIgniter\CodeIgniter->run()
10 SYSTEMPATH\Commands\Server\rewrite.php(43): require_once('FCPATH\\index.php')
CRITICAL - 2022-07-01 10:52:09 --> Undefined variable $pelayanan
in APPPATH\Views\admin\loket\formadd.php on line 12.
 1 APPPATH\Views\admin\loket\formadd.php(12): CodeIgniter\Debug\Exceptions->errorHandler(2, 'Undefined variable $pelayanan', 'APPPATH\\Views\\admin\\loket\\formadd.php', 12)
 2 SYSTEMPATH\View\View.php(213): include('APPPATH\\Views\\admin\\loket\\formadd.php')
 3 SYSTEMPATH\View\View.php(216): CodeIgniter\View\View->CodeIgniter\View\{closure}()
 4 SYSTEMPATH\Common.php(1135): CodeIgniter\View\View->render('admin/loket/formadd', [], true)
 5 APPPATH\Controllers\Loket.php(43): view('admin/loket/formadd', [...])
 6 SYSTEMPATH\CodeIgniter.php(898): App\Controllers\Loket->add()
 7 SYSTEMPATH\CodeIgniter.php(468): CodeIgniter\CodeIgniter->runController(Object(App\Controllers\Loket))
 8 SYSTEMPATH\CodeIgniter.php(351): CodeIgniter\CodeIgniter->handleRequest(null, Object(Config\Cache), false)
 9 FCPATH\index.php(55): CodeIgniter\CodeIgniter->run()
10 SYSTEMPATH\Commands\Server\rewrite.php(43): require_once('FCPATH\\index.php')
CRITICAL - 2022-07-01 10:54:17 --> Undefined variable $pelayanan
in APPPATH\Views\admin\loket\formadd.php on line 12.
 1 APPPATH\Views\admin\loket\formadd.php(12): CodeIgniter\Debug\Exceptions->errorHandler(2, 'Undefined variable $pelayanan', 'APPPATH\\Views\\admin\\loket\\formadd.php', 12)
 2 SYSTEMPATH\View\View.php(213): include('APPPATH\\Views\\admin\\loket\\formadd.php')
 3 SYSTEMPATH\View\View.php(216): CodeIgniter\View\View->CodeIgniter\View\{closure}()
 4 SYSTEMPATH\Common.php(1135): CodeIgniter\View\View->render('admin/loket/formadd', [], true)
 5 APPPATH\Controllers\Loket.php(43): view('admin/loket/formadd', [...])
 6 SYSTEMPATH\CodeIgniter.php(898): App\Controllers\Loket->add()
 7 SYSTEMPATH\CodeIgniter.php(468): CodeIgniter\CodeIgniter->runController(Object(App\Controllers\Loket))
 8 SYSTEMPATH\CodeIgniter.php(351): CodeIgniter\CodeIgniter->handleRequest(null, Object(Config\Cache), false)
 9 FCPATH\index.php(55): CodeIgniter\CodeIgniter->run()
10 SYSTEMPATH\Commands\Server\rewrite.php(43): require_once('FCPATH\\index.php')
CRITICAL - 2022-07-01 10:55:23 --> Undefined variable $pelayanan
in APPPATH\Views\admin\loket\formadd.php on line 12.
 1 APPPATH\Views\admin\loket\formadd.php(12): CodeIgniter\Debug\Exceptions->errorHandler(2, 'Undefined variable $pelayanan', 'APPPATH\\Views\\admin\\loket\\formadd.php', 12)
 2 SYSTEMPATH\View\View.php(213): include('APPPATH\\Views\\admin\\loket\\formadd.php')
 3 SYSTEMPATH\View\View.php(216): CodeIgniter\View\View->CodeIgniter\View\{closure}()
 4 SYSTEMPATH\Common.php(1135): CodeIgniter\View\View->render('admin/loket/formadd', [], true)
 5 APPPATH\Controllers\Loket.php(43): view('admin/loket/formadd', [...])
 6 SYSTEMPATH\CodeIgniter.php(898): App\Controllers\Loket->add()
 7 SYSTEMPATH\CodeIgniter.php(468): CodeIgniter\CodeIgniter->runController(Object(App\Controllers\Loket))
 8 SYSTEMPATH\CodeIgniter.php(351): CodeIgniter\CodeIgniter->handleRequest(null, Object(Config\Cache), false)
 9 FCPATH\index.php(55): CodeIgniter\CodeIgniter->run()
10 SYSTEMPATH\Commands\Server\rewrite.php(43): require_once('FCPATH\\index.php')
CRITICAL - 2022-07-01 10:58:18 --> Undefined variable $pelayanan_id
in APPPATH\Views\admin\loket\formadd.php on line 12.
 1 APPPATH\Views\admin\loket\formadd.php(12): CodeIgniter\Debug\Exceptions->errorHandler(2, 'Undefined variable $pelayanan_id', 'APPPATH\\Views\\admin\\loket\\formadd.php', 12)
 2 SYSTEMPATH\View\View.php(213): include('APPPATH\\Views\\admin\\loket\\formadd.php')
 3 SYSTEMPATH\View\View.php(216): CodeIgniter\View\View->CodeIgniter\View\{closure}()
 4 SYSTEMPATH\Common.php(1135): CodeIgniter\View\View->render('admin/loket/formadd', [], true)
 5 APPPATH\Controllers\Loket.php(43): view('admin/loket/formadd', [...])
 6 SYSTEMPATH\CodeIgniter.php(898): App\Controllers\Loket->add()
 7 SYSTEMPATH\CodeIgniter.php(468): CodeIgniter\CodeIgniter->runController(Object(App\Controllers\Loket))
 8 SYSTEMPATH\CodeIgniter.php(351): CodeIgniter\CodeIgniter->handleRequest(null, Object(Config\Cache), false)
 9 FCPATH\index.php(55): CodeIgniter\CodeIgniter->run()
10 SYSTEMPATH\Commands\Server\rewrite.php(43): require_once('FCPATH\\index.php')
CRITICAL - 2022-07-01 11:03:24 --> Call to undefined method App\Models\LoketModel::insert_loket
in SYSTEMPATH\Model.php on line 773.
 1 APPPATH\Controllers\Loket.php(44): CodeIgniter\Model->__call('insert_loket', [...])
 2 SYSTEMPATH\CodeIgniter.php(898): App\Controllers\Loket->add()
 3 SYSTEMPATH\CodeIgniter.php(468): CodeIgniter\CodeIgniter->runController(Object(App\Controllers\Loket))
 4 SYSTEMPATH\CodeIgniter.php(351): CodeIgniter\CodeIgniter->handleRequest(null, Object(Config\Cache), false)
 5 FCPATH\index.php(55): CodeIgniter\CodeIgniter->run()
 6 SYSTEMPATH\Commands\Server\rewrite.php(43): require_once('FCPATH\\index.php')
CRITICAL - 2022-07-01 11:04:36 --> Call to undefined method App\Models\LoketModel::insert_loket
in SYSTEMPATH\Model.php on line 773.
 1 APPPATH\Controllers\Loket.php(44): CodeIgniter\Model->__call('insert_loket', [...])
 2 SYSTEMPATH\CodeIgniter.php(898): App\Controllers\Loket->add()
 3 SYSTEMPATH\CodeIgniter.php(468): CodeIgniter\CodeIgniter->runController(Object(App\Controllers\Loket))
 4 SYSTEMPATH\CodeIgniter.php(351): CodeIgniter\CodeIgniter->handleRequest(null, Object(Config\Cache), false)
 5 FCPATH\index.php(55): CodeIgniter\CodeIgniter->run()
 6 SYSTEMPATH\Commands\Server\rewrite.php(43): require_once('FCPATH\\index.php')
CRITICAL - 2022-07-01 11:05:12 --> Call to undefined method App\Models\LoketModel::insert_loket
in SYSTEMPATH\Model.php on line 773.
 1 APPPATH\Controllers\Loket.php(44): CodeIgniter\Model->__call('insert_loket', [...])
 2 SYSTEMPATH\CodeIgniter.php(898): App\Controllers\Loket->add()
 3 SYSTEMPATH\CodeIgniter.php(468): CodeIgniter\CodeIgniter->runController(Object(App\Controllers\Loket))
 4 SYSTEMPATH\CodeIgniter.php(351): CodeIgniter\CodeIgniter->handleRequest(null, Object(Config\Cache), false)
 5 FCPATH\index.php(55): CodeIgniter\CodeIgniter->run()
 6 SYSTEMPATH\Commands\Server\rewrite.php(43): require_once('FCPATH\\index.php')
CRITICAL - 2022-07-01 11:11:01 --> Call to undefined method App\Models\LoketModel::insert_loket
in SYSTEMPATH\Model.php on line 773.
 1 APPPATH\Controllers\Loket.php(45): CodeIgniter\Model->__call('insert_loket', [...])
 2 SYSTEMPATH\CodeIgniter.php(898): App\Controllers\Loket->add()
 3 SYSTEMPATH\CodeIgniter.php(468): CodeIgniter\CodeIgniter->runController(Object(App\Controllers\Loket))
 4 SYSTEMPATH\CodeIgniter.php(351): CodeIgniter\CodeIgniter->handleRequest(null, Object(Config\Cache), false)
 5 FCPATH\index.php(55): CodeIgniter\CodeIgniter->run()
 6 SYSTEMPATH\Commands\Server\rewrite.php(43): require_once('FCPATH\\index.php')
CRITICAL - 2022-07-01 11:12:03 --> Call to undefined method App\Models\LoketModel::getLoket
in SYSTEMPATH\Model.php on line 773.
 1 APPPATH\Controllers\Loket.php(23): CodeIgniter\Model->__call('getLoket', [])
 2 SYSTEMPATH\CodeIgniter.php(898): App\Controllers\Loket->index()
 3 SYSTEMPATH\CodeIgniter.php(468): CodeIgniter\CodeIgniter->runController(Object(App\Controllers\Loket))
 4 SYSTEMPATH\CodeIgniter.php(351): CodeIgniter\CodeIgniter->handleRequest(null, Object(Config\Cache), false)
 5 FCPATH\index.php(55): CodeIgniter\CodeIgniter->run()
 6 SYSTEMPATH\Commands\Server\rewrite.php(43): require_once('FCPATH\\index.php')
CRITICAL - 2022-07-01 11:52:15 --> Undefined array key "kode"
in APPPATH\Views\admin\loket\formedit.php on line 7.
 1 APPPATH\Views\admin\loket\formedit.php(7): CodeIgniter\Debug\Exceptions->errorHandler(2, 'Undefined array key "kode"', 'APPPATH\\Views\\admin\\loket\\formedit.php', 7)
 2 SYSTEMPATH\View\View.php(213): include('APPPATH\\Views\\admin\\loket\\formedit.php')
 3 SYSTEMPATH\View\View.php(216): CodeIgniter\View\View->CodeIgniter\View\{closure}()
 4 SYSTEMPATH\Common.php(1135): CodeIgniter\View\View->render('admin/loket/formedit', [], true)
 5 APPPATH\Controllers\Loket.php(58): view('admin/loket/formedit', [...])
 6 SYSTEMPATH\CodeIgniter.php(898): App\Controllers\Loket->edit('1')
 7 SYSTEMPATH\CodeIgniter.php(468): CodeIgniter\CodeIgniter->runController(Object(App\Controllers\Loket))
 8 SYSTEMPATH\CodeIgniter.php(351): CodeIgniter\CodeIgniter->handleRequest(null, Object(Config\Cache), false)
 9 FCPATH\index.php(55): CodeIgniter\CodeIgniter->run()
10 SYSTEMPATH\Commands\Server\rewrite.php(43): require_once('FCPATH\\index.php')
CRITICAL - 2022-07-01 12:13:51 --> include(koneksi.php): Failed to open stream: No such file or directory
in APPPATH\Views\admin\loket\index.php on line 20.
 1 APPPATH\Views\admin\loket\index.php(20): CodeIgniter\Debug\Exceptions->errorHandler(2, 'include(koneksi.php): Failed to open stream: No such file or directory', 'APPPATH\\Views\\admin\\loket\\index.php', 20)
 2 APPPATH\Views\admin\loket\index.php(20): include()
 3 SYSTEMPATH\View\View.php(213): include('APPPATH\\Views\\admin\\loket\\index.php')
 4 SYSTEMPATH\View\View.php(216): CodeIgniter\View\View->CodeIgniter\View\{closure}()
 5 SYSTEMPATH\Common.php(1135): CodeIgniter\View\View->render('admin/loket/index', [], true)
 6 APPPATH\Controllers\Loket.php(14): view('admin/loket/index', [...])
 7 SYSTEMPATH\CodeIgniter.php(898): App\Controllers\Loket->index()
 8 SYSTEMPATH\CodeIgniter.php(468): CodeIgniter\CodeIgniter->runController(Object(App\Controllers\Loket))
 9 SYSTEMPATH\CodeIgniter.php(351): CodeIgniter\CodeIgniter->handleRequest(null, Object(Config\Cache), false)
10 FCPATH\index.php(55): CodeIgniter\CodeIgniter->run()
11 SYSTEMPATH\Commands\Server\rewrite.php(43): require_once('FCPATH\\index.php')
CRITICAL - 2022-07-01 12:13:51 --> include(koneksi.php): Failed to open stream: No such file or directory
in APPPATH\Views\admin\loket\index.php on line 20.
 1 APPPATH\Views\admin\loket\index.php(20): CodeIgniter\Debug\Exceptions->errorHandler(2, 'include(koneksi.php): Failed to open stream: No such file or directory', 'APPPATH\\Views\\admin\\loket\\index.php', 20)
 2 APPPATH\Views\admin\loket\index.php(20): include()
 3 SYSTEMPATH\View\View.php(213): include('APPPATH\\Views\\admin\\loket\\index.php')
 4 SYSTEMPATH\View\View.php(216): CodeIgniter\View\View->CodeIgniter\View\{closure}()
 5 SYSTEMPATH\Common.php(1135): CodeIgniter\View\View->render('admin/loket/index', [], true)
 6 APPPATH\Controllers\Loket.php(14): view('admin/loket/index', [...])
 7 SYSTEMPATH\CodeIgniter.php(898): App\Controllers\Loket->index()
 8 SYSTEMPATH\CodeIgniter.php(468): CodeIgniter\CodeIgniter->runController(Object(App\Controllers\Loket))
 9 SYSTEMPATH\CodeIgniter.php(351): CodeIgniter\CodeIgniter->handleRequest(null, Object(Config\Cache), false)
10 FCPATH\index.php(55): CodeIgniter\CodeIgniter->run()
11 SYSTEMPATH\Commands\Server\rewrite.php(43): require_once('FCPATH\\index.php')
CRITICAL - 2022-07-01 12:15:04 --> include(LoketModel): Failed to open stream: No such file or directory
in APPPATH\Views\admin\loket\index.php on line 20.
 1 APPPATH\Views\admin\loket\index.php(20): CodeIgniter\Debug\Exceptions->errorHandler(2, 'include(LoketModel): Failed to open stream: No such file or directory', 'APPPATH\\Views\\admin\\loket\\index.php', 20)
 2 APPPATH\Views\admin\loket\index.php(20): include()
 3 SYSTEMPATH\View\View.php(213): include('APPPATH\\Views\\admin\\loket\\index.php')
 4 SYSTEMPATH\View\View.php(216): CodeIgniter\View\View->CodeIgniter\View\{closure}()
 5 SYSTEMPATH\Common.php(1135): CodeIgniter\View\View->render('admin/loket/index', [], true)
 6 APPPATH\Controllers\Loket.php(14): view('admin/loket/index', [...])
 7 SYSTEMPATH\CodeIgniter.php(898): App\Controllers\Loket->index()
 8 SYSTEMPATH\CodeIgniter.php(468): CodeIgniter\CodeIgniter->runController(Object(App\Controllers\Loket))
 9 SYSTEMPATH\CodeIgniter.php(351): CodeIgniter\CodeIgniter->handleRequest(null, Object(Config\Cache), false)
10 FCPATH\index.php(55): CodeIgniter\CodeIgniter->run()
11 SYSTEMPATH\Commands\Server\rewrite.php(43): require_once('FCPATH\\index.php')
CRITICAL - 2022-07-01 12:15:25 --> Undefined variable $conn
in APPPATH\Views\admin\loket\index.php on line 21.
 1 APPPATH\Views\admin\loket\index.php(21): CodeIgniter\Debug\Exceptions->errorHandler(2, 'Undefined variable $conn', 'APPPATH\\Views\\admin\\loket\\index.php', 21)
 2 SYSTEMPATH\View\View.php(213): include('APPPATH\\Views\\admin\\loket\\index.php')
 3 SYSTEMPATH\View\View.php(216): CodeIgniter\View\View->CodeIgniter\View\{closure}()
 4 SYSTEMPATH\Common.php(1135): CodeIgniter\View\View->render('admin/loket/index', [], true)
 5 APPPATH\Controllers\Loket.php(14): view('admin/loket/index', [...])
 6 SYSTEMPATH\CodeIgniter.php(898): App\Controllers\Loket->index()
 7 SYSTEMPATH\CodeIgniter.php(468): CodeIgniter\CodeIgniter->runController(Object(App\Controllers\Loket))
 8 SYSTEMPATH\CodeIgniter.php(351): CodeIgniter\CodeIgniter->handleRequest(null, Object(Config\Cache), false)
 9 FCPATH\index.php(55): CodeIgniter\CodeIgniter->run()
10 SYSTEMPATH\Commands\Server\rewrite.php(43): require_once('FCPATH\\index.php')
CRITICAL - 2022-07-01 12:16:30 --> Undefined array key "nama"
in APPPATH\Views\admin\loket\index.php on line 25.
 1 APPPATH\Views\admin\loket\index.php(25): CodeIgniter\Debug\Exceptions->errorHandler(2, 'Undefined array key "nama"', 'APPPATH\\Views\\admin\\loket\\index.php', 25)
 2 SYSTEMPATH\View\View.php(213): include('APPPATH\\Views\\admin\\loket\\index.php')
 3 SYSTEMPATH\View\View.php(216): CodeIgniter\View\View->CodeIgniter\View\{closure}()
 4 SYSTEMPATH\Common.php(1135): CodeIgniter\View\View->render('admin/loket/index', [], true)
 5 APPPATH\Controllers\Loket.php(14): view('admin/loket/index', [...])
 6 SYSTEMPATH\CodeIgniter.php(898): App\Controllers\Loket->index()
 7 SYSTEMPATH\CodeIgniter.php(468): CodeIgniter\CodeIgniter->runController(Object(App\Controllers\Loket))
 8 SYSTEMPATH\CodeIgniter.php(351): CodeIgniter\CodeIgniter->handleRequest(null, Object(Config\Cache), false)
 9 FCPATH\index.php(55): CodeIgniter\CodeIgniter->run()
10 SYSTEMPATH\Commands\Server\rewrite.php(43): require_once('FCPATH\\index.php')
CRITICAL - 2022-07-01 12:28:24 --> Undefined variable $content
in APPPATH\Views\admin\loket\index.php on line 18.
 1 APPPATH\Views\admin\loket\index.php(18): CodeIgniter\Debug\Exceptions->errorHandler(2, 'Undefined variable $content', 'APPPATH\\Views\\admin\\loket\\index.php', 18)
 2 SYSTEMPATH\View\View.php(213): include('APPPATH\\Views\\admin\\loket\\index.php')
 3 SYSTEMPATH\View\View.php(216): CodeIgniter\View\View->CodeIgniter\View\{closure}()
 4 SYSTEMPATH\Common.php(1135): CodeIgniter\View\View->render('admin/loket/index', [], true)
 5 APPPATH\Controllers\Loket.php(25): view('admin/loket/index', [...])
 6 SYSTEMPATH\CodeIgniter.php(898): App\Controllers\Loket->index()
 7 SYSTEMPATH\CodeIgniter.php(468): CodeIgniter\CodeIgniter->runController(Object(App\Controllers\Loket))
 8 SYSTEMPATH\CodeIgniter.php(351): CodeIgniter\CodeIgniter->handleRequest(null, Object(Config\Cache), false)
 9 FCPATH\index.php(55): CodeIgniter\CodeIgniter->run()
10 SYSTEMPATH\Commands\Server\rewrite.php(43): require_once('FCPATH\\index.php')
CRITICAL - 2022-07-01 12:29:53 --> compact(): Undefined variable $loket
in APPPATH\Controllers\Loket.php on line 25.
 1 [internal function]: CodeIgniter\Debug\Exceptions->errorHandler(2, 'compact(): Undefined variable $loket', 'APPPATH\\Controllers\\Loket.php', 25)
 2 APPPATH\Controllers\Loket.php(25): compact('loket', 'title', 'data')
 3 SYSTEMPATH\CodeIgniter.php(898): App\Controllers\Loket->index()
 4 SYSTEMPATH\CodeIgniter.php(468): CodeIgniter\CodeIgniter->runController(Object(App\Controllers\Loket))
 5 SYSTEMPATH\CodeIgniter.php(351): CodeIgniter\CodeIgniter->handleRequest(null, Object(Config\Cache), false)
 6 FCPATH\index.php(55): CodeIgniter\CodeIgniter->run()
 7 SYSTEMPATH\Commands\Server\rewrite.php(43): require_once('FCPATH\\index.php')
CRITICAL - 2022-07-01 12:30:24 --> compact(): Undefined variable $loket
in APPPATH\Controllers\Loket.php on line 26.
 1 [internal function]: CodeIgniter\Debug\Exceptions->errorHandler(2, 'compact(): Undefined variable $loket', 'APPPATH\\Controllers\\Loket.php', 26)
 2 APPPATH\Controllers\Loket.php(26): compact('loket', 'title', 'data')
 3 SYSTEMPATH\CodeIgniter.php(898): App\Controllers\Loket->index()
 4 SYSTEMPATH\CodeIgniter.php(468): CodeIgniter\CodeIgniter->runController(Object(App\Controllers\Loket))
 5 SYSTEMPATH\CodeIgniter.php(351): CodeIgniter\CodeIgniter->handleRequest(null, Object(Config\Cache), false)
 6 FCPATH\index.php(55): CodeIgniter\CodeIgniter->run()
 7 SYSTEMPATH\Commands\Server\rewrite.php(43): require_once('FCPATH\\index.php')
CRITICAL - 2022-07-01 12:30:57 --> Undefined variable $content
in APPPATH\Views\admin\loket\index.php on line 18.
 1 APPPATH\Views\admin\loket\index.php(18): CodeIgniter\Debug\Exceptions->errorHandler(2, 'Undefined variable $content', 'APPPATH\\Views\\admin\\loket\\index.php', 18)
 2 SYSTEMPATH\View\View.php(213): include('APPPATH\\Views\\admin\\loket\\index.php')
 3 SYSTEMPATH\View\View.php(216): CodeIgniter\View\View->CodeIgniter\View\{closure}()
 4 SYSTEMPATH\Common.php(1135): CodeIgniter\View\View->render('admin/loket/index', [], true)
 5 APPPATH\Controllers\Loket.php(26): view('admin/loket/index', [...])
 6 SYSTEMPATH\CodeIgniter.php(898): App\Controllers\Loket->index()
 7 SYSTEMPATH\CodeIgniter.php(468): CodeIgniter\CodeIgniter->runController(Object(App\Controllers\Loket))
 8 SYSTEMPATH\CodeIgniter.php(351): CodeIgniter\CodeIgniter->handleRequest(null, Object(Config\Cache), false)
 9 FCPATH\index.php(55): CodeIgniter\CodeIgniter->run()
10 SYSTEMPATH\Commands\Server\rewrite.php(43): require_once('FCPATH\\index.php')
CRITICAL - 2022-07-01 12:31:26 --> Undefined variable $data_loket
in APPPATH\Views\admin\loket\index.php on line 18.
 1 APPPATH\Views\admin\loket\index.php(18): CodeIgniter\Debug\Exceptions->errorHandler(2, 'Undefined variable $data_loket', 'APPPATH\\Views\\admin\\loket\\index.php', 18)
 2 SYSTEMPATH\View\View.php(213): include('APPPATH\\Views\\admin\\loket\\index.php')
 3 SYSTEMPATH\View\View.php(216): CodeIgniter\View\View->CodeIgniter\View\{closure}()
 4 SYSTEMPATH\Common.php(1135): CodeIgniter\View\View->render('admin/loket/index', [], true)
 5 APPPATH\Controllers\Loket.php(26): view('admin/loket/index', [...])
 6 SYSTEMPATH\CodeIgniter.php(898): App\Controllers\Loket->index()
 7 SYSTEMPATH\CodeIgniter.php(468): CodeIgniter\CodeIgniter->runController(Object(App\Controllers\Loket))
 8 SYSTEMPATH\CodeIgniter.php(351): CodeIgniter\CodeIgniter->handleRequest(null, Object(Config\Cache), false)
 9 FCPATH\index.php(55): CodeIgniter\CodeIgniter->run()
10 SYSTEMPATH\Commands\Server\rewrite.php(43): require_once('FCPATH\\index.php')
CRITICAL - 2022-07-01 12:32:02 --> compact(): Undefined variable $data
in APPPATH\Controllers\Loket.php on line 16.
 1 [internal function]: CodeIgniter\Debug\Exceptions->errorHandler(2, 'compact(): Undefined variable $data', 'APPPATH\\Controllers\\Loket.php', 16)
 2 APPPATH\Controllers\Loket.php(16): compact('loket', 'title', 'data')
 3 SYSTEMPATH\CodeIgniter.php(898): App\Controllers\Loket->index()
 4 SYSTEMPATH\CodeIgniter.php(468): CodeIgniter\CodeIgniter->runController(Object(App\Controllers\Loket))
 5 SYSTEMPATH\CodeIgniter.php(351): CodeIgniter\CodeIgniter->handleRequest(null, Object(Config\Cache), false)
 6 FCPATH\index.php(55): CodeIgniter\CodeIgniter->run()
 7 SYSTEMPATH\Commands\Server\rewrite.php(43): require_once('FCPATH\\index.php')
