CRITICAL - 2022-07-05 03:06:50 --> Undefined array key "antrian_id"
in APPPATH\Views\admin\loketpanggil\panggil.php on line 11.
 1 APPPATH\Views\admin\loketpanggil\panggil.php(11): CodeIgniter\Debug\Exceptions->errorHandler(2, 'Undefined array key "antrian_id"', 'APPPATH\\Views\\admin\\loketpanggil\\panggil.php', 11)
 2 SYSTEMPATH\View\View.php(213): include('APPPATH\\Views\\admin\\loketpanggil\\panggil.php')
 3 SYSTEMPATH\View\View.php(216): CodeIgniter\View\View->CodeIgniter\View\{closure}()
 4 SYSTEMPATH\Common.php(1135): CodeIgniter\View\View->render('admin/loketpanggil/panggil', [], true)
 5 APPPATH\Controllers\LoketPanggil.php(64): view('admin/loketpanggil/panggil', [...])
 6 SYSTEMPATH\CodeIgniter.php(898): App\Controllers\LoketPanggil->edit('1')
 7 SYSTEMPATH\CodeIgniter.php(468): CodeIgniter\CodeIgniter->runController(Object(App\Controllers\LoketPanggil))
 8 SYSTEMPATH\CodeIgniter.php(351): CodeIgniter\CodeIgniter->handleRequest(null, Object(Config\Cache), false)
 9 FCPATH\index.php(55): CodeIgniter\CodeIgniter->run()
10 SYSTEMPATH\Commands\Server\rewrite.php(43): require_once('FCPATH\\index.php')
CRITICAL - 2022-07-05 03:08:20 --> Undefined variable $row
in APPPATH\Views\admin\loketpanggil\panggil.php on line 11.
 1 APPPATH\Views\admin\loketpanggil\panggil.php(11): CodeIgniter\Debug\Exceptions->errorHandler(2, 'Undefined variable $row', 'APPPATH\\Views\\admin\\loketpanggil\\panggil.php', 11)
 2 SYSTEMPATH\View\View.php(213): include('APPPATH\\Views\\admin\\loketpanggil\\panggil.php')
 3 SYSTEMPATH\View\View.php(216): CodeIgniter\View\View->CodeIgniter\View\{closure}()
 4 SYSTEMPATH\Common.php(1135): CodeIgniter\View\View->render('admin/loketpanggil/panggil', [], true)
 5 APPPATH\Controllers\LoketPanggil.php(64): view('admin/loketpanggil/panggil', [...])
 6 SYSTEMPATH\CodeIgniter.php(898): App\Controllers\LoketPanggil->edit('1')
 7 SYSTEMPATH\CodeIgniter.php(468): CodeIgniter\CodeIgniter->runController(Object(App\Controllers\LoketPanggil))
 8 SYSTEMPATH\CodeIgniter.php(351): CodeIgniter\CodeIgniter->handleRequest(null, Object(Config\Cache), false)
 9 FCPATH\index.php(55): CodeIgniter\CodeIgniter->run()
10 SYSTEMPATH\Commands\Server\rewrite.php(43): require_once('FCPATH\\index.php')
CRITICAL - 2022-07-05 03:10:11 --> Undefined variable $row
in APPPATH\Views\admin\loketpanggil\panggil.php on line 11.
 1 APPPATH\Views\admin\loketpanggil\panggil.php(11): CodeIgniter\Debug\Exceptions->errorHandler(2, 'Undefined variable $row', 'APPPATH\\Views\\admin\\loketpanggil\\panggil.php', 11)
 2 SYSTEMPATH\View\View.php(213): include('APPPATH\\Views\\admin\\loketpanggil\\panggil.php')
 3 SYSTEMPATH\View\View.php(216): CodeIgniter\View\View->CodeIgniter\View\{closure}()
 4 SYSTEMPATH\Common.php(1135): CodeIgniter\View\View->render('admin/loketpanggil/panggil', [], true)
 5 APPPATH\Controllers\LoketPanggil.php(65): view('admin/loketpanggil/panggil', [...])
 6 SYSTEMPATH\CodeIgniter.php(898): App\Controllers\LoketPanggil->edit('1')
 7 SYSTEMPATH\CodeIgniter.php(468): CodeIgniter\CodeIgniter->runController(Object(App\Controllers\LoketPanggil))
 8 SYSTEMPATH\CodeIgniter.php(351): CodeIgniter\CodeIgniter->handleRequest(null, Object(Config\Cache), false)
 9 FCPATH\index.php(55): CodeIgniter\CodeIgniter->run()
10 SYSTEMPATH\Commands\Server\rewrite.php(43): require_once('FCPATH\\index.php')
CRITICAL - 2022-07-05 03:10:13 --> Undefined variable $row
in APPPATH\Views\admin\loketpanggil\panggil.php on line 11.
 1 APPPATH\Views\admin\loketpanggil\panggil.php(11): CodeIgniter\Debug\Exceptions->errorHandler(2, 'Undefined variable $row', 'APPPATH\\Views\\admin\\loketpanggil\\panggil.php', 11)
 2 SYSTEMPATH\View\View.php(213): include('APPPATH\\Views\\admin\\loketpanggil\\panggil.php')
 3 SYSTEMPATH\View\View.php(216): CodeIgniter\View\View->CodeIgniter\View\{closure}()
 4 SYSTEMPATH\Common.php(1135): CodeIgniter\View\View->render('admin/loketpanggil/panggil', [], true)
 5 APPPATH\Controllers\LoketPanggil.php(65): view('admin/loketpanggil/panggil', [...])
 6 SYSTEMPATH\CodeIgniter.php(898): App\Controllers\LoketPanggil->edit('1')
 7 SYSTEMPATH\CodeIgniter.php(468): CodeIgniter\CodeIgniter->runController(Object(App\Controllers\LoketPanggil))
 8 SYSTEMPATH\CodeIgniter.php(351): CodeIgniter\CodeIgniter->handleRequest(null, Object(Config\Cache), false)
 9 FCPATH\index.php(55): CodeIgniter\CodeIgniter->run()
10 SYSTEMPATH\Commands\Server\rewrite.php(43): require_once('FCPATH\\index.php')
CRITICAL - 2022-07-05 03:10:13 --> Undefined variable $row
in APPPATH\Views\admin\loketpanggil\panggil.php on line 11.
 1 APPPATH\Views\admin\loketpanggil\panggil.php(11): CodeIgniter\Debug\Exceptions->errorHandler(2, 'Undefined variable $row', 'APPPATH\\Views\\admin\\loketpanggil\\panggil.php', 11)
 2 SYSTEMPATH\View\View.php(213): include('APPPATH\\Views\\admin\\loketpanggil\\panggil.php')
 3 SYSTEMPATH\View\View.php(216): CodeIgniter\View\View->CodeIgniter\View\{closure}()
 4 SYSTEMPATH\Common.php(1135): CodeIgniter\View\View->render('admin/loketpanggil/panggil', [], true)
 5 APPPATH\Controllers\LoketPanggil.php(65): view('admin/loketpanggil/panggil', [...])
 6 SYSTEMPATH\CodeIgniter.php(898): App\Controllers\LoketPanggil->edit('1')
 7 SYSTEMPATH\CodeIgniter.php(468): CodeIgniter\CodeIgniter->runController(Object(App\Controllers\LoketPanggil))
 8 SYSTEMPATH\CodeIgniter.php(351): CodeIgniter\CodeIgniter->handleRequest(null, Object(Config\Cache), false)
 9 FCPATH\index.php(55): CodeIgniter\CodeIgniter->run()
10 SYSTEMPATH\Commands\Server\rewrite.php(43): require_once('FCPATH\\index.php')
CRITICAL - 2022-07-05 03:10:14 --> Undefined variable $row
in APPPATH\Views\admin\loketpanggil\panggil.php on line 11.
 1 APPPATH\Views\admin\loketpanggil\panggil.php(11): CodeIgniter\Debug\Exceptions->errorHandler(2, 'Undefined variable $row', 'APPPATH\\Views\\admin\\loketpanggil\\panggil.php', 11)
 2 SYSTEMPATH\View\View.php(213): include('APPPATH\\Views\\admin\\loketpanggil\\panggil.php')
 3 SYSTEMPATH\View\View.php(216): CodeIgniter\View\View->CodeIgniter\View\{closure}()
 4 SYSTEMPATH\Common.php(1135): CodeIgniter\View\View->render('admin/loketpanggil/panggil', [], true)
 5 APPPATH\Controllers\LoketPanggil.php(65): view('admin/loketpanggil/panggil', [...])
 6 SYSTEMPATH\CodeIgniter.php(898): App\Controllers\LoketPanggil->edit('1')
 7 SYSTEMPATH\CodeIgniter.php(468): CodeIgniter\CodeIgniter->runController(Object(App\Controllers\LoketPanggil))
 8 SYSTEMPATH\CodeIgniter.php(351): CodeIgniter\CodeIgniter->handleRequest(null, Object(Config\Cache), false)
 9 FCPATH\index.php(55): CodeIgniter\CodeIgniter->run()
10 SYSTEMPATH\Commands\Server\rewrite.php(43): require_once('FCPATH\\index.php')
CRITICAL - 2022-07-05 03:10:47 --> Undefined array key "Loket"
in APPPATH\Views\admin\loketpanggil\panggil.php on line 14.
 1 APPPATH\Views\admin\loketpanggil\panggil.php(14): CodeIgniter\Debug\Exceptions->errorHandler(2, 'Undefined array key "Loket"', 'APPPATH\\Views\\admin\\loketpanggil\\panggil.php', 14)
 2 SYSTEMPATH\View\View.php(213): include('APPPATH\\Views\\admin\\loketpanggil\\panggil.php')
 3 SYSTEMPATH\View\View.php(216): CodeIgniter\View\View->CodeIgniter\View\{closure}()
 4 SYSTEMPATH\Common.php(1135): CodeIgniter\View\View->render('admin/loketpanggil/panggil', [], true)
 5 APPPATH\Controllers\LoketPanggil.php(65): view('admin/loketpanggil/panggil', [...])
 6 SYSTEMPATH\CodeIgniter.php(898): App\Controllers\LoketPanggil->edit('1')
 7 SYSTEMPATH\CodeIgniter.php(468): CodeIgniter\CodeIgniter->runController(Object(App\Controllers\LoketPanggil))
 8 SYSTEMPATH\CodeIgniter.php(351): CodeIgniter\CodeIgniter->handleRequest(null, Object(Config\Cache), false)
 9 FCPATH\index.php(55): CodeIgniter\CodeIgniter->run()
10 SYSTEMPATH\Commands\Server\rewrite.php(43): require_once('FCPATH\\index.php')
CRITICAL - 2022-07-05 03:11:19 --> Undefined array key "nama_loket"
in APPPATH\Views\admin\loketpanggil\panggil.php on line 14.
 1 APPPATH\Views\admin\loketpanggil\panggil.php(14): CodeIgniter\Debug\Exceptions->errorHandler(2, 'Undefined array key "nama_loket"', 'APPPATH\\Views\\admin\\loketpanggil\\panggil.php', 14)
 2 SYSTEMPATH\View\View.php(213): include('APPPATH\\Views\\admin\\loketpanggil\\panggil.php')
 3 SYSTEMPATH\View\View.php(216): CodeIgniter\View\View->CodeIgniter\View\{closure}()
 4 SYSTEMPATH\Common.php(1135): CodeIgniter\View\View->render('admin/loketpanggil/panggil', [], true)
 5 APPPATH\Controllers\LoketPanggil.php(65): view('admin/loketpanggil/panggil', [...])
 6 SYSTEMPATH\CodeIgniter.php(898): App\Controllers\LoketPanggil->edit('1')
 7 SYSTEMPATH\CodeIgniter.php(468): CodeIgniter\CodeIgniter->runController(Object(App\Controllers\LoketPanggil))
 8 SYSTEMPATH\CodeIgniter.php(351): CodeIgniter\CodeIgniter->handleRequest(null, Object(Config\Cache), false)
 9 FCPATH\index.php(55): CodeIgniter\CodeIgniter->run()
10 SYSTEMPATH\Commands\Server\rewrite.php(43): require_once('FCPATH\\index.php')
CRITICAL - 2022-07-05 03:11:28 --> Undefined array key "loket_nama"
in APPPATH\Views\admin\loketpanggil\panggil.php on line 14.
 1 APPPATH\Views\admin\loketpanggil\panggil.php(14): CodeIgniter\Debug\Exceptions->errorHandler(2, 'Undefined array key "loket_nama"', 'APPPATH\\Views\\admin\\loketpanggil\\panggil.php', 14)
 2 SYSTEMPATH\View\View.php(213): include('APPPATH\\Views\\admin\\loketpanggil\\panggil.php')
 3 SYSTEMPATH\View\View.php(216): CodeIgniter\View\View->CodeIgniter\View\{closure}()
 4 SYSTEMPATH\Common.php(1135): CodeIgniter\View\View->render('admin/loketpanggil/panggil', [], true)
 5 APPPATH\Controllers\LoketPanggil.php(65): view('admin/loketpanggil/panggil', [...])
 6 SYSTEMPATH\CodeIgniter.php(898): App\Controllers\LoketPanggil->edit('1')
 7 SYSTEMPATH\CodeIgniter.php(468): CodeIgniter\CodeIgniter->runController(Object(App\Controllers\LoketPanggil))
 8 SYSTEMPATH\CodeIgniter.php(351): CodeIgniter\CodeIgniter->handleRequest(null, Object(Config\Cache), false)
 9 FCPATH\index.php(55): CodeIgniter\CodeIgniter->run()
10 SYSTEMPATH\Commands\Server\rewrite.php(43): require_once('FCPATH\\index.php')
CRITICAL - 2022-07-05 03:12:01 --> Undefined array key "nama_loket"
in APPPATH\Views\admin\loketpanggil\panggil.php on line 14.
 1 APPPATH\Views\admin\loketpanggil\panggil.php(14): CodeIgniter\Debug\Exceptions->errorHandler(2, 'Undefined array key "nama_loket"', 'APPPATH\\Views\\admin\\loketpanggil\\panggil.php', 14)
 2 SYSTEMPATH\View\View.php(213): include('APPPATH\\Views\\admin\\loketpanggil\\panggil.php')
 3 SYSTEMPATH\View\View.php(216): CodeIgniter\View\View->CodeIgniter\View\{closure}()
 4 SYSTEMPATH\Common.php(1135): CodeIgniter\View\View->render('admin/loketpanggil/panggil', [], true)
 5 APPPATH\Controllers\LoketPanggil.php(65): view('admin/loketpanggil/panggil', [...])
 6 SYSTEMPATH\CodeIgniter.php(898): App\Controllers\LoketPanggil->edit('1')
 7 SYSTEMPATH\CodeIgniter.php(468): CodeIgniter\CodeIgniter->runController(Object(App\Controllers\LoketPanggil))
 8 SYSTEMPATH\CodeIgniter.php(351): CodeIgniter\CodeIgniter->handleRequest(null, Object(Config\Cache), false)
 9 FCPATH\index.php(55): CodeIgniter\CodeIgniter->run()
10 SYSTEMPATH\Commands\Server\rewrite.php(43): require_once('FCPATH\\index.php')
CRITICAL - 2022-07-05 03:13:30 --> Undefined array key "nama_loket"
in APPPATH\Views\admin\loketpanggil\panggil.php on line 14.
 1 APPPATH\Views\admin\loketpanggil\panggil.php(14): CodeIgniter\Debug\Exceptions->errorHandler(2, 'Undefined array key "nama_loket"', 'APPPATH\\Views\\admin\\loketpanggil\\panggil.php', 14)
 2 SYSTEMPATH\View\View.php(213): include('APPPATH\\Views\\admin\\loketpanggil\\panggil.php')
 3 SYSTEMPATH\View\View.php(216): CodeIgniter\View\View->CodeIgniter\View\{closure}()
 4 SYSTEMPATH\Common.php(1135): CodeIgniter\View\View->render('admin/loketpanggil/panggil', [], true)
 5 APPPATH\Controllers\LoketPanggil.php(65): view('admin/loketpanggil/panggil', [...])
 6 SYSTEMPATH\CodeIgniter.php(898): App\Controllers\LoketPanggil->edit('1')
 7 SYSTEMPATH\CodeIgniter.php(468): CodeIgniter\CodeIgniter->runController(Object(App\Controllers\LoketPanggil))
 8 SYSTEMPATH\CodeIgniter.php(351): CodeIgniter\CodeIgniter->handleRequest(null, Object(Config\Cache), false)
 9 FCPATH\index.php(55): CodeIgniter\CodeIgniter->run()
10 SYSTEMPATH\Commands\Server\rewrite.php(43): require_once('FCPATH\\index.php')
CRITICAL - 2022-07-05 03:14:44 --> Undefined array key "nama_loket"
in APPPATH\Views\admin\loketpanggil\panggil.php on line 14.
 1 APPPATH\Views\admin\loketpanggil\panggil.php(14): CodeIgniter\Debug\Exceptions->errorHandler(2, 'Undefined array key "nama_loket"', 'APPPATH\\Views\\admin\\loketpanggil\\panggil.php', 14)
 2 SYSTEMPATH\View\View.php(213): include('APPPATH\\Views\\admin\\loketpanggil\\panggil.php')
 3 SYSTEMPATH\View\View.php(216): CodeIgniter\View\View->CodeIgniter\View\{closure}()
 4 SYSTEMPATH\Common.php(1135): CodeIgniter\View\View->render('admin/loketpanggil/panggil', [], true)
 5 APPPATH\Controllers\LoketPanggil.php(65): view('admin/loketpanggil/panggil', [...])
 6 SYSTEMPATH\CodeIgniter.php(898): App\Controllers\LoketPanggil->edit('1')
 7 SYSTEMPATH\CodeIgniter.php(468): CodeIgniter\CodeIgniter->runController(Object(App\Controllers\LoketPanggil))
 8 SYSTEMPATH\CodeIgniter.php(351): CodeIgniter\CodeIgniter->handleRequest(null, Object(Config\Cache), false)
 9 FCPATH\index.php(55): CodeIgniter\CodeIgniter->run()
10 SYSTEMPATH\Commands\Server\rewrite.php(43): require_once('FCPATH\\index.php')
CRITICAL - 2022-07-05 03:44:37 --> Call to a member function where() on array
in APPPATH\Controllers\LoketPanggil.php on line 59.
 1 SYSTEMPATH\CodeIgniter.php(898): App\Controllers\LoketPanggil->edit('2')
 2 SYSTEMPATH\CodeIgniter.php(468): CodeIgniter\CodeIgniter->runController(Object(App\Controllers\LoketPanggil))
 3 SYSTEMPATH\CodeIgniter.php(351): CodeIgniter\CodeIgniter->handleRequest(null, Object(Config\Cache), false)
 4 FCPATH\index.php(55): CodeIgniter\CodeIgniter->run()
 5 SYSTEMPATH\Commands\Server\rewrite.php(43): require_once('FCPATH\\index.php')
CRITICAL - 2022-07-05 03:46:08 --> Call to a member function where() on array
in APPPATH\Controllers\LoketPanggil.php on line 44.
 1 SYSTEMPATH\CodeIgniter.php(898): App\Controllers\LoketPanggil->edit('2')
 2 SYSTEMPATH\CodeIgniter.php(468): CodeIgniter\CodeIgniter->runController(Object(App\Controllers\LoketPanggil))
 3 SYSTEMPATH\CodeIgniter.php(351): CodeIgniter\CodeIgniter->handleRequest(null, Object(Config\Cache), false)
 4 FCPATH\index.php(55): CodeIgniter\CodeIgniter->run()
 5 SYSTEMPATH\Commands\Server\rewrite.php(43): require_once('FCPATH\\index.php')
CRITICAL - 2022-07-05 03:47:24 --> Call to a member function where() on array
in APPPATH\Controllers\LoketPanggil.php on line 44.
 1 SYSTEMPATH\CodeIgniter.php(898): App\Controllers\LoketPanggil->edit('2')
 2 SYSTEMPATH\CodeIgniter.php(468): CodeIgniter\CodeIgniter->runController(Object(App\Controllers\LoketPanggil))
 3 SYSTEMPATH\CodeIgniter.php(351): CodeIgniter\CodeIgniter->handleRequest(null, Object(Config\Cache), false)
 4 FCPATH\index.php(55): CodeIgniter\CodeIgniter->run()
 5 SYSTEMPATH\Commands\Server\rewrite.php(43): require_once('FCPATH\\index.php')
CRITICAL - 2022-07-05 03:48:37 --> Undefined array key "nama"
in APPPATH\Views\admin\pelayanan\formedit.php on line 5.
 1 APPPATH\Views\admin\pelayanan\formedit.php(5): CodeIgniter\Debug\Exceptions->errorHandler(2, 'Undefined array key "nama"', 'APPPATH\\Views\\admin\\pelayanan\\formedit.php', 5)
 2 SYSTEMPATH\View\View.php(213): include('APPPATH\\Views\\admin\\pelayanan\\formedit.php')
 3 SYSTEMPATH\View\View.php(216): CodeIgniter\View\View->CodeIgniter\View\{closure}()
 4 SYSTEMPATH\Common.php(1135): CodeIgniter\View\View->render('admin/pelayanan/formedit', [], true)
 5 APPPATH\Controllers\LoketPanggil.php(61): view('admin/pelayanan/formedit', [...])
 6 SYSTEMPATH\CodeIgniter.php(898): App\Controllers\LoketPanggil->edit('2')
 7 SYSTEMPATH\CodeIgniter.php(468): CodeIgniter\CodeIgniter->runController(Object(App\Controllers\LoketPanggil))
 8 SYSTEMPATH\CodeIgniter.php(351): CodeIgniter\CodeIgniter->handleRequest(null, Object(Config\Cache), false)
 9 FCPATH\index.php(55): CodeIgniter\CodeIgniter->run()
10 SYSTEMPATH\Commands\Server\rewrite.php(43): require_once('FCPATH\\index.php')
CRITICAL - 2022-07-05 03:49:41 --> Undefined array key "nama"
in APPPATH\Views\admin\pelayanan\formedit.php on line 5.
 1 APPPATH\Views\admin\pelayanan\formedit.php(5): CodeIgniter\Debug\Exceptions->errorHandler(2, 'Undefined array key "nama"', 'APPPATH\\Views\\admin\\pelayanan\\formedit.php', 5)
 2 SYSTEMPATH\View\View.php(213): include('APPPATH\\Views\\admin\\pelayanan\\formedit.php')
 3 SYSTEMPATH\View\View.php(216): CodeIgniter\View\View->CodeIgniter\View\{closure}()
 4 SYSTEMPATH\Common.php(1135): CodeIgniter\View\View->render('admin/pelayanan/formedit', [], true)
 5 APPPATH\Controllers\LoketPanggil.php(61): view('admin/pelayanan/formedit', [...])
 6 SYSTEMPATH\CodeIgniter.php(898): App\Controllers\LoketPanggil->edit('3')
 7 SYSTEMPATH\CodeIgniter.php(468): CodeIgniter\CodeIgniter->runController(Object(App\Controllers\LoketPanggil))
 8 SYSTEMPATH\CodeIgniter.php(351): CodeIgniter\CodeIgniter->handleRequest(null, Object(Config\Cache), false)
 9 FCPATH\index.php(55): CodeIgniter\CodeIgniter->run()
10 SYSTEMPATH\Commands\Server\rewrite.php(43): require_once('FCPATH\\index.php')
CRITICAL - 2022-07-05 07:48:54 --> Undefined variable $antrian
in APPPATH\Views\admin\loketpanggil\formedit.php on line 11.
 1 APPPATH\Views\admin\loketpanggil\formedit.php(11): CodeIgniter\Debug\Exceptions->errorHandler(2, 'Undefined variable $antrian', 'APPPATH\\Views\\admin\\loketpanggil\\formedit.php', 11)
 2 SYSTEMPATH\View\View.php(213): include('APPPATH\\Views\\admin\\loketpanggil\\formedit.php')
 3 SYSTEMPATH\View\View.php(216): CodeIgniter\View\View->CodeIgniter\View\{closure}()
 4 SYSTEMPATH\Common.php(1135): CodeIgniter\View\View->render('admin/loketpanggil/formedit', [], true)
 5 APPPATH\Controllers\LoketPanggil.php(58): view('admin/loketpanggil/formedit', [...])
 6 SYSTEMPATH\CodeIgniter.php(898): App\Controllers\LoketPanggil->edit('2')
 7 SYSTEMPATH\CodeIgniter.php(468): CodeIgniter\CodeIgniter->runController(Object(App\Controllers\LoketPanggil))
 8 SYSTEMPATH\CodeIgniter.php(351): CodeIgniter\CodeIgniter->handleRequest(null, Object(Config\Cache), false)
 9 FCPATH\index.php(55): CodeIgniter\CodeIgniter->run()
10 SYSTEMPATH\Commands\Server\rewrite.php(43): require_once('FCPATH\\index.php')
CRITICAL - 2022-07-05 08:17:43 --> Undefined variable $antrian
in APPPATH\Views\admin\loketpanggil\formedit.php on line 20.
 1 APPPATH\Views\admin\loketpanggil\formedit.php(20): CodeIgniter\Debug\Exceptions->errorHandler(2, 'Undefined variable $antrian', 'APPPATH\\Views\\admin\\loketpanggil\\formedit.php', 20)
 2 SYSTEMPATH\View\View.php(213): include('APPPATH\\Views\\admin\\loketpanggil\\formedit.php')
 3 SYSTEMPATH\View\View.php(216): CodeIgniter\View\View->CodeIgniter\View\{closure}()
 4 SYSTEMPATH\Common.php(1135): CodeIgniter\View\View->render('admin/loketpanggil/formedit', [], true)
 5 APPPATH\Controllers\LoketPanggil.php(58): view('admin/loketpanggil/formedit', [...])
 6 SYSTEMPATH\CodeIgniter.php(898): App\Controllers\LoketPanggil->edit('1')
 7 SYSTEMPATH\CodeIgniter.php(468): CodeIgniter\CodeIgniter->runController(Object(App\Controllers\LoketPanggil))
 8 SYSTEMPATH\CodeIgniter.php(351): CodeIgniter\CodeIgniter->handleRequest(null, Object(Config\Cache), false)
 9 FCPATH\index.php(55): CodeIgniter\CodeIgniter->run()
10 SYSTEMPATH\Commands\Server\rewrite.php(43): require_once('FCPATH\\index.php')
CRITICAL - 2022-07-05 08:18:28 --> Trying to access array offset on value of type null
in APPPATH\Views\admin\loketpanggil\formedit.php on line 21.
 1 APPPATH\Views\admin\loketpanggil\formedit.php(21): CodeIgniter\Debug\Exceptions->errorHandler(2, 'Trying to access array offset on value of type null', 'APPPATH\\Views\\admin\\loketpanggil\\formedit.php', 21)
 2 SYSTEMPATH\View\View.php(213): include('APPPATH\\Views\\admin\\loketpanggil\\formedit.php')
 3 SYSTEMPATH\View\View.php(216): CodeIgniter\View\View->CodeIgniter\View\{closure}()
 4 SYSTEMPATH\Common.php(1135): CodeIgniter\View\View->render('admin/loketpanggil/formedit', [], true)
 5 APPPATH\Controllers\LoketPanggil.php(58): view('admin/loketpanggil/formedit', [...])
 6 SYSTEMPATH\CodeIgniter.php(898): App\Controllers\LoketPanggil->edit('1')
 7 SYSTEMPATH\CodeIgniter.php(468): CodeIgniter\CodeIgniter->runController(Object(App\Controllers\LoketPanggil))
 8 SYSTEMPATH\CodeIgniter.php(351): CodeIgniter\CodeIgniter->handleRequest(null, Object(Config\Cache), false)
 9 FCPATH\index.php(55): CodeIgniter\CodeIgniter->run()
10 SYSTEMPATH\Commands\Server\rewrite.php(43): require_once('FCPATH\\index.php')
CRITICAL - 2022-07-05 08:18:58 --> Trying to access array offset on value of type null
in APPPATH\Views\admin\loketpanggil\formedit.php on line 21.
 1 APPPATH\Views\admin\loketpanggil\formedit.php(21): CodeIgniter\Debug\Exceptions->errorHandler(2, 'Trying to access array offset on value of type null', 'APPPATH\\Views\\admin\\loketpanggil\\formedit.php', 21)
 2 SYSTEMPATH\View\View.php(213): include('APPPATH\\Views\\admin\\loketpanggil\\formedit.php')
 3 SYSTEMPATH\View\View.php(216): CodeIgniter\View\View->CodeIgniter\View\{closure}()
 4 SYSTEMPATH\Common.php(1135): CodeIgniter\View\View->render('admin/loketpanggil/formedit', [], true)
 5 APPPATH\Controllers\LoketPanggil.php(58): view('admin/loketpanggil/formedit', [...])
 6 SYSTEMPATH\CodeIgniter.php(898): App\Controllers\LoketPanggil->edit('1')
 7 SYSTEMPATH\CodeIgniter.php(468): CodeIgniter\CodeIgniter->runController(Object(App\Controllers\LoketPanggil))
 8 SYSTEMPATH\CodeIgniter.php(351): CodeIgniter\CodeIgniter->handleRequest(null, Object(Config\Cache), false)
 9 FCPATH\index.php(55): CodeIgniter\CodeIgniter->run()
10 SYSTEMPATH\Commands\Server\rewrite.php(43): require_once('FCPATH\\index.php')
CRITICAL - 2022-07-05 08:19:29 --> Trying to access array offset on value of type null
in APPPATH\Views\admin\loketpanggil\formedit.php on line 21.
 1 APPPATH\Views\admin\loketpanggil\formedit.php(21): CodeIgniter\Debug\Exceptions->errorHandler(2, 'Trying to access array offset on value of type null', 'APPPATH\\Views\\admin\\loketpanggil\\formedit.php', 21)
 2 SYSTEMPATH\View\View.php(213): include('APPPATH\\Views\\admin\\loketpanggil\\formedit.php')
 3 SYSTEMPATH\View\View.php(216): CodeIgniter\View\View->CodeIgniter\View\{closure}()
 4 SYSTEMPATH\Common.php(1135): CodeIgniter\View\View->render('admin/loketpanggil/formedit', [], true)
 5 APPPATH\Controllers\LoketPanggil.php(58): view('admin/loketpanggil/formedit', [...])
 6 SYSTEMPATH\CodeIgniter.php(898): App\Controllers\LoketPanggil->edit('2')
 7 SYSTEMPATH\CodeIgniter.php(468): CodeIgniter\CodeIgniter->runController(Object(App\Controllers\LoketPanggil))
 8 SYSTEMPATH\CodeIgniter.php(351): CodeIgniter\CodeIgniter->handleRequest(null, Object(Config\Cache), false)
 9 FCPATH\index.php(55): CodeIgniter\CodeIgniter->run()
10 SYSTEMPATH\Commands\Server\rewrite.php(43): require_once('FCPATH\\index.php')
CRITICAL - 2022-07-05 08:24:38 --> Trying to access array offset on value of type null
in APPPATH\Views\admin\loketpanggil\formedit.php on line 21.
 1 APPPATH\Views\admin\loketpanggil\formedit.php(21): CodeIgniter\Debug\Exceptions->errorHandler(2, 'Trying to access array offset on value of type null', 'APPPATH\\Views\\admin\\loketpanggil\\formedit.php', 21)
 2 SYSTEMPATH\View\View.php(213): include('APPPATH\\Views\\admin\\loketpanggil\\formedit.php')
 3 SYSTEMPATH\View\View.php(216): CodeIgniter\View\View->CodeIgniter\View\{closure}()
 4 SYSTEMPATH\Common.php(1135): CodeIgniter\View\View->render('admin/loketpanggil/formedit', [], true)
 5 APPPATH\Controllers\LoketPanggil.php(59): view('admin/loketpanggil/formedit', [...])
 6 SYSTEMPATH\CodeIgniter.php(898): App\Controllers\LoketPanggil->edit('2')
 7 SYSTEMPATH\CodeIgniter.php(468): CodeIgniter\CodeIgniter->runController(Object(App\Controllers\LoketPanggil))
 8 SYSTEMPATH\CodeIgniter.php(351): CodeIgniter\CodeIgniter->handleRequest(null, Object(Config\Cache), false)
 9 FCPATH\index.php(55): CodeIgniter\CodeIgniter->run()
10 SYSTEMPATH\Commands\Server\rewrite.php(43): require_once('FCPATH\\index.php')
CRITICAL - 2022-07-05 08:25:05 --> Trying to access array offset on value of type null
in APPPATH\Views\admin\loketpanggil\formedit.php on line 21.
 1 APPPATH\Views\admin\loketpanggil\formedit.php(21): CodeIgniter\Debug\Exceptions->errorHandler(2, 'Trying to access array offset on value of type null', 'APPPATH\\Views\\admin\\loketpanggil\\formedit.php', 21)
 2 SYSTEMPATH\View\View.php(213): include('APPPATH\\Views\\admin\\loketpanggil\\formedit.php')
 3 SYSTEMPATH\View\View.php(216): CodeIgniter\View\View->CodeIgniter\View\{closure}()
 4 SYSTEMPATH\Common.php(1135): CodeIgniter\View\View->render('admin/loketpanggil/formedit', [], true)
 5 APPPATH\Controllers\LoketPanggil.php(59): view('admin/loketpanggil/formedit', [...])
 6 SYSTEMPATH\CodeIgniter.php(898): App\Controllers\LoketPanggil->edit('2')
 7 SYSTEMPATH\CodeIgniter.php(468): CodeIgniter\CodeIgniter->runController(Object(App\Controllers\LoketPanggil))
 8 SYSTEMPATH\CodeIgniter.php(351): CodeIgniter\CodeIgniter->handleRequest(null, Object(Config\Cache), false)
 9 FCPATH\index.php(55): CodeIgniter\CodeIgniter->run()
10 SYSTEMPATH\Commands\Server\rewrite.php(43): require_once('FCPATH\\index.php')
CRITICAL - 2022-07-05 08:46:07 --> Cannot use object of type App\Models\AntrianModel as array
in APPPATH\Views\admin\loketpanggil\formedit.php on line 9.
 1 SYSTEMPATH\View\View.php(213): include()
 2 SYSTEMPATH\View\View.php(216): CodeIgniter\View\View->CodeIgniter\View\{closure}()
 3 SYSTEMPATH\Common.php(1135): CodeIgniter\View\View->render('admin/loketpanggil/formedit', [], true)
 4 APPPATH\Controllers\LoketPanggil.php(59): view('admin/loketpanggil/formedit', [...])
 5 SYSTEMPATH\CodeIgniter.php(898): App\Controllers\LoketPanggil->edit('2')
 6 SYSTEMPATH\CodeIgniter.php(468): CodeIgniter\CodeIgniter->runController(Object(App\Controllers\LoketPanggil))
 7 SYSTEMPATH\CodeIgniter.php(351): CodeIgniter\CodeIgniter->handleRequest(null, Object(Config\Cache), false)
 8 FCPATH\index.php(55): CodeIgniter\CodeIgniter->run()
 9 SYSTEMPATH\Commands\Server\rewrite.php(43): require_once('FCPATH\\index.php')
CRITICAL - 2022-07-05 08:47:18 --> Call to a member function where() on array
in APPPATH\Controllers\LoketPanggil.php on line 57.
 1 SYSTEMPATH\CodeIgniter.php(898): App\Controllers\LoketPanggil->edit('2')
 2 SYSTEMPATH\CodeIgniter.php(468): CodeIgniter\CodeIgniter->runController(Object(App\Controllers\LoketPanggil))
 3 SYSTEMPATH\CodeIgniter.php(351): CodeIgniter\CodeIgniter->handleRequest(null, Object(Config\Cache), false)
 4 FCPATH\index.php(55): CodeIgniter\CodeIgniter->run()
 5 SYSTEMPATH\Commands\Server\rewrite.php(43): require_once('FCPATH\\index.php')
CRITICAL - 2022-07-05 08:49:38 --> Undefined array key "nama_loket"
in APPPATH\Views\admin\loketpanggil\formedit.php on line 10.
 1 APPPATH\Views\admin\loketpanggil\formedit.php(10): CodeIgniter\Debug\Exceptions->errorHandler(2, 'Undefined array key "nama_loket"', 'APPPATH\\Views\\admin\\loketpanggil\\formedit.php', 10)
 2 SYSTEMPATH\View\View.php(213): include('APPPATH\\Views\\admin\\loketpanggil\\formedit.php')
 3 SYSTEMPATH\View\View.php(216): CodeIgniter\View\View->CodeIgniter\View\{closure}()
 4 SYSTEMPATH\Common.php(1135): CodeIgniter\View\View->render('admin/loketpanggil/formedit', [], true)
 5 APPPATH\Controllers\LoketPanggil.php(60): view('admin/loketpanggil/formedit', [...])
 6 SYSTEMPATH\CodeIgniter.php(898): App\Controllers\LoketPanggil->edit('2')
 7 SYSTEMPATH\CodeIgniter.php(468): CodeIgniter\CodeIgniter->runController(Object(App\Controllers\LoketPanggil))
 8 SYSTEMPATH\CodeIgniter.php(351): CodeIgniter\CodeIgniter->handleRequest(null, Object(Config\Cache), false)
 9 FCPATH\index.php(55): CodeIgniter\CodeIgniter->run()
10 SYSTEMPATH\Commands\Server\rewrite.php(43): require_once('FCPATH\\index.php')
CRITICAL - 2022-07-05 08:50:16 --> Undefined array key "no_antrian"
in APPPATH\Views\admin\loketpanggil\formedit.php on line 9.
 1 APPPATH\Views\admin\loketpanggil\formedit.php(9): CodeIgniter\Debug\Exceptions->errorHandler(2, 'Undefined array key "no_antrian"', 'APPPATH\\Views\\admin\\loketpanggil\\formedit.php', 9)
 2 SYSTEMPATH\View\View.php(213): include('APPPATH\\Views\\admin\\loketpanggil\\formedit.php')
 3 SYSTEMPATH\View\View.php(216): CodeIgniter\View\View->CodeIgniter\View\{closure}()
 4 SYSTEMPATH\Common.php(1135): CodeIgniter\View\View->render('admin/loketpanggil/formedit', [], true)
 5 APPPATH\Controllers\LoketPanggil.php(61): view('admin/loketpanggil/formedit', [...])
 6 SYSTEMPATH\CodeIgniter.php(898): App\Controllers\LoketPanggil->edit('2')
 7 SYSTEMPATH\CodeIgniter.php(468): CodeIgniter\CodeIgniter->runController(Object(App\Controllers\LoketPanggil))
 8 SYSTEMPATH\CodeIgniter.php(351): CodeIgniter\CodeIgniter->handleRequest(null, Object(Config\Cache), false)
 9 FCPATH\index.php(55): CodeIgniter\CodeIgniter->run()
10 SYSTEMPATH\Commands\Server\rewrite.php(43): require_once('FCPATH\\index.php')
CRITICAL - 2022-07-05 08:51:07 --> Undefined array key "nama_loket"
in APPPATH\Views\admin\loketpanggil\formedit.php on line 10.
 1 APPPATH\Views\admin\loketpanggil\formedit.php(10): CodeIgniter\Debug\Exceptions->errorHandler(2, 'Undefined array key "nama_loket"', 'APPPATH\\Views\\admin\\loketpanggil\\formedit.php', 10)
 2 SYSTEMPATH\View\View.php(213): include('APPPATH\\Views\\admin\\loketpanggil\\formedit.php')
 3 SYSTEMPATH\View\View.php(216): CodeIgniter\View\View->CodeIgniter\View\{closure}()
 4 SYSTEMPATH\Common.php(1135): CodeIgniter\View\View->render('admin/loketpanggil/formedit', [], true)
 5 APPPATH\Controllers\LoketPanggil.php(60): view('admin/loketpanggil/formedit', [...])
 6 SYSTEMPATH\CodeIgniter.php(898): App\Controllers\LoketPanggil->edit('2')
 7 SYSTEMPATH\CodeIgniter.php(468): CodeIgniter\CodeIgniter->runController(Object(App\Controllers\LoketPanggil))
 8 SYSTEMPATH\CodeIgniter.php(351): CodeIgniter\CodeIgniter->handleRequest(null, Object(Config\Cache), false)
 9 FCPATH\index.php(55): CodeIgniter\CodeIgniter->run()
10 SYSTEMPATH\Commands\Server\rewrite.php(43): require_once('FCPATH\\index.php')
CRITICAL - 2022-07-05 08:51:37 --> Undefined array key "nama_loket"
in APPPATH\Views\admin\loketpanggil\formedit.php on line 10.
 1 APPPATH\Views\admin\loketpanggil\formedit.php(10): CodeIgniter\Debug\Exceptions->errorHandler(2, 'Undefined array key "nama_loket"', 'APPPATH\\Views\\admin\\loketpanggil\\formedit.php', 10)
 2 SYSTEMPATH\View\View.php(213): include('APPPATH\\Views\\admin\\loketpanggil\\formedit.php')
 3 SYSTEMPATH\View\View.php(216): CodeIgniter\View\View->CodeIgniter\View\{closure}()
 4 SYSTEMPATH\Common.php(1135): CodeIgniter\View\View->render('admin/loketpanggil/formedit', [], true)
 5 APPPATH\Controllers\LoketPanggil.php(60): view('admin/loketpanggil/formedit', [...])
 6 SYSTEMPATH\CodeIgniter.php(898): App\Controllers\LoketPanggil->edit('2')
 7 SYSTEMPATH\CodeIgniter.php(468): CodeIgniter\CodeIgniter->runController(Object(App\Controllers\LoketPanggil))
 8 SYSTEMPATH\CodeIgniter.php(351): CodeIgniter\CodeIgniter->handleRequest(null, Object(Config\Cache), false)
 9 FCPATH\index.php(55): CodeIgniter\CodeIgniter->run()
10 SYSTEMPATH\Commands\Server\rewrite.php(43): require_once('FCPATH\\index.php')
CRITICAL - 2022-07-05 08:54:42 --> compact(): Undefined variable $loket
in APPPATH\Controllers\LoketPanggil.php on line 60.
 1 [internal function]: CodeIgniter\Debug\Exceptions->errorHandler(2, 'compact(): Undefined variable $loket', 'APPPATH\\Controllers\\LoketPanggil.php', 60)
 2 APPPATH\Controllers\LoketPanggil.php(60): compact('title', 'data', 'antrian', 'loket')
 3 SYSTEMPATH\CodeIgniter.php(898): App\Controllers\LoketPanggil->edit('2')
 4 SYSTEMPATH\CodeIgniter.php(468): CodeIgniter\CodeIgniter->runController(Object(App\Controllers\LoketPanggil))
 5 SYSTEMPATH\CodeIgniter.php(351): CodeIgniter\CodeIgniter->handleRequest(null, Object(Config\Cache), false)
 6 FCPATH\index.php(55): CodeIgniter\CodeIgniter->run()
 7 SYSTEMPATH\Commands\Server\rewrite.php(43): require_once('FCPATH\\index.php')
CRITICAL - 2022-07-05 08:55:08 --> Undefined array key "nama_loket"
in APPPATH\Views\admin\loketpanggil\formedit.php on line 10.
 1 APPPATH\Views\admin\loketpanggil\formedit.php(10): CodeIgniter\Debug\Exceptions->errorHandler(2, 'Undefined array key "nama_loket"', 'APPPATH\\Views\\admin\\loketpanggil\\formedit.php', 10)
 2 SYSTEMPATH\View\View.php(213): include('APPPATH\\Views\\admin\\loketpanggil\\formedit.php')
 3 SYSTEMPATH\View\View.php(216): CodeIgniter\View\View->CodeIgniter\View\{closure}()
 4 SYSTEMPATH\Common.php(1135): CodeIgniter\View\View->render('admin/loketpanggil/formedit', [], true)
 5 APPPATH\Controllers\LoketPanggil.php(60): view('admin/loketpanggil/formedit', [...])
 6 SYSTEMPATH\CodeIgniter.php(898): App\Controllers\LoketPanggil->edit('2')
 7 SYSTEMPATH\CodeIgniter.php(468): CodeIgniter\CodeIgniter->runController(Object(App\Controllers\LoketPanggil))
 8 SYSTEMPATH\CodeIgniter.php(351): CodeIgniter\CodeIgniter->handleRequest(null, Object(Config\Cache), false)
 9 FCPATH\index.php(55): CodeIgniter\CodeIgniter->run()
10 SYSTEMPATH\Commands\Server\rewrite.php(43): require_once('FCPATH\\index.php')
CRITICAL - 2022-07-05 08:56:17 --> Cannot access offset of type string on string
in APPPATH\Views\admin\loketpanggil\formedit.php on line 10.
 1 SYSTEMPATH\View\View.php(213): include()
 2 SYSTEMPATH\View\View.php(216): CodeIgniter\View\View->CodeIgniter\View\{closure}()
 3 SYSTEMPATH\Common.php(1135): CodeIgniter\View\View->render('admin/loketpanggil/formedit', [], true)
 4 APPPATH\Controllers\LoketPanggil.php(60): view('admin/loketpanggil/formedit', [...])
 5 SYSTEMPATH\CodeIgniter.php(898): App\Controllers\LoketPanggil->edit('2')
 6 SYSTEMPATH\CodeIgniter.php(468): CodeIgniter\CodeIgniter->runController(Object(App\Controllers\LoketPanggil))
 7 SYSTEMPATH\CodeIgniter.php(351): CodeIgniter\CodeIgniter->handleRequest(null, Object(Config\Cache), false)
 8 FCPATH\index.php(55): CodeIgniter\CodeIgniter->run()
 9 SYSTEMPATH\Commands\Server\rewrite.php(43): require_once('FCPATH\\index.php')
CRITICAL - 2022-07-05 08:59:22 --> Cannot access offset of type string on string
in APPPATH\Views\admin\loketpanggil\formedit.php on line 10.
 1 SYSTEMPATH\View\View.php(213): include()
 2 SYSTEMPATH\View\View.php(216): CodeIgniter\View\View->CodeIgniter\View\{closure}()
 3 SYSTEMPATH\Common.php(1135): CodeIgniter\View\View->render('admin/loketpanggil/formedit', [], true)
 4 APPPATH\Controllers\LoketPanggil.php(60): view('admin/loketpanggil/formedit', [...])
 5 SYSTEMPATH\CodeIgniter.php(898): App\Controllers\LoketPanggil->edit('2')
 6 SYSTEMPATH\CodeIgniter.php(468): CodeIgniter\CodeIgniter->runController(Object(App\Controllers\LoketPanggil))
 7 SYSTEMPATH\CodeIgniter.php(351): CodeIgniter\CodeIgniter->handleRequest(null, Object(Config\Cache), false)
 8 FCPATH\index.php(55): CodeIgniter\CodeIgniter->run()
 9 SYSTEMPATH\Commands\Server\rewrite.php(43): require_once('FCPATH\\index.php')
CRITICAL - 2022-07-05 09:00:14 --> Cannot access offset of type string on string
in APPPATH\Views\admin\loketpanggil\formedit.php on line 10.
 1 SYSTEMPATH\View\View.php(213): include()
 2 SYSTEMPATH\View\View.php(216): CodeIgniter\View\View->CodeIgniter\View\{closure}()
 3 SYSTEMPATH\Common.php(1135): CodeIgniter\View\View->render('admin/loketpanggil/formedit', [], true)
 4 APPPATH\Controllers\LoketPanggil.php(61): view('admin/loketpanggil/formedit', [...])
 5 SYSTEMPATH\CodeIgniter.php(898): App\Controllers\LoketPanggil->edit('2')
 6 SYSTEMPATH\CodeIgniter.php(468): CodeIgniter\CodeIgniter->runController(Object(App\Controllers\LoketPanggil))
 7 SYSTEMPATH\CodeIgniter.php(351): CodeIgniter\CodeIgniter->handleRequest(null, Object(Config\Cache), false)
 8 FCPATH\index.php(55): CodeIgniter\CodeIgniter->run()
 9 SYSTEMPATH\Commands\Server\rewrite.php(43): require_once('FCPATH\\index.php')
CRITICAL - 2022-07-05 09:01:49 --> Undefined variable $model
in APPPATH\Views\admin\loketpanggil\formedit.php on line 9.
 1 APPPATH\Views\admin\loketpanggil\formedit.php(9): CodeIgniter\Debug\Exceptions->errorHandler(2, 'Undefined variable $model', 'APPPATH\\Views\\admin\\loketpanggil\\formedit.php', 9)
 2 SYSTEMPATH\View\View.php(213): include('APPPATH\\Views\\admin\\loketpanggil\\formedit.php')
 3 SYSTEMPATH\View\View.php(216): CodeIgniter\View\View->CodeIgniter\View\{closure}()
 4 SYSTEMPATH\Common.php(1135): CodeIgniter\View\View->render('admin/loketpanggil/formedit', [], true)
 5 APPPATH\Controllers\LoketPanggil.php(61): view('admin/loketpanggil/formedit', [...])
 6 SYSTEMPATH\CodeIgniter.php(898): App\Controllers\LoketPanggil->edit('2')
 7 SYSTEMPATH\CodeIgniter.php(468): CodeIgniter\CodeIgniter->runController(Object(App\Controllers\LoketPanggil))
 8 SYSTEMPATH\CodeIgniter.php(351): CodeIgniter\CodeIgniter->handleRequest(null, Object(Config\Cache), false)
 9 FCPATH\index.php(55): CodeIgniter\CodeIgniter->run()
10 SYSTEMPATH\Commands\Server\rewrite.php(43): require_once('FCPATH\\index.php')
CRITICAL - 2022-07-05 09:05:33 --> Undefined array key "antrian_id"
in APPPATH\Views\admin\loketpanggil\formedit.php on line 10.
 1 APPPATH\Views\admin\loketpanggil\formedit.php(10): CodeIgniter\Debug\Exceptions->errorHandler(2, 'Undefined array key "antrian_id"', 'APPPATH\\Views\\admin\\loketpanggil\\formedit.php', 10)
 2 SYSTEMPATH\View\View.php(213): include('APPPATH\\Views\\admin\\loketpanggil\\formedit.php')
 3 SYSTEMPATH\View\View.php(216): CodeIgniter\View\View->CodeIgniter\View\{closure}()
 4 SYSTEMPATH\Common.php(1135): CodeIgniter\View\View->render('admin/loketpanggil/formedit', [], true)
 5 APPPATH\Controllers\LoketPanggil.php(61): view('admin/loketpanggil/formedit', [...])
 6 SYSTEMPATH\CodeIgniter.php(898): App\Controllers\LoketPanggil->edit('2')
 7 SYSTEMPATH\CodeIgniter.php(468): CodeIgniter\CodeIgniter->runController(Object(App\Controllers\LoketPanggil))
 8 SYSTEMPATH\CodeIgniter.php(351): CodeIgniter\CodeIgniter->handleRequest(null, Object(Config\Cache), false)
 9 FCPATH\index.php(55): CodeIgniter\CodeIgniter->run()
10 SYSTEMPATH\Commands\Server\rewrite.php(43): require_once('FCPATH\\index.php')
CRITICAL - 2022-07-05 09:05:56 --> Cannot access offset of type string on string
in APPPATH\Views\admin\loketpanggil\formedit.php on line 10.
 1 SYSTEMPATH\View\View.php(213): include()
 2 SYSTEMPATH\View\View.php(216): CodeIgniter\View\View->CodeIgniter\View\{closure}()
 3 SYSTEMPATH\Common.php(1135): CodeIgniter\View\View->render('admin/loketpanggil/formedit', [], true)
 4 APPPATH\Controllers\LoketPanggil.php(61): view('admin/loketpanggil/formedit', [...])
 5 SYSTEMPATH\CodeIgniter.php(898): App\Controllers\LoketPanggil->edit('2')
 6 SYSTEMPATH\CodeIgniter.php(468): CodeIgniter\CodeIgniter->runController(Object(App\Controllers\LoketPanggil))
 7 SYSTEMPATH\CodeIgniter.php(351): CodeIgniter\CodeIgniter->handleRequest(null, Object(Config\Cache), false)
 8 FCPATH\index.php(55): CodeIgniter\CodeIgniter->run()
 9 SYSTEMPATH\Commands\Server\rewrite.php(43): require_once('FCPATH\\index.php')
CRITICAL - 2022-07-05 09:06:12 --> Cannot access offset of type string on string
in APPPATH\Views\admin\loketpanggil\formedit.php on line 10.
 1 SYSTEMPATH\View\View.php(213): include()
 2 SYSTEMPATH\View\View.php(216): CodeIgniter\View\View->CodeIgniter\View\{closure}()
 3 SYSTEMPATH\Common.php(1135): CodeIgniter\View\View->render('admin/loketpanggil/formedit', [], true)
 4 APPPATH\Controllers\LoketPanggil.php(61): view('admin/loketpanggil/formedit', [...])
 5 SYSTEMPATH\CodeIgniter.php(898): App\Controllers\LoketPanggil->edit('2')
 6 SYSTEMPATH\CodeIgniter.php(468): CodeIgniter\CodeIgniter->runController(Object(App\Controllers\LoketPanggil))
 7 SYSTEMPATH\CodeIgniter.php(351): CodeIgniter\CodeIgniter->handleRequest(null, Object(Config\Cache), false)
 8 FCPATH\index.php(55): CodeIgniter\CodeIgniter->run()
 9 SYSTEMPATH\Commands\Server\rewrite.php(43): require_once('FCPATH\\index.php')
CRITICAL - 2022-07-05 09:06:47 --> Undefined variable $model
in APPPATH\Views\admin\loketpanggil\formedit.php on line 9.
 1 APPPATH\Views\admin\loketpanggil\formedit.php(9): CodeIgniter\Debug\Exceptions->errorHandler(2, 'Undefined variable $model', 'APPPATH\\Views\\admin\\loketpanggil\\formedit.php', 9)
 2 SYSTEMPATH\View\View.php(213): include('APPPATH\\Views\\admin\\loketpanggil\\formedit.php')
 3 SYSTEMPATH\View\View.php(216): CodeIgniter\View\View->CodeIgniter\View\{closure}()
 4 SYSTEMPATH\Common.php(1135): CodeIgniter\View\View->render('admin/loketpanggil/formedit', [], true)
 5 APPPATH\Controllers\LoketPanggil.php(60): view('admin/loketpanggil/formedit', [...])
 6 SYSTEMPATH\CodeIgniter.php(898): App\Controllers\LoketPanggil->edit('2')
 7 SYSTEMPATH\CodeIgniter.php(468): CodeIgniter\CodeIgniter->runController(Object(App\Controllers\LoketPanggil))
 8 SYSTEMPATH\CodeIgniter.php(351): CodeIgniter\CodeIgniter->handleRequest(null, Object(Config\Cache), false)
 9 FCPATH\index.php(55): CodeIgniter\CodeIgniter->run()
10 SYSTEMPATH\Commands\Server\rewrite.php(43): require_once('FCPATH\\index.php')
CRITICAL - 2022-07-05 09:07:19 --> Cannot access offset of type string on string
in APPPATH\Views\admin\loketpanggil\formedit.php on line 10.
 1 SYSTEMPATH\View\View.php(213): include()
 2 SYSTEMPATH\View\View.php(216): CodeIgniter\View\View->CodeIgniter\View\{closure}()
 3 SYSTEMPATH\Common.php(1135): CodeIgniter\View\View->render('admin/loketpanggil/formedit', [], true)
 4 APPPATH\Controllers\LoketPanggil.php(60): view('admin/loketpanggil/formedit', [...])
 5 SYSTEMPATH\CodeIgniter.php(898): App\Controllers\LoketPanggil->edit('2')
 6 SYSTEMPATH\CodeIgniter.php(468): CodeIgniter\CodeIgniter->runController(Object(App\Controllers\LoketPanggil))
 7 SYSTEMPATH\CodeIgniter.php(351): CodeIgniter\CodeIgniter->handleRequest(null, Object(Config\Cache), false)
 8 FCPATH\index.php(55): CodeIgniter\CodeIgniter->run()
 9 SYSTEMPATH\Commands\Server\rewrite.php(43): require_once('FCPATH\\index.php')
CRITICAL - 2022-07-05 09:08:12 --> Undefined array key "nama_loket"
in APPPATH\Views\admin\loketpanggil\formedit.php on line 10.
 1 APPPATH\Views\admin\loketpanggil\formedit.php(10): CodeIgniter\Debug\Exceptions->errorHandler(2, 'Undefined array key "nama_loket"', 'APPPATH\\Views\\admin\\loketpanggil\\formedit.php', 10)
 2 SYSTEMPATH\View\View.php(213): include('APPPATH\\Views\\admin\\loketpanggil\\formedit.php')
 3 SYSTEMPATH\View\View.php(216): CodeIgniter\View\View->CodeIgniter\View\{closure}()
 4 SYSTEMPATH\Common.php(1135): CodeIgniter\View\View->render('admin/loketpanggil/formedit', [], true)
 5 APPPATH\Controllers\LoketPanggil.php(60): view('admin/loketpanggil/formedit', [...])
 6 SYSTEMPATH\CodeIgniter.php(898): App\Controllers\LoketPanggil->edit('2')
 7 SYSTEMPATH\CodeIgniter.php(468): CodeIgniter\CodeIgniter->runController(Object(App\Controllers\LoketPanggil))
 8 SYSTEMPATH\CodeIgniter.php(351): CodeIgniter\CodeIgniter->handleRequest(null, Object(Config\Cache), false)
 9 FCPATH\index.php(55): CodeIgniter\CodeIgniter->run()
10 SYSTEMPATH\Commands\Server\rewrite.php(43): require_once('FCPATH\\index.php')
CRITICAL - 2022-07-05 09:08:53 --> Undefined array key "nama_loket"
in APPPATH\Views\admin\loketpanggil\formedit.php on line 10.
 1 APPPATH\Views\admin\loketpanggil\formedit.php(10): CodeIgniter\Debug\Exceptions->errorHandler(2, 'Undefined array key "nama_loket"', 'APPPATH\\Views\\admin\\loketpanggil\\formedit.php', 10)
 2 SYSTEMPATH\View\View.php(213): include('APPPATH\\Views\\admin\\loketpanggil\\formedit.php')
 3 SYSTEMPATH\View\View.php(216): CodeIgniter\View\View->CodeIgniter\View\{closure}()
 4 SYSTEMPATH\Common.php(1135): CodeIgniter\View\View->render('admin/loketpanggil/formedit', [], true)
 5 APPPATH\Controllers\LoketPanggil.php(61): view('admin/loketpanggil/formedit', [...])
 6 SYSTEMPATH\CodeIgniter.php(898): App\Controllers\LoketPanggil->edit('2')
 7 SYSTEMPATH\CodeIgniter.php(468): CodeIgniter\CodeIgniter->runController(Object(App\Controllers\LoketPanggil))
 8 SYSTEMPATH\CodeIgniter.php(351): CodeIgniter\CodeIgniter->handleRequest(null, Object(Config\Cache), false)
 9 FCPATH\index.php(55): CodeIgniter\CodeIgniter->run()
10 SYSTEMPATH\Commands\Server\rewrite.php(43): require_once('FCPATH\\index.php')
CRITICAL - 2022-07-05 09:08:55 --> Undefined array key "nama_loket"
in APPPATH\Views\admin\loketpanggil\formedit.php on line 10.
 1 APPPATH\Views\admin\loketpanggil\formedit.php(10): CodeIgniter\Debug\Exceptions->errorHandler(2, 'Undefined array key "nama_loket"', 'APPPATH\\Views\\admin\\loketpanggil\\formedit.php', 10)
 2 SYSTEMPATH\View\View.php(213): include('APPPATH\\Views\\admin\\loketpanggil\\formedit.php')
 3 SYSTEMPATH\View\View.php(216): CodeIgniter\View\View->CodeIgniter\View\{closure}()
 4 SYSTEMPATH\Common.php(1135): CodeIgniter\View\View->render('admin/loketpanggil/formedit', [], true)
 5 APPPATH\Controllers\LoketPanggil.php(61): view('admin/loketpanggil/formedit', [...])
 6 SYSTEMPATH\CodeIgniter.php(898): App\Controllers\LoketPanggil->edit('2')
 7 SYSTEMPATH\CodeIgniter.php(468): CodeIgniter\CodeIgniter->runController(Object(App\Controllers\LoketPanggil))
 8 SYSTEMPATH\CodeIgniter.php(351): CodeIgniter\CodeIgniter->handleRequest(null, Object(Config\Cache), false)
 9 FCPATH\index.php(55): CodeIgniter\CodeIgniter->run()
10 SYSTEMPATH\Commands\Server\rewrite.php(43): require_once('FCPATH\\index.php')
CRITICAL - 2022-07-05 09:09:25 --> Undefined array key "nama_loket"
in APPPATH\Views\admin\loketpanggil\formedit.php on line 10.
 1 APPPATH\Views\admin\loketpanggil\formedit.php(10): CodeIgniter\Debug\Exceptions->errorHandler(2, 'Undefined array key "nama_loket"', 'APPPATH\\Views\\admin\\loketpanggil\\formedit.php', 10)
 2 SYSTEMPATH\View\View.php(213): include('APPPATH\\Views\\admin\\loketpanggil\\formedit.php')
 3 SYSTEMPATH\View\View.php(216): CodeIgniter\View\View->CodeIgniter\View\{closure}()
 4 SYSTEMPATH\Common.php(1135): CodeIgniter\View\View->render('admin/loketpanggil/formedit', [], true)
 5 APPPATH\Controllers\LoketPanggil.php(59): view('admin/loketpanggil/formedit', [...])
 6 SYSTEMPATH\CodeIgniter.php(898): App\Controllers\LoketPanggil->edit('2')
 7 SYSTEMPATH\CodeIgniter.php(468): CodeIgniter\CodeIgniter->runController(Object(App\Controllers\LoketPanggil))
 8 SYSTEMPATH\CodeIgniter.php(351): CodeIgniter\CodeIgniter->handleRequest(null, Object(Config\Cache), false)
 9 FCPATH\index.php(55): CodeIgniter\CodeIgniter->run()
10 SYSTEMPATH\Commands\Server\rewrite.php(43): require_once('FCPATH\\index.php')
CRITICAL - 2022-07-05 10:10:19 -->  route cannot be found while reverse-routing.
in SYSTEMPATH\HTTP\RedirectResponse.php on line 56.
 1 SYSTEMPATH\HTTP\RedirectResponse.php(56): CodeIgniter\HTTP\Exceptions\HTTPException::forInvalidRedirectRoute('ROOTPATH\\public')
 2 SYSTEMPATH\Common.php(863): CodeIgniter\HTTP\RedirectResponse->route(false)
 3 APPPATH\Controllers\LoketPanggil.php(66): redirect('admin/loketpanggil/')
 4 SYSTEMPATH\CodeIgniter.php(898): App\Controllers\LoketPanggil->delete('1')
 5 SYSTEMPATH\CodeIgniter.php(468): CodeIgniter\CodeIgniter->runController(Object(App\Controllers\LoketPanggil))
 6 SYSTEMPATH\CodeIgniter.php(351): CodeIgniter\CodeIgniter->handleRequest(null, Object(Config\Cache), false)
 7 FCPATH\index.php(55): CodeIgniter\CodeIgniter->run()
 8 SYSTEMPATH\Commands\Server\rewrite.php(43): require_once('FCPATH\\index.php')
CRITICAL - 2022-07-05 23:45:20 --> Trying to access array offset on value of type null
in APPPATH\Views\admin\loketpanggil\formedit.php on line 9.
 1 APPPATH\Views\admin\loketpanggil\formedit.php(9): CodeIgniter\Debug\Exceptions->errorHandler(2, 'Trying to access array offset on value of type null', 'APPPATH\\Views\\admin\\loketpanggil\\formedit.php', 9)
 2 SYSTEMPATH\View\View.php(213): include('APPPATH\\Views\\admin\\loketpanggil\\formedit.php')
 3 SYSTEMPATH\View\View.php(216): CodeIgniter\View\View->CodeIgniter\View\{closure}()
 4 SYSTEMPATH\Common.php(1135): CodeIgniter\View\View->render('admin/loketpanggil/formedit', [], true)
 5 APPPATH\Controllers\LoketPanggil.php(59): view('admin/loketpanggil/formedit', [...])
 6 SYSTEMPATH\CodeIgniter.php(898): App\Controllers\LoketPanggil->edit('3')
 7 SYSTEMPATH\CodeIgniter.php(468): CodeIgniter\CodeIgniter->runController(Object(App\Controllers\LoketPanggil))
 8 SYSTEMPATH\CodeIgniter.php(351): CodeIgniter\CodeIgniter->handleRequest(null, Object(Config\Cache), false)
 9 FCPATH\index.php(55): CodeIgniter\CodeIgniter->run()
10 SYSTEMPATH\Commands\Server\rewrite.php(43): require_once('FCPATH\\index.php')
CRITICAL - 2022-07-05 23:46:42 --> Undefined variable $model
in APPPATH\Views\admin\loketpanggil\formedit.php on line 9.
 1 APPPATH\Views\admin\loketpanggil\formedit.php(9): CodeIgniter\Debug\Exceptions->errorHandler(2, 'Undefined variable $model', 'APPPATH\\Views\\admin\\loketpanggil\\formedit.php', 9)
 2 SYSTEMPATH\View\View.php(213): include('APPPATH\\Views\\admin\\loketpanggil\\formedit.php')
 3 SYSTEMPATH\View\View.php(216): CodeIgniter\View\View->CodeIgniter\View\{closure}()
 4 SYSTEMPATH\Common.php(1135): CodeIgniter\View\View->render('admin/loketpanggil/formedit', [], true)
 5 APPPATH\Controllers\LoketPanggil.php(59): view('admin/loketpanggil/formedit', [...])
 6 SYSTEMPATH\CodeIgniter.php(898): App\Controllers\LoketPanggil->edit('3')
 7 SYSTEMPATH\CodeIgniter.php(468): CodeIgniter\CodeIgniter->runController(Object(App\Controllers\LoketPanggil))
 8 SYSTEMPATH\CodeIgniter.php(351): CodeIgniter\CodeIgniter->handleRequest(null, Object(Config\Cache), false)
 9 FCPATH\index.php(55): CodeIgniter\CodeIgniter->run()
10 SYSTEMPATH\Commands\Server\rewrite.php(43): require_once('FCPATH\\index.php')
CRITICAL - 2022-07-05 23:46:50 --> Trying to access array offset on value of type null
in APPPATH\Views\admin\loketpanggil\formedit.php on line 9.
 1 APPPATH\Views\admin\loketpanggil\formedit.php(9): CodeIgniter\Debug\Exceptions->errorHandler(2, 'Trying to access array offset on value of type null', 'APPPATH\\Views\\admin\\loketpanggil\\formedit.php', 9)
 2 SYSTEMPATH\View\View.php(213): include('APPPATH\\Views\\admin\\loketpanggil\\formedit.php')
 3 SYSTEMPATH\View\View.php(216): CodeIgniter\View\View->CodeIgniter\View\{closure}()
 4 SYSTEMPATH\Common.php(1135): CodeIgniter\View\View->render('admin/loketpanggil/formedit', [], true)
 5 APPPATH\Controllers\LoketPanggil.php(59): view('admin/loketpanggil/formedit', [...])
 6 SYSTEMPATH\CodeIgniter.php(898): App\Controllers\LoketPanggil->edit('3')
 7 SYSTEMPATH\CodeIgniter.php(468): CodeIgniter\CodeIgniter->runController(Object(App\Controllers\LoketPanggil))
 8 SYSTEMPATH\CodeIgniter.php(351): CodeIgniter\CodeIgniter->handleRequest(null, Object(Config\Cache), false)
 9 FCPATH\index.php(55): CodeIgniter\CodeIgniter->run()
10 SYSTEMPATH\Commands\Server\rewrite.php(43): require_once('FCPATH\\index.php')
CRITICAL - 2022-07-05 23:46:52 --> Trying to access array offset on value of type null
in APPPATH\Views\admin\loketpanggil\formedit.php on line 9.
 1 APPPATH\Views\admin\loketpanggil\formedit.php(9): CodeIgniter\Debug\Exceptions->errorHandler(2, 'Trying to access array offset on value of type null', 'APPPATH\\Views\\admin\\loketpanggil\\formedit.php', 9)
 2 SYSTEMPATH\View\View.php(213): include('APPPATH\\Views\\admin\\loketpanggil\\formedit.php')
 3 SYSTEMPATH\View\View.php(216): CodeIgniter\View\View->CodeIgniter\View\{closure}()
 4 SYSTEMPATH\Common.php(1135): CodeIgniter\View\View->render('admin/loketpanggil/formedit', [], true)
 5 APPPATH\Controllers\LoketPanggil.php(59): view('admin/loketpanggil/formedit', [...])
 6 SYSTEMPATH\CodeIgniter.php(898): App\Controllers\LoketPanggil->edit('3')
 7 SYSTEMPATH\CodeIgniter.php(468): CodeIgniter\CodeIgniter->runController(Object(App\Controllers\LoketPanggil))
 8 SYSTEMPATH\CodeIgniter.php(351): CodeIgniter\CodeIgniter->handleRequest(null, Object(Config\Cache), false)
 9 FCPATH\index.php(55): CodeIgniter\CodeIgniter->run()
10 SYSTEMPATH\Commands\Server\rewrite.php(43): require_once('FCPATH\\index.php')
CRITICAL - 2022-07-05 23:47:01 --> Trying to access array offset on value of type null
in APPPATH\Views\admin\loketpanggil\formedit.php on line 9.
 1 APPPATH\Views\admin\loketpanggil\formedit.php(9): CodeIgniter\Debug\Exceptions->errorHandler(2, 'Trying to access array offset on value of type null', 'APPPATH\\Views\\admin\\loketpanggil\\formedit.php', 9)
 2 SYSTEMPATH\View\View.php(213): include('APPPATH\\Views\\admin\\loketpanggil\\formedit.php')
 3 SYSTEMPATH\View\View.php(216): CodeIgniter\View\View->CodeIgniter\View\{closure}()
 4 SYSTEMPATH\Common.php(1135): CodeIgniter\View\View->render('admin/loketpanggil/formedit', [], true)
 5 APPPATH\Controllers\LoketPanggil.php(59): view('admin/loketpanggil/formedit', [...])
 6 SYSTEMPATH\CodeIgniter.php(898): App\Controllers\LoketPanggil->edit('3')
 7 SYSTEMPATH\CodeIgniter.php(468): CodeIgniter\CodeIgniter->runController(Object(App\Controllers\LoketPanggil))
 8 SYSTEMPATH\CodeIgniter.php(351): CodeIgniter\CodeIgniter->handleRequest(null, Object(Config\Cache), false)
 9 FCPATH\index.php(55): CodeIgniter\CodeIgniter->run()
10 SYSTEMPATH\Commands\Server\rewrite.php(43): require_once('FCPATH\\index.php')
CRITICAL - 2022-07-05 23:48:31 --> Trying to access array offset on value of type null
in APPPATH\Views\admin\loketpanggil\formedit.php on line 9.
 1 APPPATH\Views\admin\loketpanggil\formedit.php(9): CodeIgniter\Debug\Exceptions->errorHandler(2, 'Trying to access array offset on value of type null', 'APPPATH\\Views\\admin\\loketpanggil\\formedit.php', 9)
 2 SYSTEMPATH\View\View.php(213): include('APPPATH\\Views\\admin\\loketpanggil\\formedit.php')
 3 SYSTEMPATH\View\View.php(216): CodeIgniter\View\View->CodeIgniter\View\{closure}()
 4 SYSTEMPATH\Common.php(1135): CodeIgniter\View\View->render('admin/loketpanggil/formedit', [], true)
 5 APPPATH\Controllers\LoketPanggil.php(59): view('admin/loketpanggil/formedit', [...])
 6 SYSTEMPATH\CodeIgniter.php(898): App\Controllers\LoketPanggil->edit('3')
 7 SYSTEMPATH\CodeIgniter.php(468): CodeIgniter\CodeIgniter->runController(Object(App\Controllers\LoketPanggil))
 8 SYSTEMPATH\CodeIgniter.php(351): CodeIgniter\CodeIgniter->handleRequest(null, Object(Config\Cache), false)
 9 FCPATH\index.php(55): CodeIgniter\CodeIgniter->run()
10 SYSTEMPATH\Commands\Server\rewrite.php(43): require_once('FCPATH\\index.php')
CRITICAL - 2022-07-05 23:50:17 --> Trying to access array offset on value of type null
in APPPATH\Views\admin\loketpanggil\formedit.php on line 9.
 1 APPPATH\Views\admin\loketpanggil\formedit.php(9): CodeIgniter\Debug\Exceptions->errorHandler(2, 'Trying to access array offset on value of type null', 'APPPATH\\Views\\admin\\loketpanggil\\formedit.php', 9)
 2 SYSTEMPATH\View\View.php(213): include('APPPATH\\Views\\admin\\loketpanggil\\formedit.php')
 3 SYSTEMPATH\View\View.php(216): CodeIgniter\View\View->CodeIgniter\View\{closure}()
 4 SYSTEMPATH\Common.php(1135): CodeIgniter\View\View->render('admin/loketpanggil/formedit', [], true)
 5 APPPATH\Controllers\LoketPanggil.php(59): view('admin/loketpanggil/formedit', [...])
 6 SYSTEMPATH\CodeIgniter.php(898): App\Controllers\LoketPanggil->edit('3')
 7 SYSTEMPATH\CodeIgniter.php(468): CodeIgniter\CodeIgniter->runController(Object(App\Controllers\LoketPanggil))
 8 SYSTEMPATH\CodeIgniter.php(351): CodeIgniter\CodeIgniter->handleRequest(null, Object(Config\Cache), false)
 9 FCPATH\index.php(55): CodeIgniter\CodeIgniter->run()
10 SYSTEMPATH\Commands\Server\rewrite.php(43): require_once('FCPATH\\index.php')
