CRITICAL - 2022-07-04 00:36:36 --> Undefined variable $loket
in APPPATH\Views\admin\loketpanggil\index.php on line 22.
 1 APPPATH\Views\admin\loketpanggil\index.php(22): CodeIgniter\Debug\Exceptions->errorHandler(2, 'Undefined variable $loket', 'APPPATH\\Views\\admin\\loketpanggil\\index.php', 22)
 2 SYSTEMPATH\View\View.php(213): include('APPPATH\\Views\\admin\\loketpanggil\\index.php')
 3 SYSTEMPATH\View\View.php(216): CodeIgniter\View\View->CodeIgniter\View\{closure}()
 4 SYSTEMPATH\Common.php(1135): CodeIgniter\View\View->render('admin/loketpanggil/index', [], true)
 5 APPPATH\Controllers\LoketPanggil.php(26): view('admin/loketpanggil/index', [...])
 6 SYSTEMPATH\CodeIgniter.php(898): App\Controllers\LoketPanggil->index()
 7 SYSTEMPATH\CodeIgniter.php(468): CodeIgniter\CodeIgniter->runController(Object(App\Controllers\LoketPanggil))
 8 SYSTEMPATH\CodeIgniter.php(351): CodeIgniter\CodeIgniter->handleRequest(null, Object(Config\Cache), false)
 9 FCPATH\index.php(55): CodeIgniter\CodeIgniter->run()
10 SYSTEMPATH\Commands\Server\rewrite.php(43): require_once('FCPATH\\index.php')
CRITICAL - 2022-07-04 00:41:12 --> Undefined array key "nama"
in APPPATH\Views\admin\loketpanggil\index.php on line 30.
 1 APPPATH\Views\admin\loketpanggil\index.php(30): CodeIgniter\Debug\Exceptions->errorHandler(2, 'Undefined array key "nama"', 'APPPATH\\Views\\admin\\loketpanggil\\index.php', 30)
 2 SYSTEMPATH\View\View.php(213): include('APPPATH\\Views\\admin\\loketpanggil\\index.php')
 3 SYSTEMPATH\View\View.php(216): CodeIgniter\View\View->CodeIgniter\View\{closure}()
 4 SYSTEMPATH\Common.php(1135): CodeIgniter\View\View->render('admin/loketpanggil/index', [], true)
 5 APPPATH\Controllers\LoketPanggil.php(25): view('admin/loketpanggil/index', [...])
 6 SYSTEMPATH\CodeIgniter.php(898): App\Controllers\LoketPanggil->index()
 7 SYSTEMPATH\CodeIgniter.php(468): CodeIgniter\CodeIgniter->runController(Object(App\Controllers\LoketPanggil))
 8 SYSTEMPATH\CodeIgniter.php(351): CodeIgniter\CodeIgniter->handleRequest(null, Object(Config\Cache), false)
 9 FCPATH\index.php(55): CodeIgniter\CodeIgniter->run()
10 SYSTEMPATH\Commands\Server\rewrite.php(43): require_once('FCPATH\\index.php')
CRITICAL - 2022-07-04 00:44:05 --> Undefined array key "nama"
in APPPATH\Views\admin\loketpanggil\index.php on line 30.
 1 APPPATH\Views\admin\loketpanggil\index.php(30): CodeIgniter\Debug\Exceptions->errorHandler(2, 'Undefined array key "nama"', 'APPPATH\\Views\\admin\\loketpanggil\\index.php', 30)
 2 SYSTEMPATH\View\View.php(213): include('APPPATH\\Views\\admin\\loketpanggil\\index.php')
 3 SYSTEMPATH\View\View.php(216): CodeIgniter\View\View->CodeIgniter\View\{closure}()
 4 SYSTEMPATH\Common.php(1135): CodeIgniter\View\View->render('admin/loketpanggil/index', [], true)
 5 APPPATH\Controllers\LoketPanggil.php(25): view('admin/loketpanggil/index', [...])
 6 SYSTEMPATH\CodeIgniter.php(898): App\Controllers\LoketPanggil->index()
 7 SYSTEMPATH\CodeIgniter.php(468): CodeIgniter\CodeIgniter->runController(Object(App\Controllers\LoketPanggil))
 8 SYSTEMPATH\CodeIgniter.php(351): CodeIgniter\CodeIgniter->handleRequest(null, Object(Config\Cache), false)
 9 FCPATH\index.php(55): CodeIgniter\CodeIgniter->run()
10 SYSTEMPATH\Commands\Server\rewrite.php(43): require_once('FCPATH\\index.php')
CRITICAL - 2022-07-04 00:44:46 --> Undefined array key "kode"
in APPPATH\Views\admin\loketpanggil\index.php on line 30.
 1 APPPATH\Views\admin\loketpanggil\index.php(30): CodeIgniter\Debug\Exceptions->errorHandler(2, 'Undefined array key "kode"', 'APPPATH\\Views\\admin\\loketpanggil\\index.php', 30)
 2 SYSTEMPATH\View\View.php(213): include('APPPATH\\Views\\admin\\loketpanggil\\index.php')
 3 SYSTEMPATH\View\View.php(216): CodeIgniter\View\View->CodeIgniter\View\{closure}()
 4 SYSTEMPATH\Common.php(1135): CodeIgniter\View\View->render('admin/loketpanggil/index', [], true)
 5 APPPATH\Controllers\LoketPanggil.php(25): view('admin/loketpanggil/index', [...])
 6 SYSTEMPATH\CodeIgniter.php(898): App\Controllers\LoketPanggil->index()
 7 SYSTEMPATH\CodeIgniter.php(468): CodeIgniter\CodeIgniter->runController(Object(App\Controllers\LoketPanggil))
 8 SYSTEMPATH\CodeIgniter.php(351): CodeIgniter\CodeIgniter->handleRequest(null, Object(Config\Cache), false)
 9 FCPATH\index.php(55): CodeIgniter\CodeIgniter->run()
10 SYSTEMPATH\Commands\Server\rewrite.php(43): require_once('FCPATH\\index.php')
CRITICAL - 2022-07-04 01:26:15 --> Undefined variable $kd
in APPPATH\Views\user\antrian\formadd.php on line 7.
 1 APPPATH\Views\user\antrian\formadd.php(7): CodeIgniter\Debug\Exceptions->errorHandler(2, 'Undefined variable $kd', 'APPPATH\\Views\\user\\antrian\\formadd.php', 7)
 2 SYSTEMPATH\View\View.php(213): include('APPPATH\\Views\\user\\antrian\\formadd.php')
 3 SYSTEMPATH\View\View.php(216): CodeIgniter\View\View->CodeIgniter\View\{closure}()
 4 SYSTEMPATH\Common.php(1135): CodeIgniter\View\View->render('user/antrian/formadd', [], true)
 5 APPPATH\Controllers\Antrian.php(48): view('user/antrian/formadd', [...])
 6 SYSTEMPATH\CodeIgniter.php(898): App\Controllers\Antrian->add()
 7 SYSTEMPATH\CodeIgniter.php(468): CodeIgniter\CodeIgniter->runController(Object(App\Controllers\Antrian))
 8 SYSTEMPATH\CodeIgniter.php(351): CodeIgniter\CodeIgniter->handleRequest(null, Object(Config\Cache), false)
 9 FCPATH\index.php(55): CodeIgniter\CodeIgniter->run()
10 SYSTEMPATH\Commands\Server\rewrite.php(43): require_once('FCPATH\\index.php')
CRITICAL - 2022-07-04 01:26:36 --> Undefined variable $kd
in APPPATH\Views\user\antrian\formadd.php on line 7.
 1 APPPATH\Views\user\antrian\formadd.php(7): CodeIgniter\Debug\Exceptions->errorHandler(2, 'Undefined variable $kd', 'APPPATH\\Views\\user\\antrian\\formadd.php', 7)
 2 SYSTEMPATH\View\View.php(213): include('APPPATH\\Views\\user\\antrian\\formadd.php')
 3 SYSTEMPATH\View\View.php(216): CodeIgniter\View\View->CodeIgniter\View\{closure}()
 4 SYSTEMPATH\Common.php(1135): CodeIgniter\View\View->render('user/antrian/formadd', [], true)
 5 APPPATH\Controllers\Antrian.php(48): view('user/antrian/formadd', [...])
 6 SYSTEMPATH\CodeIgniter.php(898): App\Controllers\Antrian->add()
 7 SYSTEMPATH\CodeIgniter.php(468): CodeIgniter\CodeIgniter->runController(Object(App\Controllers\Antrian))
 8 SYSTEMPATH\CodeIgniter.php(351): CodeIgniter\CodeIgniter->handleRequest(null, Object(Config\Cache), false)
 9 FCPATH\index.php(55): CodeIgniter\CodeIgniter->run()
10 SYSTEMPATH\Commands\Server\rewrite.php(43): require_once('FCPATH\\index.php')
CRITICAL - 2022-07-04 01:27:28 --> Undefined property: App\Controllers\Antrian::$load
in APPPATH\Controllers\Antrian.php on line 30.
 1 APPPATH\Controllers\Antrian.php(30): CodeIgniter\Debug\Exceptions->errorHandler(2, 'Undefined property: App\\Controllers\\Antrian::$load', 'APPPATH\\Controllers\\Antrian.php', 30)
 2 SYSTEMPATH\CodeIgniter.php(898): App\Controllers\Antrian->add()
 3 SYSTEMPATH\CodeIgniter.php(468): CodeIgniter\CodeIgniter->runController(Object(App\Controllers\Antrian))
 4 SYSTEMPATH\CodeIgniter.php(351): CodeIgniter\CodeIgniter->handleRequest(null, Object(Config\Cache), false)
 5 FCPATH\index.php(55): CodeIgniter\CodeIgniter->run()
 6 SYSTEMPATH\Commands\Server\rewrite.php(43): require_once('FCPATH\\index.php')
CRITICAL - 2022-07-04 01:28:45 --> Undefined property: App\Controllers\Antrian::$AntrianModel
in APPPATH\Controllers\Antrian.php on line 32.
 1 APPPATH\Controllers\Antrian.php(32): CodeIgniter\Debug\Exceptions->errorHandler(2, 'Undefined property: App\\Controllers\\Antrian::$AntrianModel', 'APPPATH\\Controllers\\Antrian.php', 32)
 2 SYSTEMPATH\CodeIgniter.php(898): App\Controllers\Antrian->add()
 3 SYSTEMPATH\CodeIgniter.php(468): CodeIgniter\CodeIgniter->runController(Object(App\Controllers\Antrian))
 4 SYSTEMPATH\CodeIgniter.php(351): CodeIgniter\CodeIgniter->handleRequest(null, Object(Config\Cache), false)
 5 FCPATH\index.php(55): CodeIgniter\CodeIgniter->run()
 6 SYSTEMPATH\Commands\Server\rewrite.php(43): require_once('FCPATH\\index.php')
CRITICAL - 2022-07-04 01:29:53 --> Undefined property: App\Controllers\Antrian::$load
in APPPATH\Controllers\Antrian.php on line 31.
 1 APPPATH\Controllers\Antrian.php(31): CodeIgniter\Debug\Exceptions->errorHandler(2, 'Undefined property: App\\Controllers\\Antrian::$load', 'APPPATH\\Controllers\\Antrian.php', 31)
 2 SYSTEMPATH\CodeIgniter.php(898): App\Controllers\Antrian->add()
 3 SYSTEMPATH\CodeIgniter.php(468): CodeIgniter\CodeIgniter->runController(Object(App\Controllers\Antrian))
 4 SYSTEMPATH\CodeIgniter.php(351): CodeIgniter\CodeIgniter->handleRequest(null, Object(Config\Cache), false)
 5 FCPATH\index.php(55): CodeIgniter\CodeIgniter->run()
 6 SYSTEMPATH\Commands\Server\rewrite.php(43): require_once('FCPATH\\index.php')
CRITICAL - 2022-07-04 01:32:51 --> Undefined property: App\Controllers\Antrian::$load
in APPPATH\Controllers\Antrian.php on line 31.
 1 APPPATH\Controllers\Antrian.php(31): CodeIgniter\Debug\Exceptions->errorHandler(2, 'Undefined property: App\\Controllers\\Antrian::$load', 'APPPATH\\Controllers\\Antrian.php', 31)
 2 SYSTEMPATH\CodeIgniter.php(898): App\Controllers\Antrian->add()
 3 SYSTEMPATH\CodeIgniter.php(468): CodeIgniter\CodeIgniter->runController(Object(App\Controllers\Antrian))
 4 SYSTEMPATH\CodeIgniter.php(351): CodeIgniter\CodeIgniter->handleRequest(null, Object(Config\Cache), false)
 5 FCPATH\index.php(55): CodeIgniter\CodeIgniter->run()
 6 SYSTEMPATH\Commands\Server\rewrite.php(43): require_once('FCPATH\\index.php')
CRITICAL - 2022-07-04 01:33:50 --> Undefined property: App\Controllers\Antrian::$AntrianModel
in APPPATH\Controllers\Antrian.php on line 32.
 1 APPPATH\Controllers\Antrian.php(32): CodeIgniter\Debug\Exceptions->errorHandler(2, 'Undefined property: App\\Controllers\\Antrian::$AntrianModel', 'APPPATH\\Controllers\\Antrian.php', 32)
 2 SYSTEMPATH\CodeIgniter.php(898): App\Controllers\Antrian->add()
 3 SYSTEMPATH\CodeIgniter.php(468): CodeIgniter\CodeIgniter->runController(Object(App\Controllers\Antrian))
 4 SYSTEMPATH\CodeIgniter.php(351): CodeIgniter\CodeIgniter->handleRequest(null, Object(Config\Cache), false)
 5 FCPATH\index.php(55): CodeIgniter\CodeIgniter->run()
 6 SYSTEMPATH\Commands\Server\rewrite.php(43): require_once('FCPATH\\index.php')
CRITICAL - 2022-07-04 01:36:23 --> Undefined property: App\Controllers\Antrian::$AntrianModel
in APPPATH\Controllers\Antrian.php on line 32.
 1 APPPATH\Controllers\Antrian.php(32): CodeIgniter\Debug\Exceptions->errorHandler(2, 'Undefined property: App\\Controllers\\Antrian::$AntrianModel', 'APPPATH\\Controllers\\Antrian.php', 32)
 2 SYSTEMPATH\CodeIgniter.php(898): App\Controllers\Antrian->add()
 3 SYSTEMPATH\CodeIgniter.php(468): CodeIgniter\CodeIgniter->runController(Object(App\Controllers\Antrian))
 4 SYSTEMPATH\CodeIgniter.php(351): CodeIgniter\CodeIgniter->handleRequest(null, Object(Config\Cache), false)
 5 FCPATH\index.php(55): CodeIgniter\CodeIgniter->run()
 6 SYSTEMPATH\Commands\Server\rewrite.php(43): require_once('FCPATH\\index.php')
CRITICAL - 2022-07-04 01:37:19 --> Undefined property: App\Controllers\Antrian::$AntrianModel
in APPPATH\Controllers\Antrian.php on line 32.
 1 APPPATH\Controllers\Antrian.php(32): CodeIgniter\Debug\Exceptions->errorHandler(2, 'Undefined property: App\\Controllers\\Antrian::$AntrianModel', 'APPPATH\\Controllers\\Antrian.php', 32)
 2 SYSTEMPATH\CodeIgniter.php(898): App\Controllers\Antrian->add()
 3 SYSTEMPATH\CodeIgniter.php(468): CodeIgniter\CodeIgniter->runController(Object(App\Controllers\Antrian))
 4 SYSTEMPATH\CodeIgniter.php(351): CodeIgniter\CodeIgniter->handleRequest(null, Object(Config\Cache), false)
 5 FCPATH\index.php(55): CodeIgniter\CodeIgniter->run()
 6 SYSTEMPATH\Commands\Server\rewrite.php(43): require_once('FCPATH\\index.php')
CRITICAL - 2022-07-04 01:37:44 --> CodeIgniter\Database\BaseBuilder::get(): Argument #1 ($limit) must be of type ?int, string given, called in C:\xampp\htdocs\lab15uas\ci4\app\Models\AntrianModel.php on line 38
in SYSTEMPATH\Database\BaseBuilder.php on line 1577.
 1 APPPATH\Models\AntrianModel.php(38): CodeIgniter\Database\BaseBuilder->get('no_antrian')
 2 APPPATH\Controllers\Antrian.php(32): App\Models\AntrianModel->auto_code()
 3 SYSTEMPATH\CodeIgniter.php(898): App\Controllers\Antrian->add()
 4 SYSTEMPATH\CodeIgniter.php(468): CodeIgniter\CodeIgniter->runController(Object(App\Controllers\Antrian))
 5 SYSTEMPATH\CodeIgniter.php(351): CodeIgniter\CodeIgniter->handleRequest(null, Object(Config\Cache), false)
 6 FCPATH\index.php(55): CodeIgniter\CodeIgniter->run()
 7 SYSTEMPATH\Commands\Server\rewrite.php(43): require_once('FCPATH\\index.php')
CRITICAL - 2022-07-04 01:38:16 --> Undefined property: App\Controllers\Antrian::$model
in APPPATH\Controllers\Antrian.php on line 31.
 1 APPPATH\Controllers\Antrian.php(31): CodeIgniter\Debug\Exceptions->errorHandler(2, 'Undefined property: App\\Controllers\\Antrian::$model', 'APPPATH\\Controllers\\Antrian.php', 31)
 2 SYSTEMPATH\CodeIgniter.php(898): App\Controllers\Antrian->add()
 3 SYSTEMPATH\CodeIgniter.php(468): CodeIgniter\CodeIgniter->runController(Object(App\Controllers\Antrian))
 4 SYSTEMPATH\CodeIgniter.php(351): CodeIgniter\CodeIgniter->handleRequest(null, Object(Config\Cache), false)
 5 FCPATH\index.php(55): CodeIgniter\CodeIgniter->run()
 6 SYSTEMPATH\Commands\Server\rewrite.php(43): require_once('FCPATH\\index.php')
CRITICAL - 2022-07-04 01:38:46 --> CodeIgniter\Database\BaseBuilder::get(): Argument #1 ($limit) must be of type ?int, string given, called in C:\xampp\htdocs\lab15uas\ci4\app\Models\AntrianModel.php on line 38
in SYSTEMPATH\Database\BaseBuilder.php on line 1577.
 1 APPPATH\Models\AntrianModel.php(38): CodeIgniter\Database\BaseBuilder->get('no_antrian')
 2 APPPATH\Controllers\Antrian.php(32): App\Models\AntrianModel->auto_code()
 3 SYSTEMPATH\CodeIgniter.php(898): App\Controllers\Antrian->add()
 4 SYSTEMPATH\CodeIgniter.php(468): CodeIgniter\CodeIgniter->runController(Object(App\Controllers\Antrian))
 5 SYSTEMPATH\CodeIgniter.php(351): CodeIgniter\CodeIgniter->handleRequest(null, Object(Config\Cache), false)
 6 FCPATH\index.php(55): CodeIgniter\CodeIgniter->run()
 7 SYSTEMPATH\Commands\Server\rewrite.php(43): require_once('FCPATH\\index.php')
CRITICAL - 2022-07-04 01:39:50 --> CodeIgniter\Database\BaseBuilder::get(): Argument #1 ($limit) must be of type ?int, string given, called in C:\xampp\htdocs\lab15uas\ci4\app\Models\AntrianModel.php on line 38
in SYSTEMPATH\Database\BaseBuilder.php on line 1577.
 1 APPPATH\Models\AntrianModel.php(38): CodeIgniter\Database\BaseBuilder->get('no_antrian')
 2 APPPATH\Controllers\Antrian.php(31): App\Models\AntrianModel->auto_code()
 3 SYSTEMPATH\CodeIgniter.php(898): App\Controllers\Antrian->add()
 4 SYSTEMPATH\CodeIgniter.php(468): CodeIgniter\CodeIgniter->runController(Object(App\Controllers\Antrian))
 5 SYSTEMPATH\CodeIgniter.php(351): CodeIgniter\CodeIgniter->handleRequest(null, Object(Config\Cache), false)
 6 FCPATH\index.php(55): CodeIgniter\CodeIgniter->run()
 7 SYSTEMPATH\Commands\Server\rewrite.php(43): require_once('FCPATH\\index.php')
CRITICAL - 2022-07-04 01:49:05 --> Undefined variable $kd
in APPPATH\Views\user\antrian\formadd.php on line 7.
 1 APPPATH\Views\user\antrian\formadd.php(7): CodeIgniter\Debug\Exceptions->errorHandler(2, 'Undefined variable $kd', 'APPPATH\\Views\\user\\antrian\\formadd.php', 7)
 2 SYSTEMPATH\View\View.php(213): include('APPPATH\\Views\\user\\antrian\\formadd.php')
 3 SYSTEMPATH\View\View.php(216): CodeIgniter\View\View->CodeIgniter\View\{closure}()
 4 SYSTEMPATH\Common.php(1135): CodeIgniter\View\View->render('user/antrian/formadd', [], true)
 5 APPPATH\Controllers\Antrian.php(43): view('user/antrian/formadd', [...])
 6 SYSTEMPATH\CodeIgniter.php(898): App\Controllers\Antrian->add()
 7 SYSTEMPATH\CodeIgniter.php(468): CodeIgniter\CodeIgniter->runController(Object(App\Controllers\Antrian))
 8 SYSTEMPATH\CodeIgniter.php(351): CodeIgniter\CodeIgniter->handleRequest(null, Object(Config\Cache), false)
 9 FCPATH\index.php(55): CodeIgniter\CodeIgniter->run()
10 SYSTEMPATH\Commands\Server\rewrite.php(43): require_once('FCPATH\\index.php')
CRITICAL - 2022-07-04 01:55:39 --> Undefined variable $loket
in APPPATH\Views\user\antrian\formadd.php on line 19.
 1 APPPATH\Views\user\antrian\formadd.php(19): CodeIgniter\Debug\Exceptions->errorHandler(2, 'Undefined variable $loket', 'APPPATH\\Views\\user\\antrian\\formadd.php', 19)
 2 SYSTEMPATH\View\View.php(213): include('APPPATH\\Views\\user\\antrian\\formadd.php')
 3 SYSTEMPATH\View\View.php(216): CodeIgniter\View\View->CodeIgniter\View\{closure}()
 4 SYSTEMPATH\Common.php(1135): CodeIgniter\View\View->render('user/antrian/formadd', [], true)
 5 APPPATH\Controllers\Antrian.php(43): view('user/antrian/formadd', [...])
 6 SYSTEMPATH\CodeIgniter.php(898): App\Controllers\Antrian->add()
 7 SYSTEMPATH\CodeIgniter.php(468): CodeIgniter\CodeIgniter->runController(Object(App\Controllers\Antrian))
 8 SYSTEMPATH\CodeIgniter.php(351): CodeIgniter\CodeIgniter->handleRequest(null, Object(Config\Cache), false)
 9 FCPATH\index.php(55): CodeIgniter\CodeIgniter->run()
10 SYSTEMPATH\Commands\Server\rewrite.php(43): require_once('FCPATH\\index.php')
CRITICAL - 2022-07-04 01:57:02 --> Undefined property: App\Controllers\Antrian::$loket
in APPPATH\Controllers\Antrian.php on line 29.
 1 APPPATH\Controllers\Antrian.php(29): CodeIgniter\Debug\Exceptions->errorHandler(2, 'Undefined property: App\\Controllers\\Antrian::$loket', 'APPPATH\\Controllers\\Antrian.php', 29)
 2 SYSTEMPATH\CodeIgniter.php(898): App\Controllers\Antrian->add()
 3 SYSTEMPATH\CodeIgniter.php(468): CodeIgniter\CodeIgniter->runController(Object(App\Controllers\Antrian))
 4 SYSTEMPATH\CodeIgniter.php(351): CodeIgniter\CodeIgniter->handleRequest(null, Object(Config\Cache), false)
 5 FCPATH\index.php(55): CodeIgniter\CodeIgniter->run()
 6 SYSTEMPATH\Commands\Server\rewrite.php(43): require_once('FCPATH\\index.php')
CRITICAL - 2022-07-04 01:57:19 --> Undefined property: App\Controllers\Antrian::$loket
in APPPATH\Controllers\Antrian.php on line 29.
 1 APPPATH\Controllers\Antrian.php(29): CodeIgniter\Debug\Exceptions->errorHandler(2, 'Undefined property: App\\Controllers\\Antrian::$loket', 'APPPATH\\Controllers\\Antrian.php', 29)
 2 SYSTEMPATH\CodeIgniter.php(898): App\Controllers\Antrian->add()
 3 SYSTEMPATH\CodeIgniter.php(468): CodeIgniter\CodeIgniter->runController(Object(App\Controllers\Antrian))
 4 SYSTEMPATH\CodeIgniter.php(351): CodeIgniter\CodeIgniter->handleRequest(null, Object(Config\Cache), false)
 5 FCPATH\index.php(55): CodeIgniter\CodeIgniter->run()
 6 SYSTEMPATH\Commands\Server\rewrite.php(43): require_once('FCPATH\\index.php')
CRITICAL - 2022-07-04 01:58:24 --> compact(): Undefined variable $loket
in APPPATH\Controllers\Antrian.php on line 44.
 1 [internal function]: CodeIgniter\Debug\Exceptions->errorHandler(2, 'compact(): Undefined variable $loket', 'APPPATH\\Controllers\\Antrian.php', 44)
 2 APPPATH\Controllers\Antrian.php(44): compact('title', 'pelayanan', 'loket')
 3 SYSTEMPATH\CodeIgniter.php(898): App\Controllers\Antrian->add()
 4 SYSTEMPATH\CodeIgniter.php(468): CodeIgniter\CodeIgniter->runController(Object(App\Controllers\Antrian))
 5 SYSTEMPATH\CodeIgniter.php(351): CodeIgniter\CodeIgniter->handleRequest(null, Object(Config\Cache), false)
 6 FCPATH\index.php(55): CodeIgniter\CodeIgniter->run()
 7 SYSTEMPATH\Commands\Server\rewrite.php(43): require_once('FCPATH\\index.php')
CRITICAL - 2022-07-04 01:58:40 --> Array callback must have exactly two elements
in APPPATH\Views\user\antrian\formadd.php on line 20.
 1 SYSTEMPATH\View\View.php(213): include()
 2 SYSTEMPATH\View\View.php(216): CodeIgniter\View\View->CodeIgniter\View\{closure}()
 3 SYSTEMPATH\Common.php(1135): CodeIgniter\View\View->render('user/antrian/formadd', [], true)
 4 APPPATH\Controllers\Antrian.php(44): view('user/antrian/formadd', [...])
 5 SYSTEMPATH\CodeIgniter.php(898): App\Controllers\Antrian->add()
 6 SYSTEMPATH\CodeIgniter.php(468): CodeIgniter\CodeIgniter->runController(Object(App\Controllers\Antrian))
 7 SYSTEMPATH\CodeIgniter.php(351): CodeIgniter\CodeIgniter->handleRequest(null, Object(Config\Cache), false)
 8 FCPATH\index.php(55): CodeIgniter\CodeIgniter->run()
 9 SYSTEMPATH\Commands\Server\rewrite.php(43): require_once('FCPATH\\index.php')
CRITICAL - 2022-07-04 01:59:46 --> compact(): Undefined variable $antrian
in APPPATH\Controllers\Antrian.php on line 46.
 1 [internal function]: CodeIgniter\Debug\Exceptions->errorHandler(2, 'compact(): Undefined variable $antrian', 'APPPATH\\Controllers\\Antrian.php', 46)
 2 APPPATH\Controllers\Antrian.php(46): compact('title', 'pelayanan', 'antrian')
 3 SYSTEMPATH\CodeIgniter.php(898): App\Controllers\Antrian->add()
 4 SYSTEMPATH\CodeIgniter.php(468): CodeIgniter\CodeIgniter->runController(Object(App\Controllers\Antrian))
 5 SYSTEMPATH\CodeIgniter.php(351): CodeIgniter\CodeIgniter->handleRequest(null, Object(Config\Cache), false)
 6 FCPATH\index.php(55): CodeIgniter\CodeIgniter->run()
 7 SYSTEMPATH\Commands\Server\rewrite.php(43): require_once('FCPATH\\index.php')
CRITICAL - 2022-07-04 01:59:58 --> Array callback must have exactly two elements
in APPPATH\Views\user\antrian\formadd.php on line 20.
 1 SYSTEMPATH\View\View.php(213): include()
 2 SYSTEMPATH\View\View.php(216): CodeIgniter\View\View->CodeIgniter\View\{closure}()
 3 SYSTEMPATH\Common.php(1135): CodeIgniter\View\View->render('user/antrian/formadd', [], true)
 4 APPPATH\Controllers\Antrian.php(46): view('user/antrian/formadd', [...])
 5 SYSTEMPATH\CodeIgniter.php(898): App\Controllers\Antrian->add()
 6 SYSTEMPATH\CodeIgniter.php(468): CodeIgniter\CodeIgniter->runController(Object(App\Controllers\Antrian))
 7 SYSTEMPATH\CodeIgniter.php(351): CodeIgniter\CodeIgniter->handleRequest(null, Object(Config\Cache), false)
 8 FCPATH\index.php(55): CodeIgniter\CodeIgniter->run()
 9 SYSTEMPATH\Commands\Server\rewrite.php(43): require_once('FCPATH\\index.php')
CRITICAL - 2022-07-04 02:07:01 --> Undefined array key "nama"
in APPPATH\Views\user\antrian\formadd.php on line 20.
 1 APPPATH\Views\user\antrian\formadd.php(20): CodeIgniter\Debug\Exceptions->errorHandler(2, 'Undefined array key "nama"', 'APPPATH\\Views\\user\\antrian\\formadd.php', 20)
 2 SYSTEMPATH\View\View.php(213): include('APPPATH\\Views\\user\\antrian\\formadd.php')
 3 SYSTEMPATH\View\View.php(216): CodeIgniter\View\View->CodeIgniter\View\{closure}()
 4 SYSTEMPATH\Common.php(1135): CodeIgniter\View\View->render('user/antrian/formadd', [], true)
 5 APPPATH\Controllers\Antrian.php(46): view('user/antrian/formadd', [...])
 6 SYSTEMPATH\CodeIgniter.php(898): App\Controllers\Antrian->add()
 7 SYSTEMPATH\CodeIgniter.php(468): CodeIgniter\CodeIgniter->runController(Object(App\Controllers\Antrian))
 8 SYSTEMPATH\CodeIgniter.php(351): CodeIgniter\CodeIgniter->handleRequest(null, Object(Config\Cache), false)
 9 FCPATH\index.php(55): CodeIgniter\CodeIgniter->run()
10 SYSTEMPATH\Commands\Server\rewrite.php(43): require_once('FCPATH\\index.php')
CRITICAL - 2022-07-04 02:07:52 --> Array callback must have exactly two elements
in APPPATH\Views\user\antrian\formadd.php on line 20.
 1 SYSTEMPATH\View\View.php(213): include()
 2 SYSTEMPATH\View\View.php(216): CodeIgniter\View\View->CodeIgniter\View\{closure}()
 3 SYSTEMPATH\Common.php(1135): CodeIgniter\View\View->render('user/antrian/formadd', [], true)
 4 APPPATH\Controllers\Antrian.php(46): view('user/antrian/formadd', [...])
 5 SYSTEMPATH\CodeIgniter.php(898): App\Controllers\Antrian->add()
 6 SYSTEMPATH\CodeIgniter.php(468): CodeIgniter\CodeIgniter->runController(Object(App\Controllers\Antrian))
 7 SYSTEMPATH\CodeIgniter.php(351): CodeIgniter\CodeIgniter->handleRequest(null, Object(Config\Cache), false)
 8 FCPATH\index.php(55): CodeIgniter\CodeIgniter->run()
 9 SYSTEMPATH\Commands\Server\rewrite.php(43): require_once('FCPATH\\index.php')
CRITICAL - 2022-07-04 02:08:06 --> syntax error, unexpected token ",", expecting "]"
in APPPATH\Views\user\antrian\formadd.php on line 20.
 1 SYSTEMPATH\View\View.php(216): CodeIgniter\View\View->CodeIgniter\View\{closure}()
 2 SYSTEMPATH\Common.php(1135): CodeIgniter\View\View->render('user/antrian/formadd', [], true)
 3 APPPATH\Controllers\Antrian.php(46): view('user/antrian/formadd', [...])
 4 SYSTEMPATH\CodeIgniter.php(898): App\Controllers\Antrian->add()
 5 SYSTEMPATH\CodeIgniter.php(468): CodeIgniter\CodeIgniter->runController(Object(App\Controllers\Antrian))
 6 SYSTEMPATH\CodeIgniter.php(351): CodeIgniter\CodeIgniter->handleRequest(null, Object(Config\Cache), false)
 7 FCPATH\index.php(55): CodeIgniter\CodeIgniter->run()
 8 SYSTEMPATH\Commands\Server\rewrite.php(43): require_once('FCPATH\\index.php')
CRITICAL - 2022-07-04 02:08:24 --> syntax error, unexpected token ",", expecting "]"
in APPPATH\Views\user\antrian\formadd.php on line 20.
 1 SYSTEMPATH\View\View.php(216): CodeIgniter\View\View->CodeIgniter\View\{closure}()
 2 SYSTEMPATH\Common.php(1135): CodeIgniter\View\View->render('user/antrian/formadd', [], true)
 3 APPPATH\Controllers\Antrian.php(46): view('user/antrian/formadd', [...])
 4 SYSTEMPATH\CodeIgniter.php(898): App\Controllers\Antrian->add()
 5 SYSTEMPATH\CodeIgniter.php(468): CodeIgniter\CodeIgniter->runController(Object(App\Controllers\Antrian))
 6 SYSTEMPATH\CodeIgniter.php(351): CodeIgniter\CodeIgniter->handleRequest(null, Object(Config\Cache), false)
 7 FCPATH\index.php(55): CodeIgniter\CodeIgniter->run()
 8 SYSTEMPATH\Commands\Server\rewrite.php(43): require_once('FCPATH\\index.php')
CRITICAL - 2022-07-04 02:18:49 --> Undefined array key "nama"
in APPPATH\Views\user\antrian\formadd.php on line 15.
 1 APPPATH\Views\user\antrian\formadd.php(15): CodeIgniter\Debug\Exceptions->errorHandler(2, 'Undefined array key "nama"', 'APPPATH\\Views\\user\\antrian\\formadd.php', 15)
 2 SYSTEMPATH\View\View.php(213): include('APPPATH\\Views\\user\\antrian\\formadd.php')
 3 SYSTEMPATH\View\View.php(216): CodeIgniter\View\View->CodeIgniter\View\{closure}()
 4 SYSTEMPATH\Common.php(1135): CodeIgniter\View\View->render('user/antrian/formadd', [], true)
 5 APPPATH\Controllers\Antrian.php(46): view('user/antrian/formadd', [...])
 6 SYSTEMPATH\CodeIgniter.php(898): App\Controllers\Antrian->add()
 7 SYSTEMPATH\CodeIgniter.php(468): CodeIgniter\CodeIgniter->runController(Object(App\Controllers\Antrian))
 8 SYSTEMPATH\CodeIgniter.php(351): CodeIgniter\CodeIgniter->handleRequest(null, Object(Config\Cache), false)
 9 FCPATH\index.php(55): CodeIgniter\CodeIgniter->run()
10 SYSTEMPATH\Commands\Server\rewrite.php(43): require_once('FCPATH\\index.php')
CRITICAL - 2022-07-04 02:26:55 --> Undefined variable $slug
in APPPATH\Controllers\Antrian.php on line 33.
 1 APPPATH\Controllers\Antrian.php(33): CodeIgniter\Debug\Exceptions->errorHandler(2, 'Undefined variable $slug', 'APPPATH\\Controllers\\Antrian.php', 33)
 2 SYSTEMPATH\CodeIgniter.php(898): App\Controllers\Antrian->add()
 3 SYSTEMPATH\CodeIgniter.php(468): CodeIgniter\CodeIgniter->runController(Object(App\Controllers\Antrian))
 4 SYSTEMPATH\CodeIgniter.php(351): CodeIgniter\CodeIgniter->handleRequest(null, Object(Config\Cache), false)
 5 FCPATH\index.php(55): CodeIgniter\CodeIgniter->run()
 6 SYSTEMPATH\Commands\Server\rewrite.php(43): require_once('FCPATH\\index.php')
CRITICAL - 2022-07-04 02:41:40 --> Undefined variable $pelayanan
in APPPATH\Views\user\antrian\index.php on line 15.
 1 APPPATH\Views\user\antrian\index.php(15): CodeIgniter\Debug\Exceptions->errorHandler(2, 'Undefined variable $pelayanan', 'APPPATH\\Views\\user\\antrian\\index.php', 15)
 2 SYSTEMPATH\View\View.php(213): include('APPPATH\\Views\\user\\antrian\\index.php')
 3 SYSTEMPATH\View\View.php(216): CodeIgniter\View\View->CodeIgniter\View\{closure}()
 4 SYSTEMPATH\Common.php(1135): CodeIgniter\View\View->render('user/antrian/index', [], true)
 5 APPPATH\Controllers\Antrian.php(24): view('user/antrian/index', [...])
 6 SYSTEMPATH\CodeIgniter.php(898): App\Controllers\Antrian->index()
 7 SYSTEMPATH\CodeIgniter.php(468): CodeIgniter\CodeIgniter->runController(Object(App\Controllers\Antrian))
 8 SYSTEMPATH\CodeIgniter.php(351): CodeIgniter\CodeIgniter->handleRequest(null, Object(Config\Cache), false)
 9 FCPATH\index.php(55): CodeIgniter\CodeIgniter->run()
10 SYSTEMPATH\Commands\Server\rewrite.php(43): require_once('FCPATH\\index.php')
CRITICAL - 2022-07-04 03:05:16 --> Undefined variable $slug
in APPPATH\Controllers\Antrian.php on line 25.
 1 APPPATH\Controllers\Antrian.php(25): CodeIgniter\Debug\Exceptions->errorHandler(2, 'Undefined variable $slug', 'APPPATH\\Controllers\\Antrian.php', 25)
 2 SYSTEMPATH\CodeIgniter.php(898): App\Controllers\Antrian->index()
 3 SYSTEMPATH\CodeIgniter.php(468): CodeIgniter\CodeIgniter->runController(Object(App\Controllers\Antrian))
 4 SYSTEMPATH\CodeIgniter.php(351): CodeIgniter\CodeIgniter->handleRequest(null, Object(Config\Cache), false)
 5 FCPATH\index.php(55): CodeIgniter\CodeIgniter->run()
 6 SYSTEMPATH\Commands\Server\rewrite.php(43): require_once('FCPATH\\index.php')
CRITICAL - 2022-07-04 03:07:18 --> Undefined variable $slug
in APPPATH\Controllers\Antrian.php on line 25.
 1 APPPATH\Controllers\Antrian.php(25): CodeIgniter\Debug\Exceptions->errorHandler(2, 'Undefined variable $slug', 'APPPATH\\Controllers\\Antrian.php', 25)
 2 SYSTEMPATH\CodeIgniter.php(898): App\Controllers\Antrian->index()
 3 SYSTEMPATH\CodeIgniter.php(468): CodeIgniter\CodeIgniter->runController(Object(App\Controllers\Antrian))
 4 SYSTEMPATH\CodeIgniter.php(351): CodeIgniter\CodeIgniter->handleRequest(null, Object(Config\Cache), false)
 5 FCPATH\index.php(55): CodeIgniter\CodeIgniter->run()
 6 SYSTEMPATH\Commands\Server\rewrite.php(43): require_once('FCPATH\\index.php')
CRITICAL - 2022-07-04 03:10:13 --> Too few arguments to function App\Controllers\Antrian::index(), 0 passed in C:\xampp\htdocs\lab15uas\ci4\system\CodeIgniter.php on line 898 and exactly 1 expected
in APPPATH\Controllers\Antrian.php on line 18.
 1 SYSTEMPATH\CodeIgniter.php(898): App\Controllers\Antrian->index()
 2 SYSTEMPATH\CodeIgniter.php(468): CodeIgniter\CodeIgniter->runController(Object(App\Controllers\Antrian))
 3 SYSTEMPATH\CodeIgniter.php(351): CodeIgniter\CodeIgniter->handleRequest(null, Object(Config\Cache), false)
 4 FCPATH\index.php(55): CodeIgniter\CodeIgniter->run()
 5 SYSTEMPATH\Commands\Server\rewrite.php(43): require_once('FCPATH\\index.php')
CRITICAL - 2022-07-04 03:29:23 --> compact(): Undefined variable $artikel
in APPPATH\Controllers\Antrian.php on line 38.
 1 [internal function]: CodeIgniter\Debug\Exceptions->errorHandler(2, 'compact(): Undefined variable $artikel', 'APPPATH\\Controllers\\Antrian.php', 38)
 2 APPPATH\Controllers\Antrian.php(38): compact('artikel', 'title')
 3 SYSTEMPATH\CodeIgniter.php(898): App\Controllers\Antrian->view('2')
 4 SYSTEMPATH\CodeIgniter.php(468): CodeIgniter\CodeIgniter->runController(Object(App\Controllers\Antrian))
 5 SYSTEMPATH\CodeIgniter.php(351): CodeIgniter\CodeIgniter->handleRequest(null, Object(Config\Cache), false)
 6 FCPATH\index.php(55): CodeIgniter\CodeIgniter->run()
 7 SYSTEMPATH\Commands\Server\rewrite.php(43): require_once('FCPATH\\index.php')
CRITICAL - 2022-07-04 03:29:46 --> Cannot access offset of type string on string
in APPPATH\Views\user\antrian\formadd.php on line 10.
 1 SYSTEMPATH\View\View.php(213): include()
 2 SYSTEMPATH\View\View.php(216): CodeIgniter\View\View->CodeIgniter\View\{closure}()
 3 SYSTEMPATH\Common.php(1135): CodeIgniter\View\View->render('user/antrian/formadd', [], true)
 4 APPPATH\Controllers\Antrian.php(38): view('user/antrian/formadd', [...])
 5 SYSTEMPATH\CodeIgniter.php(898): App\Controllers\Antrian->view('2')
 6 SYSTEMPATH\CodeIgniter.php(468): CodeIgniter\CodeIgniter->runController(Object(App\Controllers\Antrian))
 7 SYSTEMPATH\CodeIgniter.php(351): CodeIgniter\CodeIgniter->handleRequest(null, Object(Config\Cache), false)
 8 FCPATH\index.php(55): CodeIgniter\CodeIgniter->run()
 9 SYSTEMPATH\Commands\Server\rewrite.php(43): require_once('FCPATH\\index.php')
CRITICAL - 2022-07-04 03:32:10 --> Cannot access offset of type string on string
in APPPATH\Views\user\antrian\formadd.php on line 10.
 1 SYSTEMPATH\View\View.php(213): include()
 2 SYSTEMPATH\View\View.php(216): CodeIgniter\View\View->CodeIgniter\View\{closure}()
 3 SYSTEMPATH\Common.php(1135): CodeIgniter\View\View->render('user/antrian/formadd', [], true)
 4 APPPATH\Controllers\Antrian.php(38): view('user/antrian/formadd', [...])
 5 SYSTEMPATH\CodeIgniter.php(898): App\Controllers\Antrian->view('2')
 6 SYSTEMPATH\CodeIgniter.php(468): CodeIgniter\CodeIgniter->runController(Object(App\Controllers\Antrian))
 7 SYSTEMPATH\CodeIgniter.php(351): CodeIgniter\CodeIgniter->handleRequest(null, Object(Config\Cache), false)
 8 FCPATH\index.php(55): CodeIgniter\CodeIgniter->run()
 9 SYSTEMPATH\Commands\Server\rewrite.php(43): require_once('FCPATH\\index.php')
CRITICAL - 2022-07-04 03:37:32 --> Undefined variable $loket
in APPPATH\Views\user\antrian\formadd.php on line 5.
 1 APPPATH\Views\user\antrian\formadd.php(5): CodeIgniter\Debug\Exceptions->errorHandler(2, 'Undefined variable $loket', 'APPPATH\\Views\\user\\antrian\\formadd.php', 5)
 2 SYSTEMPATH\View\View.php(213): include('APPPATH\\Views\\user\\antrian\\formadd.php')
 3 SYSTEMPATH\View\View.php(216): CodeIgniter\View\View->CodeIgniter\View\{closure}()
 4 SYSTEMPATH\Common.php(1135): CodeIgniter\View\View->render('user/antrian/formadd', [], true)
 5 APPPATH\Controllers\Antrian.php(39): view('user/antrian/formadd', [...])
 6 SYSTEMPATH\CodeIgniter.php(898): App\Controllers\Antrian->view('2')
 7 SYSTEMPATH\CodeIgniter.php(468): CodeIgniter\CodeIgniter->runController(Object(App\Controllers\Antrian))
 8 SYSTEMPATH\CodeIgniter.php(351): CodeIgniter\CodeIgniter->handleRequest(null, Object(Config\Cache), false)
 9 FCPATH\index.php(55): CodeIgniter\CodeIgniter->run()
10 SYSTEMPATH\Commands\Server\rewrite.php(43): require_once('FCPATH\\index.php')
CRITICAL - 2022-07-04 03:38:00 --> Undefined array key "pelayanan_id"
in APPPATH\Views\user\antrian\formadd.php on line 5.
 1 APPPATH\Views\user\antrian\formadd.php(5): CodeIgniter\Debug\Exceptions->errorHandler(2, 'Undefined array key "pelayanan_id"', 'APPPATH\\Views\\user\\antrian\\formadd.php', 5)
 2 SYSTEMPATH\View\View.php(213): include('APPPATH\\Views\\user\\antrian\\formadd.php')
 3 SYSTEMPATH\View\View.php(216): CodeIgniter\View\View->CodeIgniter\View\{closure}()
 4 SYSTEMPATH\Common.php(1135): CodeIgniter\View\View->render('user/antrian/formadd', [], true)
 5 APPPATH\Controllers\Antrian.php(39): view('user/antrian/formadd', [...])
 6 SYSTEMPATH\CodeIgniter.php(898): App\Controllers\Antrian->view('2')
 7 SYSTEMPATH\CodeIgniter.php(468): CodeIgniter\CodeIgniter->runController(Object(App\Controllers\Antrian))
 8 SYSTEMPATH\CodeIgniter.php(351): CodeIgniter\CodeIgniter->handleRequest(null, Object(Config\Cache), false)
 9 FCPATH\index.php(55): CodeIgniter\CodeIgniter->run()
10 SYSTEMPATH\Commands\Server\rewrite.php(43): require_once('FCPATH\\index.php')
CRITICAL - 2022-07-04 03:40:13 --> Call to undefined method App\Models\PelayananModel::getPelayanan
in SYSTEMPATH\Model.php on line 773.
 1 APPPATH\Controllers\Antrian.php(32): CodeIgniter\Model->__call('getPelayanan', [])
 2 SYSTEMPATH\CodeIgniter.php(898): App\Controllers\Antrian->view('2')
 3 SYSTEMPATH\CodeIgniter.php(468): CodeIgniter\CodeIgniter->runController(Object(App\Controllers\Antrian))
 4 SYSTEMPATH\CodeIgniter.php(351): CodeIgniter\CodeIgniter->handleRequest(null, Object(Config\Cache), false)
 5 FCPATH\index.php(55): CodeIgniter\CodeIgniter->run()
 6 SYSTEMPATH\Commands\Server\rewrite.php(43): require_once('FCPATH\\index.php')
CRITICAL - 2022-07-04 03:41:24 --> Undefined array key "pelayanan_id"
in APPPATH\Views\user\antrian\formadd.php on line 5.
 1 APPPATH\Views\user\antrian\formadd.php(5): CodeIgniter\Debug\Exceptions->errorHandler(2, 'Undefined array key "pelayanan_id"', 'APPPATH\\Views\\user\\antrian\\formadd.php', 5)
 2 SYSTEMPATH\View\View.php(213): include('APPPATH\\Views\\user\\antrian\\formadd.php')
 3 SYSTEMPATH\View\View.php(216): CodeIgniter\View\View->CodeIgniter\View\{closure}()
 4 SYSTEMPATH\Common.php(1135): CodeIgniter\View\View->render('user/antrian/formadd', [], true)
 5 APPPATH\Controllers\Antrian.php(40): view('user/antrian/formadd', [...])
 6 SYSTEMPATH\CodeIgniter.php(898): App\Controllers\Antrian->view('2')
 7 SYSTEMPATH\CodeIgniter.php(468): CodeIgniter\CodeIgniter->runController(Object(App\Controllers\Antrian))
 8 SYSTEMPATH\CodeIgniter.php(351): CodeIgniter\CodeIgniter->handleRequest(null, Object(Config\Cache), false)
 9 FCPATH\index.php(55): CodeIgniter\CodeIgniter->run()
10 SYSTEMPATH\Commands\Server\rewrite.php(43): require_once('FCPATH\\index.php')
CRITICAL - 2022-07-04 03:42:29 --> Undefined variable $loket
in APPPATH\Views\user\antrian\formadd.php on line 5.
 1 APPPATH\Views\user\antrian\formadd.php(5): CodeIgniter\Debug\Exceptions->errorHandler(2, 'Undefined variable $loket', 'APPPATH\\Views\\user\\antrian\\formadd.php', 5)
 2 SYSTEMPATH\View\View.php(213): include('APPPATH\\Views\\user\\antrian\\formadd.php')
 3 SYSTEMPATH\View\View.php(216): CodeIgniter\View\View->CodeIgniter\View\{closure}()
 4 SYSTEMPATH\Common.php(1135): CodeIgniter\View\View->render('user/antrian/formadd', [], true)
 5 APPPATH\Controllers\Antrian.php(40): view('user/antrian/formadd', [...])
 6 SYSTEMPATH\CodeIgniter.php(898): App\Controllers\Antrian->view('2')
 7 SYSTEMPATH\CodeIgniter.php(468): CodeIgniter\CodeIgniter->runController(Object(App\Controllers\Antrian))
 8 SYSTEMPATH\CodeIgniter.php(351): CodeIgniter\CodeIgniter->handleRequest(null, Object(Config\Cache), false)
 9 FCPATH\index.php(55): CodeIgniter\CodeIgniter->run()
10 SYSTEMPATH\Commands\Server\rewrite.php(43): require_once('FCPATH\\index.php')
CRITICAL - 2022-07-04 03:43:57 --> Undefined array key "pelayanan_id"
in APPPATH\Views\user\antrian\formadd.php on line 5.
 1 APPPATH\Views\user\antrian\formadd.php(5): CodeIgniter\Debug\Exceptions->errorHandler(2, 'Undefined array key "pelayanan_id"', 'APPPATH\\Views\\user\\antrian\\formadd.php', 5)
 2 SYSTEMPATH\View\View.php(213): include('APPPATH\\Views\\user\\antrian\\formadd.php')
 3 SYSTEMPATH\View\View.php(216): CodeIgniter\View\View->CodeIgniter\View\{closure}()
 4 SYSTEMPATH\Common.php(1135): CodeIgniter\View\View->render('user/antrian/formadd', [], true)
 5 APPPATH\Controllers\Antrian.php(40): view('user/antrian/formadd', [...])
 6 SYSTEMPATH\CodeIgniter.php(898): App\Controllers\Antrian->view('2')
 7 SYSTEMPATH\CodeIgniter.php(468): CodeIgniter\CodeIgniter->runController(Object(App\Controllers\Antrian))
 8 SYSTEMPATH\CodeIgniter.php(351): CodeIgniter\CodeIgniter->handleRequest(null, Object(Config\Cache), false)
 9 FCPATH\index.php(55): CodeIgniter\CodeIgniter->run()
10 SYSTEMPATH\Commands\Server\rewrite.php(43): require_once('FCPATH\\index.php')
CRITICAL - 2022-07-04 03:44:47 --> Undefined array key "nama"
in APPPATH\Views\user\antrian\formadd.php on line 5.
 1 APPPATH\Views\user\antrian\formadd.php(5): CodeIgniter\Debug\Exceptions->errorHandler(2, 'Undefined array key "nama"', 'APPPATH\\Views\\user\\antrian\\formadd.php', 5)
 2 SYSTEMPATH\View\View.php(213): include('APPPATH\\Views\\user\\antrian\\formadd.php')
 3 SYSTEMPATH\View\View.php(216): CodeIgniter\View\View->CodeIgniter\View\{closure}()
 4 SYSTEMPATH\Common.php(1135): CodeIgniter\View\View->render('user/antrian/formadd', [], true)
 5 APPPATH\Controllers\Antrian.php(40): view('user/antrian/formadd', [...])
 6 SYSTEMPATH\CodeIgniter.php(898): App\Controllers\Antrian->view('2')
 7 SYSTEMPATH\CodeIgniter.php(468): CodeIgniter\CodeIgniter->runController(Object(App\Controllers\Antrian))
 8 SYSTEMPATH\CodeIgniter.php(351): CodeIgniter\CodeIgniter->handleRequest(null, Object(Config\Cache), false)
 9 FCPATH\index.php(55): CodeIgniter\CodeIgniter->run()
10 SYSTEMPATH\Commands\Server\rewrite.php(43): require_once('FCPATH\\index.php')
CRITICAL - 2022-07-04 03:45:17 --> Undefined array key "nama_loket"
in APPPATH\Views\user\antrian\formadd.php on line 5.
 1 APPPATH\Views\user\antrian\formadd.php(5): CodeIgniter\Debug\Exceptions->errorHandler(2, 'Undefined array key "nama_loket"', 'APPPATH\\Views\\user\\antrian\\formadd.php', 5)
 2 SYSTEMPATH\View\View.php(213): include('APPPATH\\Views\\user\\antrian\\formadd.php')
 3 SYSTEMPATH\View\View.php(216): CodeIgniter\View\View->CodeIgniter\View\{closure}()
 4 SYSTEMPATH\Common.php(1135): CodeIgniter\View\View->render('user/antrian/formadd', [], true)
 5 APPPATH\Controllers\Antrian.php(40): view('user/antrian/formadd', [...])
 6 SYSTEMPATH\CodeIgniter.php(898): App\Controllers\Antrian->view('2')
 7 SYSTEMPATH\CodeIgniter.php(468): CodeIgniter\CodeIgniter->runController(Object(App\Controllers\Antrian))
 8 SYSTEMPATH\CodeIgniter.php(351): CodeIgniter\CodeIgniter->handleRequest(null, Object(Config\Cache), false)
 9 FCPATH\index.php(55): CodeIgniter\CodeIgniter->run()
10 SYSTEMPATH\Commands\Server\rewrite.php(43): require_once('FCPATH\\index.php')
CRITICAL - 2022-07-04 03:47:36 --> Undefined array key "nama_loket"
in APPPATH\Views\user\antrian\formadd.php on line 5.
 1 APPPATH\Views\user\antrian\formadd.php(5): CodeIgniter\Debug\Exceptions->errorHandler(2, 'Undefined array key "nama_loket"', 'APPPATH\\Views\\user\\antrian\\formadd.php', 5)
 2 SYSTEMPATH\View\View.php(213): include('APPPATH\\Views\\user\\antrian\\formadd.php')
 3 SYSTEMPATH\View\View.php(216): CodeIgniter\View\View->CodeIgniter\View\{closure}()
 4 SYSTEMPATH\Common.php(1135): CodeIgniter\View\View->render('user/antrian/formadd', [], true)
 5 APPPATH\Controllers\Antrian.php(41): view('user/antrian/formadd', [...])
 6 SYSTEMPATH\CodeIgniter.php(898): App\Controllers\Antrian->view('2')
 7 SYSTEMPATH\CodeIgniter.php(468): CodeIgniter\CodeIgniter->runController(Object(App\Controllers\Antrian))
 8 SYSTEMPATH\CodeIgniter.php(351): CodeIgniter\CodeIgniter->handleRequest(null, Object(Config\Cache), false)
 9 FCPATH\index.php(55): CodeIgniter\CodeIgniter->run()
10 SYSTEMPATH\Commands\Server\rewrite.php(43): require_once('FCPATH\\index.php')
CRITICAL - 2022-07-04 03:50:01 --> Undefined array key "pelayanan_id"
in APPPATH\Views\user\antrian\formadd.php on line 5.
 1 APPPATH\Views\user\antrian\formadd.php(5): CodeIgniter\Debug\Exceptions->errorHandler(2, 'Undefined array key "pelayanan_id"', 'APPPATH\\Views\\user\\antrian\\formadd.php', 5)
 2 SYSTEMPATH\View\View.php(213): include('APPPATH\\Views\\user\\antrian\\formadd.php')
 3 SYSTEMPATH\View\View.php(216): CodeIgniter\View\View->CodeIgniter\View\{closure}()
 4 SYSTEMPATH\Common.php(1135): CodeIgniter\View\View->render('user/antrian/formadd', [], true)
 5 APPPATH\Controllers\Antrian.php(41): view('user/antrian/formadd', [...])
 6 SYSTEMPATH\CodeIgniter.php(898): App\Controllers\Antrian->view('2')
 7 SYSTEMPATH\CodeIgniter.php(468): CodeIgniter\CodeIgniter->runController(Object(App\Controllers\Antrian))
 8 SYSTEMPATH\CodeIgniter.php(351): CodeIgniter\CodeIgniter->handleRequest(null, Object(Config\Cache), false)
 9 FCPATH\index.php(55): CodeIgniter\CodeIgniter->run()
10 SYSTEMPATH\Commands\Server\rewrite.php(43): require_once('FCPATH\\index.php')
CRITICAL - 2022-07-04 03:54:14 --> Cannot access offset of type string on string
in APPPATH\Views\user\antrian\formadd.php on line 13.
 1 SYSTEMPATH\View\View.php(213): include()
 2 SYSTEMPATH\View\View.php(216): CodeIgniter\View\View->CodeIgniter\View\{closure}()
 3 SYSTEMPATH\Common.php(1135): CodeIgniter\View\View->render('user/antrian/formadd', [], true)
 4 APPPATH\Controllers\Antrian.php(41): view('user/antrian/formadd', [...])
 5 SYSTEMPATH\CodeIgniter.php(898): App\Controllers\Antrian->view('2')
 6 SYSTEMPATH\CodeIgniter.php(468): CodeIgniter\CodeIgniter->runController(Object(App\Controllers\Antrian))
 7 SYSTEMPATH\CodeIgniter.php(351): CodeIgniter\CodeIgniter->handleRequest(null, Object(Config\Cache), false)
 8 FCPATH\index.php(55): CodeIgniter\CodeIgniter->run()
 9 SYSTEMPATH\Commands\Server\rewrite.php(43): require_once('FCPATH\\index.php')
CRITICAL - 2022-07-04 03:56:03 --> Undefined array key "loket_id"
in APPPATH\Views\user\antrian\formadd.php on line 6.
 1 APPPATH\Views\user\antrian\formadd.php(6): CodeIgniter\Debug\Exceptions->errorHandler(2, 'Undefined array key "loket_id"', 'APPPATH\\Views\\user\\antrian\\formadd.php', 6)
 2 SYSTEMPATH\View\View.php(213): include('APPPATH\\Views\\user\\antrian\\formadd.php')
 3 SYSTEMPATH\View\View.php(216): CodeIgniter\View\View->CodeIgniter\View\{closure}()
 4 SYSTEMPATH\Common.php(1135): CodeIgniter\View\View->render('user/antrian/formadd', [], true)
 5 APPPATH\Controllers\Antrian.php(40): view('user/antrian/formadd', [...])
 6 SYSTEMPATH\CodeIgniter.php(898): App\Controllers\Antrian->view('2')
 7 SYSTEMPATH\CodeIgniter.php(468): CodeIgniter\CodeIgniter->runController(Object(App\Controllers\Antrian))
 8 SYSTEMPATH\CodeIgniter.php(351): CodeIgniter\CodeIgniter->handleRequest(null, Object(Config\Cache), false)
 9 FCPATH\index.php(55): CodeIgniter\CodeIgniter->run()
10 SYSTEMPATH\Commands\Server\rewrite.php(43): require_once('FCPATH\\index.php')
CRITICAL - 2022-07-04 03:56:15 --> Cannot access offset of type string on string
in APPPATH\Views\user\antrian\formadd.php on line 11.
 1 SYSTEMPATH\View\View.php(213): include()
 2 SYSTEMPATH\View\View.php(216): CodeIgniter\View\View->CodeIgniter\View\{closure}()
 3 SYSTEMPATH\Common.php(1135): CodeIgniter\View\View->render('user/antrian/formadd', [], true)
 4 APPPATH\Controllers\Antrian.php(40): view('user/antrian/formadd', [...])
 5 SYSTEMPATH\CodeIgniter.php(898): App\Controllers\Antrian->view('2')
 6 SYSTEMPATH\CodeIgniter.php(468): CodeIgniter\CodeIgniter->runController(Object(App\Controllers\Antrian))
 7 SYSTEMPATH\CodeIgniter.php(351): CodeIgniter\CodeIgniter->handleRequest(null, Object(Config\Cache), false)
 8 FCPATH\index.php(55): CodeIgniter\CodeIgniter->run()
 9 SYSTEMPATH\Commands\Server\rewrite.php(43): require_once('FCPATH\\index.php')
CRITICAL - 2022-07-04 03:56:18 --> Cannot access offset of type string on string
in APPPATH\Views\user\antrian\formadd.php on line 11.
 1 SYSTEMPATH\View\View.php(213): include()
 2 SYSTEMPATH\View\View.php(216): CodeIgniter\View\View->CodeIgniter\View\{closure}()
 3 SYSTEMPATH\Common.php(1135): CodeIgniter\View\View->render('user/antrian/formadd', [], true)
 4 APPPATH\Controllers\Antrian.php(40): view('user/antrian/formadd', [...])
 5 SYSTEMPATH\CodeIgniter.php(898): App\Controllers\Antrian->view('2')
 6 SYSTEMPATH\CodeIgniter.php(468): CodeIgniter\CodeIgniter->runController(Object(App\Controllers\Antrian))
 7 SYSTEMPATH\CodeIgniter.php(351): CodeIgniter\CodeIgniter->handleRequest(null, Object(Config\Cache), false)
 8 FCPATH\index.php(55): CodeIgniter\CodeIgniter->run()
 9 SYSTEMPATH\Commands\Server\rewrite.php(43): require_once('FCPATH\\index.php')
CRITICAL - 2022-07-04 03:57:21 --> Undefined variable $row
in APPPATH\Views\user\antrian\index.php on line 5.
 1 APPPATH\Views\user\antrian\index.php(5): CodeIgniter\Debug\Exceptions->errorHandler(2, 'Undefined variable $row', 'APPPATH\\Views\\user\\antrian\\index.php', 5)
 2 SYSTEMPATH\View\View.php(213): include('APPPATH\\Views\\user\\antrian\\index.php')
 3 SYSTEMPATH\View\View.php(216): CodeIgniter\View\View->CodeIgniter\View\{closure}()
 4 SYSTEMPATH\Common.php(1135): CodeIgniter\View\View->render('user/antrian/index', [], true)
 5 APPPATH\Controllers\Antrian.php(26): view('user/antrian/index', [...])
 6 SYSTEMPATH\CodeIgniter.php(898): App\Controllers\Antrian->index()
 7 SYSTEMPATH\CodeIgniter.php(468): CodeIgniter\CodeIgniter->runController(Object(App\Controllers\Antrian))
 8 SYSTEMPATH\CodeIgniter.php(351): CodeIgniter\CodeIgniter->handleRequest(null, Object(Config\Cache), false)
 9 FCPATH\index.php(55): CodeIgniter\CodeIgniter->run()
10 SYSTEMPATH\Commands\Server\rewrite.php(43): require_once('FCPATH\\index.php')
CRITICAL - 2022-07-04 03:57:26 --> Undefined variable $row
in APPPATH\Views\user\antrian\index.php on line 5.
 1 APPPATH\Views\user\antrian\index.php(5): CodeIgniter\Debug\Exceptions->errorHandler(2, 'Undefined variable $row', 'APPPATH\\Views\\user\\antrian\\index.php', 5)
 2 SYSTEMPATH\View\View.php(213): include('APPPATH\\Views\\user\\antrian\\index.php')
 3 SYSTEMPATH\View\View.php(216): CodeIgniter\View\View->CodeIgniter\View\{closure}()
 4 SYSTEMPATH\Common.php(1135): CodeIgniter\View\View->render('user/antrian/index', [], true)
 5 APPPATH\Controllers\Antrian.php(26): view('user/antrian/index', [...])
 6 SYSTEMPATH\CodeIgniter.php(898): App\Controllers\Antrian->index()
 7 SYSTEMPATH\CodeIgniter.php(468): CodeIgniter\CodeIgniter->runController(Object(App\Controllers\Antrian))
 8 SYSTEMPATH\CodeIgniter.php(351): CodeIgniter\CodeIgniter->handleRequest(null, Object(Config\Cache), false)
 9 FCPATH\index.php(55): CodeIgniter\CodeIgniter->run()
10 SYSTEMPATH\Commands\Server\rewrite.php(43): require_once('FCPATH\\index.php')
CRITICAL - 2022-07-04 03:57:41 --> Undefined variable $row
in APPPATH\Views\user\antrian\index.php on line 5.
 1 APPPATH\Views\user\antrian\index.php(5): CodeIgniter\Debug\Exceptions->errorHandler(2, 'Undefined variable $row', 'APPPATH\\Views\\user\\antrian\\index.php', 5)
 2 SYSTEMPATH\View\View.php(213): include('APPPATH\\Views\\user\\antrian\\index.php')
 3 SYSTEMPATH\View\View.php(216): CodeIgniter\View\View->CodeIgniter\View\{closure}()
 4 SYSTEMPATH\Common.php(1135): CodeIgniter\View\View->render('user/antrian/index', [], true)
 5 APPPATH\Controllers\Antrian.php(26): view('user/antrian/index', [...])
 6 SYSTEMPATH\CodeIgniter.php(898): App\Controllers\Antrian->index()
 7 SYSTEMPATH\CodeIgniter.php(468): CodeIgniter\CodeIgniter->runController(Object(App\Controllers\Antrian))
 8 SYSTEMPATH\CodeIgniter.php(351): CodeIgniter\CodeIgniter->handleRequest(null, Object(Config\Cache), false)
 9 FCPATH\index.php(55): CodeIgniter\CodeIgniter->run()
10 SYSTEMPATH\Commands\Server\rewrite.php(43): require_once('FCPATH\\index.php')
CRITICAL - 2022-07-04 04:03:40 --> Undefined array key "loket_nama"
in APPPATH\Views\user\antrian\formadd.php on line 20.
 1 APPPATH\Views\user\antrian\formadd.php(20): CodeIgniter\Debug\Exceptions->errorHandler(2, 'Undefined array key "loket_nama"', 'APPPATH\\Views\\user\\antrian\\formadd.php', 20)
 2 SYSTEMPATH\View\View.php(213): include('APPPATH\\Views\\user\\antrian\\formadd.php')
 3 SYSTEMPATH\View\View.php(216): CodeIgniter\View\View->CodeIgniter\View\{closure}()
 4 SYSTEMPATH\Common.php(1135): CodeIgniter\View\View->render('user/antrian/formadd', [], true)
 5 APPPATH\Controllers\Antrian.php(48): view('user/antrian/formadd', [...])
 6 SYSTEMPATH\CodeIgniter.php(898): App\Controllers\Antrian->add()
 7 SYSTEMPATH\CodeIgniter.php(468): CodeIgniter\CodeIgniter->runController(Object(App\Controllers\Antrian))
 8 SYSTEMPATH\CodeIgniter.php(351): CodeIgniter\CodeIgniter->handleRequest(null, Object(Config\Cache), false)
 9 FCPATH\index.php(55): CodeIgniter\CodeIgniter->run()
10 SYSTEMPATH\Commands\Server\rewrite.php(43): require_once('FCPATH\\index.php')
CRITICAL - 2022-07-04 04:05:34 --> Array callback must have exactly two elements
in APPPATH\Views\user\antrian\formadd.php on line 20.
 1 SYSTEMPATH\View\View.php(213): include()
 2 SYSTEMPATH\View\View.php(216): CodeIgniter\View\View->CodeIgniter\View\{closure}()
 3 SYSTEMPATH\Common.php(1135): CodeIgniter\View\View->render('user/antrian/formadd', [], true)
 4 APPPATH\Controllers\Antrian.php(48): view('user/antrian/formadd', [...])
 5 SYSTEMPATH\CodeIgniter.php(898): App\Controllers\Antrian->add()
 6 SYSTEMPATH\CodeIgniter.php(468): CodeIgniter\CodeIgniter->runController(Object(App\Controllers\Antrian))
 7 SYSTEMPATH\CodeIgniter.php(351): CodeIgniter\CodeIgniter->handleRequest(null, Object(Config\Cache), false)
 8 FCPATH\index.php(55): CodeIgniter\CodeIgniter->run()
 9 SYSTEMPATH\Commands\Server\rewrite.php(43): require_once('FCPATH\\index.php')
CRITICAL - 2022-07-04 04:07:18 --> Undefined array key "nama"
in APPPATH\Views\user\antrian\formadd.php on line 20.
 1 APPPATH\Views\user\antrian\formadd.php(20): CodeIgniter\Debug\Exceptions->errorHandler(2, 'Undefined array key "nama"', 'APPPATH\\Views\\user\\antrian\\formadd.php', 20)
 2 SYSTEMPATH\View\View.php(213): include('APPPATH\\Views\\user\\antrian\\formadd.php')
 3 SYSTEMPATH\View\View.php(216): CodeIgniter\View\View->CodeIgniter\View\{closure}()
 4 SYSTEMPATH\Common.php(1135): CodeIgniter\View\View->render('user/antrian/formadd', [], true)
 5 APPPATH\Controllers\Antrian.php(48): view('user/antrian/formadd', [...])
 6 SYSTEMPATH\CodeIgniter.php(898): App\Controllers\Antrian->add()
 7 SYSTEMPATH\CodeIgniter.php(468): CodeIgniter\CodeIgniter->runController(Object(App\Controllers\Antrian))
 8 SYSTEMPATH\CodeIgniter.php(351): CodeIgniter\CodeIgniter->handleRequest(null, Object(Config\Cache), false)
 9 FCPATH\index.php(55): CodeIgniter\CodeIgniter->run()
10 SYSTEMPATH\Commands\Server\rewrite.php(43): require_once('FCPATH\\index.php')
CRITICAL - 2022-07-04 04:09:34 --> Undefined variable $loket
in APPPATH\Views\user\antrian\formadd.php on line 19.
 1 APPPATH\Views\user\antrian\formadd.php(19): CodeIgniter\Debug\Exceptions->errorHandler(2, 'Undefined variable $loket', 'APPPATH\\Views\\user\\antrian\\formadd.php', 19)
 2 SYSTEMPATH\View\View.php(213): include('APPPATH\\Views\\user\\antrian\\formadd.php')
 3 SYSTEMPATH\View\View.php(216): CodeIgniter\View\View->CodeIgniter\View\{closure}()
 4 SYSTEMPATH\Common.php(1135): CodeIgniter\View\View->render('user/antrian/formadd', [], true)
 5 APPPATH\Controllers\Antrian.php(49): view('user/antrian/formadd', [...])
 6 SYSTEMPATH\CodeIgniter.php(898): App\Controllers\Antrian->add()
 7 SYSTEMPATH\CodeIgniter.php(468): CodeIgniter\CodeIgniter->runController(Object(App\Controllers\Antrian))
 8 SYSTEMPATH\CodeIgniter.php(351): CodeIgniter\CodeIgniter->handleRequest(null, Object(Config\Cache), false)
 9 FCPATH\index.php(55): CodeIgniter\CodeIgniter->run()
10 SYSTEMPATH\Commands\Server\rewrite.php(43): require_once('FCPATH\\index.php')
CRITICAL - 2022-07-04 04:11:47 --> compact(): Undefined variable $antrian
in APPPATH\Controllers\Antrian.php on line 49.
 1 [internal function]: CodeIgniter\Debug\Exceptions->errorHandler(2, 'compact(): Undefined variable $antrian', 'APPPATH\\Controllers\\Antrian.php', 49)
 2 APPPATH\Controllers\Antrian.php(49): compact('title', 'pelayanan', 'antrian')
 3 SYSTEMPATH\CodeIgniter.php(898): App\Controllers\Antrian->add()
 4 SYSTEMPATH\CodeIgniter.php(468): CodeIgniter\CodeIgniter->runController(Object(App\Controllers\Antrian))
 5 SYSTEMPATH\CodeIgniter.php(351): CodeIgniter\CodeIgniter->handleRequest(null, Object(Config\Cache), false)
 6 FCPATH\index.php(55): CodeIgniter\CodeIgniter->run()
 7 SYSTEMPATH\Commands\Server\rewrite.php(43): require_once('FCPATH\\index.php')
CRITICAL - 2022-07-04 04:22:28 --> Trying to access array offset on value of type int
in APPPATH\Views\admin\loketpanggil\index.php on line 24.
 1 APPPATH\Views\admin\loketpanggil\index.php(24): CodeIgniter\Debug\Exceptions->errorHandler(2, 'Trying to access array offset on value of type int', 'APPPATH\\Views\\admin\\loketpanggil\\index.php', 24)
 2 SYSTEMPATH\View\View.php(213): include('APPPATH\\Views\\admin\\loketpanggil\\index.php')
 3 SYSTEMPATH\View\View.php(216): CodeIgniter\View\View->CodeIgniter\View\{closure}()
 4 SYSTEMPATH\Common.php(1135): CodeIgniter\View\View->render('admin/loketpanggil/index', [], true)
 5 APPPATH\Controllers\LoketPanggil.php(25): view('admin/loketpanggil/index', [...])
 6 SYSTEMPATH\CodeIgniter.php(898): App\Controllers\LoketPanggil->index()
 7 SYSTEMPATH\CodeIgniter.php(468): CodeIgniter\CodeIgniter->runController(Object(App\Controllers\LoketPanggil))
 8 SYSTEMPATH\CodeIgniter.php(351): CodeIgniter\CodeIgniter->handleRequest(null, Object(Config\Cache), false)
 9 FCPATH\index.php(55): CodeIgniter\CodeIgniter->run()
10 SYSTEMPATH\Commands\Server\rewrite.php(43): require_once('FCPATH\\index.php')
CRITICAL - 2022-07-04 04:22:42 --> Trying to access array offset on value of type int
in APPPATH\Views\admin\loketpanggil\index.php on line 24.
 1 APPPATH\Views\admin\loketpanggil\index.php(24): CodeIgniter\Debug\Exceptions->errorHandler(2, 'Trying to access array offset on value of type int', 'APPPATH\\Views\\admin\\loketpanggil\\index.php', 24)
 2 SYSTEMPATH\View\View.php(213): include('APPPATH\\Views\\admin\\loketpanggil\\index.php')
 3 SYSTEMPATH\View\View.php(216): CodeIgniter\View\View->CodeIgniter\View\{closure}()
 4 SYSTEMPATH\Common.php(1135): CodeIgniter\View\View->render('admin/loketpanggil/index', [], true)
 5 APPPATH\Controllers\LoketPanggil.php(25): view('admin/loketpanggil/index', [...])
 6 SYSTEMPATH\CodeIgniter.php(898): App\Controllers\LoketPanggil->index()
 7 SYSTEMPATH\CodeIgniter.php(468): CodeIgniter\CodeIgniter->runController(Object(App\Controllers\LoketPanggil))
 8 SYSTEMPATH\CodeIgniter.php(351): CodeIgniter\CodeIgniter->handleRequest(null, Object(Config\Cache), false)
 9 FCPATH\index.php(55): CodeIgniter\CodeIgniter->run()
10 SYSTEMPATH\Commands\Server\rewrite.php(43): require_once('FCPATH\\index.php')
CRITICAL - 2022-07-04 04:24:55 --> compact(): Undefined variable $antrian
in APPPATH\Controllers\Antrian.php on line 49.
 1 [internal function]: CodeIgniter\Debug\Exceptions->errorHandler(2, 'compact(): Undefined variable $antrian', 'APPPATH\\Controllers\\Antrian.php', 49)
 2 APPPATH\Controllers\Antrian.php(49): compact('title', 'pelayanan', 'loket', 'antrian')
 3 SYSTEMPATH\CodeIgniter.php(898): App\Controllers\Antrian->add()
 4 SYSTEMPATH\CodeIgniter.php(468): CodeIgniter\CodeIgniter->runController(Object(App\Controllers\Antrian))
 5 SYSTEMPATH\CodeIgniter.php(351): CodeIgniter\CodeIgniter->handleRequest(null, Object(Config\Cache), false)
 6 FCPATH\index.php(55): CodeIgniter\CodeIgniter->run()
 7 SYSTEMPATH\Commands\Server\rewrite.php(43): require_once('FCPATH\\index.php')
ERROR - 2022-07-04 04:30:45 --> Unknown column 'created_at' in 'field list'
CRITICAL - 2022-07-04 04:30:45 --> Unknown column 'created_at' in 'field list'
in SYSTEMPATH\Database\MySQLi\Connection.php on line 292.
 1 SYSTEMPATH\Database\MySQLi\Connection.php(292): mysqli->query('INSERT INTO `antrian` (`pelayanan_id`, `loket_id`, `created_at`, `updated_at`) VALUES (\'3\', \'10\', \'2022-07-04 04:30:45\', \'2022-07-04 04:30:45\')', 0)
 2 SYSTEMPATH\Database\BaseConnection.php(678): CodeIgniter\Database\MySQLi\Connection->execute('INSERT INTO `antrian` (`pelayanan_id`, `loket_id`, `created_at`, `updated_at`) VALUES (\'3\', \'10\', \'2022-07-04 04:30:45\', \'2022-07-04 04:30:45\')')
 3 SYSTEMPATH\Database\BaseConnection.php(606): CodeIgniter\Database\BaseConnection->simpleQuery('INSERT INTO `antrian` (`pelayanan_id`, `loket_id`, `created_at`, `updated_at`) VALUES (\'3\', \'10\', \'2022-07-04 04:30:45\', \'2022-07-04 04:30:45\')')
 4 SYSTEMPATH\Database\BaseBuilder.php(1904): CodeIgniter\Database\BaseConnection->query('INSERT INTO `antrian` (`pelayanan_id`, `loket_id`, `created_at`, `updated_at`) VALUES (:pelayanan_id:, :loket_id:, :created_at:, :updated_at:)', [...], false)
 5 SYSTEMPATH\Model.php(278): CodeIgniter\Database\BaseBuilder->insert()
 6 SYSTEMPATH\BaseModel.php(738): CodeIgniter\Model->doInsert([...])
 7 SYSTEMPATH\Model.php(666): CodeIgniter\BaseModel->insert([...], true)
 8 APPPATH\Controllers\Antrian.php(44): CodeIgniter\Model->insert([...])
 9 SYSTEMPATH\CodeIgniter.php(898): App\Controllers\Antrian->add()
10 SYSTEMPATH\CodeIgniter.php(468): CodeIgniter\CodeIgniter->runController(Object(App\Controllers\Antrian))
11 SYSTEMPATH\CodeIgniter.php(351): CodeIgniter\CodeIgniter->handleRequest(null, Object(Config\Cache), false)
12 FCPATH\index.php(55): CodeIgniter\CodeIgniter->run()
13 SYSTEMPATH\Commands\Server\rewrite.php(43): require_once('FCPATH\\index.php')
ERROR - 2022-07-04 04:36:04 --> Unknown column 'created_at' in 'field list'
CRITICAL - 2022-07-04 04:36:04 --> Unknown column 'created_at' in 'field list'
in SYSTEMPATH\Database\MySQLi\Connection.php on line 292.
 1 SYSTEMPATH\Database\MySQLi\Connection.php(292): mysqli->query('INSERT INTO `antrian` (`pelayanan_id`, `loket_id`, `created_at`, `updated_at`) VALUES (\'4\', \'7\', \'2022-07-04 04:36:04\', \'2022-07-04 04:36:04\')', 0)
 2 SYSTEMPATH\Database\BaseConnection.php(678): CodeIgniter\Database\MySQLi\Connection->execute('INSERT INTO `antrian` (`pelayanan_id`, `loket_id`, `created_at`, `updated_at`) VALUES (\'4\', \'7\', \'2022-07-04 04:36:04\', \'2022-07-04 04:36:04\')')
 3 SYSTEMPATH\Database\BaseConnection.php(606): CodeIgniter\Database\BaseConnection->simpleQuery('INSERT INTO `antrian` (`pelayanan_id`, `loket_id`, `created_at`, `updated_at`) VALUES (\'4\', \'7\', \'2022-07-04 04:36:04\', \'2022-07-04 04:36:04\')')
 4 SYSTEMPATH\Database\BaseBuilder.php(1904): CodeIgniter\Database\BaseConnection->query('INSERT INTO `antrian` (`pelayanan_id`, `loket_id`, `created_at`, `updated_at`) VALUES (:pelayanan_id:, :loket_id:, :created_at:, :updated_at:)', [...], false)
 5 SYSTEMPATH\Model.php(278): CodeIgniter\Database\BaseBuilder->insert()
 6 SYSTEMPATH\BaseModel.php(738): CodeIgniter\Model->doInsert([...])
 7 SYSTEMPATH\Model.php(666): CodeIgniter\BaseModel->insert([...], true)
 8 APPPATH\Controllers\Antrian.php(48): CodeIgniter\Model->insert([...])
 9 SYSTEMPATH\CodeIgniter.php(898): App\Controllers\Antrian->add()
10 SYSTEMPATH\CodeIgniter.php(468): CodeIgniter\CodeIgniter->runController(Object(App\Controllers\Antrian))
11 SYSTEMPATH\CodeIgniter.php(351): CodeIgniter\CodeIgniter->handleRequest(null, Object(Config\Cache), false)
12 FCPATH\index.php(55): CodeIgniter\CodeIgniter->run()
13 SYSTEMPATH\Commands\Server\rewrite.php(43): require_once('FCPATH\\index.php')
CRITICAL - 2022-07-04 08:26:44 --> Undefined variable $artikel
in APPPATH\Views\admin\loketpanggil\formpanggil.php on line 11.
 1 APPPATH\Views\admin\loketpanggil\formpanggil.php(11): CodeIgniter\Debug\Exceptions->errorHandler(2, 'Undefined variable $artikel', 'APPPATH\\Views\\admin\\loketpanggil\\formpanggil.php', 11)
 2 SYSTEMPATH\View\View.php(213): include('APPPATH\\Views\\admin\\loketpanggil\\formpanggil.php')
 3 SYSTEMPATH\View\View.php(216): CodeIgniter\View\View->CodeIgniter\View\{closure}()
 4 SYSTEMPATH\Common.php(1135): CodeIgniter\View\View->render('admin/loketpanggil/formpanggil', [], true)
 5 APPPATH\Controllers\LoketPanggil.php(35): view('admin/loketpanggil/formpanggil', [...])
 6 SYSTEMPATH\CodeIgniter.php(898): App\Controllers\LoketPanggil->panggil()
 7 SYSTEMPATH\CodeIgniter.php(468): CodeIgniter\CodeIgniter->runController(Object(App\Controllers\LoketPanggil))
 8 SYSTEMPATH\CodeIgniter.php(351): CodeIgniter\CodeIgniter->handleRequest(null, Object(Config\Cache), false)
 9 FCPATH\index.php(55): CodeIgniter\CodeIgniter->run()
10 SYSTEMPATH\Commands\Server\rewrite.php(43): require_once('FCPATH\\index.php')
CRITICAL - 2022-07-04 08:30:49 --> Too few arguments to function App\Controllers\LoketPanggil::panggil(), 0 passed in C:\xampp\htdocs\lab15uas\ci4\system\CodeIgniter.php on line 898 and exactly 1 expected
in APPPATH\Controllers\LoketPanggil.php on line 28.
 1 SYSTEMPATH\CodeIgniter.php(898): App\Controllers\LoketPanggil->panggil()
 2 SYSTEMPATH\CodeIgniter.php(468): CodeIgniter\CodeIgniter->runController(Object(App\Controllers\LoketPanggil))
 3 SYSTEMPATH\CodeIgniter.php(351): CodeIgniter\CodeIgniter->handleRequest(null, Object(Config\Cache), false)
 4 FCPATH\index.php(55): CodeIgniter\CodeIgniter->run()
 5 SYSTEMPATH\Commands\Server\rewrite.php(43): require_once('FCPATH\\index.php')
ERROR - 2022-07-04 08:42:33 --> Unknown column 'created_at' in 'field list'
CRITICAL - 2022-07-04 08:42:33 --> Unknown column 'created_at' in 'field list'
in SYSTEMPATH\Database\MySQLi\Connection.php on line 292.
 1 SYSTEMPATH\Database\MySQLi\Connection.php(292): mysqli->query('INSERT INTO `antrian` (`pelayanan_id`, `loket_id`, `created_at`, `updated_at`) VALUES (\'2\', \'6\', \'2022-07-04 08:42:33\', \'2022-07-04 08:42:33\')', 0)
 2 SYSTEMPATH\Database\BaseConnection.php(678): CodeIgniter\Database\MySQLi\Connection->execute('INSERT INTO `antrian` (`pelayanan_id`, `loket_id`, `created_at`, `updated_at`) VALUES (\'2\', \'6\', \'2022-07-04 08:42:33\', \'2022-07-04 08:42:33\')')
 3 SYSTEMPATH\Database\BaseConnection.php(606): CodeIgniter\Database\BaseConnection->simpleQuery('INSERT INTO `antrian` (`pelayanan_id`, `loket_id`, `created_at`, `updated_at`) VALUES (\'2\', \'6\', \'2022-07-04 08:42:33\', \'2022-07-04 08:42:33\')')
 4 SYSTEMPATH\Database\BaseBuilder.php(1904): CodeIgniter\Database\BaseConnection->query('INSERT INTO `antrian` (`pelayanan_id`, `loket_id`, `created_at`, `updated_at`) VALUES (:pelayanan_id:, :loket_id:, :created_at:, :updated_at:)', [...], false)
 5 SYSTEMPATH\Model.php(278): CodeIgniter\Database\BaseBuilder->insert()
 6 SYSTEMPATH\BaseModel.php(738): CodeIgniter\Model->doInsert([...])
 7 SYSTEMPATH\Model.php(666): CodeIgniter\BaseModel->insert([...], true)
 8 APPPATH\Controllers\Antrian.php(48): CodeIgniter\Model->insert([...])
 9 SYSTEMPATH\CodeIgniter.php(898): App\Controllers\Antrian->add()
10 SYSTEMPATH\CodeIgniter.php(468): CodeIgniter\CodeIgniter->runController(Object(App\Controllers\Antrian))
11 SYSTEMPATH\CodeIgniter.php(351): CodeIgniter\CodeIgniter->handleRequest(null, Object(Config\Cache), false)
12 FCPATH\index.php(55): CodeIgniter\CodeIgniter->run()
13 SYSTEMPATH\Commands\Server\rewrite.php(43): require_once('FCPATH\\index.php')
ERROR - 2022-07-04 08:43:31 --> Unknown column 'created_at' in 'field list'
CRITICAL - 2022-07-04 08:43:31 --> Unknown column 'created_at' in 'field list'
in SYSTEMPATH\Database\MySQLi\Connection.php on line 292.
 1 SYSTEMPATH\Database\MySQLi\Connection.php(292): mysqli->query('INSERT INTO `antrian` (`pelayanan_id`, `loket_id`, `created_at`, `updated_at`) VALUES (\'2\', \'6\', \'2022-07-04 08:43:31\', \'2022-07-04 08:43:31\')', 0)
 2 SYSTEMPATH\Database\BaseConnection.php(678): CodeIgniter\Database\MySQLi\Connection->execute('INSERT INTO `antrian` (`pelayanan_id`, `loket_id`, `created_at`, `updated_at`) VALUES (\'2\', \'6\', \'2022-07-04 08:43:31\', \'2022-07-04 08:43:31\')')
 3 SYSTEMPATH\Database\BaseConnection.php(606): CodeIgniter\Database\BaseConnection->simpleQuery('INSERT INTO `antrian` (`pelayanan_id`, `loket_id`, `created_at`, `updated_at`) VALUES (\'2\', \'6\', \'2022-07-04 08:43:31\', \'2022-07-04 08:43:31\')')
 4 SYSTEMPATH\Database\BaseBuilder.php(1904): CodeIgniter\Database\BaseConnection->query('INSERT INTO `antrian` (`pelayanan_id`, `loket_id`, `created_at`, `updated_at`) VALUES (:pelayanan_id:, :loket_id:, :created_at:, :updated_at:)', [...], false)
 5 SYSTEMPATH\Model.php(278): CodeIgniter\Database\BaseBuilder->insert()
 6 SYSTEMPATH\BaseModel.php(738): CodeIgniter\Model->doInsert([...])
 7 SYSTEMPATH\Model.php(666): CodeIgniter\BaseModel->insert([...], true)
 8 APPPATH\Controllers\Antrian.php(48): CodeIgniter\Model->insert([...])
 9 SYSTEMPATH\CodeIgniter.php(898): App\Controllers\Antrian->add()
10 SYSTEMPATH\CodeIgniter.php(468): CodeIgniter\CodeIgniter->runController(Object(App\Controllers\Antrian))
11 SYSTEMPATH\CodeIgniter.php(351): CodeIgniter\CodeIgniter->handleRequest(null, Object(Config\Cache), false)
12 FCPATH\index.php(55): CodeIgniter\CodeIgniter->run()
13 SYSTEMPATH\Commands\Server\rewrite.php(43): require_once('FCPATH\\index.php')
ERROR - 2022-07-04 08:43:46 --> Unknown column 'created_at' in 'field list'
CRITICAL - 2022-07-04 08:43:46 --> Unknown column 'created_at' in 'field list'
in SYSTEMPATH\Database\MySQLi\Connection.php on line 292.
 1 SYSTEMPATH\Database\MySQLi\Connection.php(292): mysqli->query('INSERT INTO `antrian` (`pelayanan_id`, `loket_id`, `created_at`, `updated_at`) VALUES (\'2\', \'6\', \'2022-07-04 08:43:46\', \'2022-07-04 08:43:46\')', 0)
 2 SYSTEMPATH\Database\BaseConnection.php(678): CodeIgniter\Database\MySQLi\Connection->execute('INSERT INTO `antrian` (`pelayanan_id`, `loket_id`, `created_at`, `updated_at`) VALUES (\'2\', \'6\', \'2022-07-04 08:43:46\', \'2022-07-04 08:43:46\')')
 3 SYSTEMPATH\Database\BaseConnection.php(606): CodeIgniter\Database\BaseConnection->simpleQuery('INSERT INTO `antrian` (`pelayanan_id`, `loket_id`, `created_at`, `updated_at`) VALUES (\'2\', \'6\', \'2022-07-04 08:43:46\', \'2022-07-04 08:43:46\')')
 4 SYSTEMPATH\Database\BaseBuilder.php(1904): CodeIgniter\Database\BaseConnection->query('INSERT INTO `antrian` (`pelayanan_id`, `loket_id`, `created_at`, `updated_at`) VALUES (:pelayanan_id:, :loket_id:, :created_at:, :updated_at:)', [...], false)
 5 SYSTEMPATH\Model.php(278): CodeIgniter\Database\BaseBuilder->insert()
 6 SYSTEMPATH\BaseModel.php(738): CodeIgniter\Model->doInsert([...])
 7 SYSTEMPATH\Model.php(666): CodeIgniter\BaseModel->insert([...], true)
 8 APPPATH\Controllers\Antrian.php(48): CodeIgniter\Model->insert([...])
 9 SYSTEMPATH\CodeIgniter.php(898): App\Controllers\Antrian->add()
10 SYSTEMPATH\CodeIgniter.php(468): CodeIgniter\CodeIgniter->runController(Object(App\Controllers\Antrian))
11 SYSTEMPATH\CodeIgniter.php(351): CodeIgniter\CodeIgniter->handleRequest(null, Object(Config\Cache), false)
12 FCPATH\index.php(55): CodeIgniter\CodeIgniter->run()
13 SYSTEMPATH\Commands\Server\rewrite.php(43): require_once('FCPATH\\index.php')
ERROR - 2022-07-04 08:44:32 --> Unknown column 'created_at' in 'field list'
CRITICAL - 2022-07-04 08:44:32 --> Unknown column 'created_at' in 'field list'
in SYSTEMPATH\Database\MySQLi\Connection.php on line 292.
 1 SYSTEMPATH\Database\MySQLi\Connection.php(292): mysqli->query('INSERT INTO `antrian` (`tanggal`, `pelayanan_id`, `loket_id`, `created_at`, `updated_at`) VALUES (NULL, \'2\', \'10\', \'2022-07-04 08:44:32\', \'2022-07-04 08:44:32\')', 0)
 2 SYSTEMPATH\Database\BaseConnection.php(678): CodeIgniter\Database\MySQLi\Connection->execute('INSERT INTO `antrian` (`tanggal`, `pelayanan_id`, `loket_id`, `created_at`, `updated_at`) VALUES (NULL, \'2\', \'10\', \'2022-07-04 08:44:32\', \'2022-07-04 08:44:32\')')
 3 SYSTEMPATH\Database\BaseConnection.php(606): CodeIgniter\Database\BaseConnection->simpleQuery('INSERT INTO `antrian` (`tanggal`, `pelayanan_id`, `loket_id`, `created_at`, `updated_at`) VALUES (NULL, \'2\', \'10\', \'2022-07-04 08:44:32\', \'2022-07-04 08:44:32\')')
 4 SYSTEMPATH\Database\BaseBuilder.php(1904): CodeIgniter\Database\BaseConnection->query('INSERT INTO `antrian` (`tanggal`, `pelayanan_id`, `loket_id`, `created_at`, `updated_at`) VALUES (:tanggal:, :pelayanan_id:, :loket_id:, :created_at:, :updated_at:)', [...], false)
 5 SYSTEMPATH\Model.php(278): CodeIgniter\Database\BaseBuilder->insert()
 6 SYSTEMPATH\BaseModel.php(738): CodeIgniter\Model->doInsert([...])
 7 SYSTEMPATH\Model.php(666): CodeIgniter\BaseModel->insert([...], true)
 8 APPPATH\Controllers\Antrian.php(48): CodeIgniter\Model->insert([...])
 9 SYSTEMPATH\CodeIgniter.php(898): App\Controllers\Antrian->add()
10 SYSTEMPATH\CodeIgniter.php(468): CodeIgniter\CodeIgniter->runController(Object(App\Controllers\Antrian))
11 SYSTEMPATH\CodeIgniter.php(351): CodeIgniter\CodeIgniter->handleRequest(null, Object(Config\Cache), false)
12 FCPATH\index.php(55): CodeIgniter\CodeIgniter->run()
13 SYSTEMPATH\Commands\Server\rewrite.php(43): require_once('FCPATH\\index.php')
ERROR - 2022-07-04 08:45:11 --> Unknown column 'created_at' in 'field list'
CRITICAL - 2022-07-04 08:45:11 --> Unknown column 'created_at' in 'field list'
in SYSTEMPATH\Database\MySQLi\Connection.php on line 292.
 1 SYSTEMPATH\Database\MySQLi\Connection.php(292): mysqli->query('INSERT INTO `antrian` (`tanggal`, `pelayanan_id`, `loket_id`, `created_at`, `updated_at`) VALUES (NULL, \'2\', \'10\', \'2022-07-04 08:45:11\', \'2022-07-04 08:45:11\')', 0)
 2 SYSTEMPATH\Database\BaseConnection.php(678): CodeIgniter\Database\MySQLi\Connection->execute('INSERT INTO `antrian` (`tanggal`, `pelayanan_id`, `loket_id`, `created_at`, `updated_at`) VALUES (NULL, \'2\', \'10\', \'2022-07-04 08:45:11\', \'2022-07-04 08:45:11\')')
 3 SYSTEMPATH\Database\BaseConnection.php(606): CodeIgniter\Database\BaseConnection->simpleQuery('INSERT INTO `antrian` (`tanggal`, `pelayanan_id`, `loket_id`, `created_at`, `updated_at`) VALUES (NULL, \'2\', \'10\', \'2022-07-04 08:45:11\', \'2022-07-04 08:45:11\')')
 4 SYSTEMPATH\Database\BaseBuilder.php(1904): CodeIgniter\Database\BaseConnection->query('INSERT INTO `antrian` (`tanggal`, `pelayanan_id`, `loket_id`, `created_at`, `updated_at`) VALUES (:tanggal:, :pelayanan_id:, :loket_id:, :created_at:, :updated_at:)', [...], false)
 5 SYSTEMPATH\Model.php(278): CodeIgniter\Database\BaseBuilder->insert()
 6 SYSTEMPATH\BaseModel.php(738): CodeIgniter\Model->doInsert([...])
 7 SYSTEMPATH\Model.php(666): CodeIgniter\BaseModel->insert([...], true)
 8 APPPATH\Controllers\Antrian.php(48): CodeIgniter\Model->insert([...])
 9 SYSTEMPATH\CodeIgniter.php(898): App\Controllers\Antrian->add()
10 SYSTEMPATH\CodeIgniter.php(468): CodeIgniter\CodeIgniter->runController(Object(App\Controllers\Antrian))
11 SYSTEMPATH\CodeIgniter.php(351): CodeIgniter\CodeIgniter->handleRequest(null, Object(Config\Cache), false)
12 FCPATH\index.php(55): CodeIgniter\CodeIgniter->run()
13 SYSTEMPATH\Commands\Server\rewrite.php(43): require_once('FCPATH\\index.php')
ERROR - 2022-07-04 08:46:07 --> Unknown column 'created_at' in 'field list'
CRITICAL - 2022-07-04 08:46:07 --> Unknown column 'created_at' in 'field list'
in SYSTEMPATH\Database\MySQLi\Connection.php on line 292.
 1 SYSTEMPATH\Database\MySQLi\Connection.php(292): mysqli->query('INSERT INTO `antrian` (`tanggal`, `pelayanan_id`, `loket_id`, `created_at`, `updated_at`) VALUES (NULL, \'2\', \'10\', \'2022-07-04 08:46:07\', \'2022-07-04 08:46:07\')', 0)
 2 SYSTEMPATH\Database\BaseConnection.php(678): CodeIgniter\Database\MySQLi\Connection->execute('INSERT INTO `antrian` (`tanggal`, `pelayanan_id`, `loket_id`, `created_at`, `updated_at`) VALUES (NULL, \'2\', \'10\', \'2022-07-04 08:46:07\', \'2022-07-04 08:46:07\')')
 3 SYSTEMPATH\Database\BaseConnection.php(606): CodeIgniter\Database\BaseConnection->simpleQuery('INSERT INTO `antrian` (`tanggal`, `pelayanan_id`, `loket_id`, `created_at`, `updated_at`) VALUES (NULL, \'2\', \'10\', \'2022-07-04 08:46:07\', \'2022-07-04 08:46:07\')')
 4 SYSTEMPATH\Database\BaseBuilder.php(1904): CodeIgniter\Database\BaseConnection->query('INSERT INTO `antrian` (`tanggal`, `pelayanan_id`, `loket_id`, `created_at`, `updated_at`) VALUES (:tanggal:, :pelayanan_id:, :loket_id:, :created_at:, :updated_at:)', [...], false)
 5 SYSTEMPATH\Model.php(278): CodeIgniter\Database\BaseBuilder->insert()
 6 SYSTEMPATH\BaseModel.php(738): CodeIgniter\Model->doInsert([...])
 7 SYSTEMPATH\Model.php(666): CodeIgniter\BaseModel->insert([...], true)
 8 APPPATH\Controllers\Antrian.php(48): CodeIgniter\Model->insert([...])
 9 SYSTEMPATH\CodeIgniter.php(898): App\Controllers\Antrian->add()
10 SYSTEMPATH\CodeIgniter.php(468): CodeIgniter\CodeIgniter->runController(Object(App\Controllers\Antrian))
11 SYSTEMPATH\CodeIgniter.php(351): CodeIgniter\CodeIgniter->handleRequest(null, Object(Config\Cache), false)
12 FCPATH\index.php(55): CodeIgniter\CodeIgniter->run()
13 SYSTEMPATH\Commands\Server\rewrite.php(43): require_once('FCPATH\\index.php')
CRITICAL - 2022-07-04 08:53:35 --> Call to a member function where() on array
in APPPATH\Controllers\LoketPanggil.php on line 58.
 1 SYSTEMPATH\CodeIgniter.php(898): App\Controllers\LoketPanggil->edit('1')
 2 SYSTEMPATH\CodeIgniter.php(468): CodeIgniter\CodeIgniter->runController(Object(App\Controllers\LoketPanggil))
 3 SYSTEMPATH\CodeIgniter.php(351): CodeIgniter\CodeIgniter->handleRequest(null, Object(Config\Cache), false)
 4 FCPATH\index.php(55): CodeIgniter\CodeIgniter->run()
 5 SYSTEMPATH\Commands\Server\rewrite.php(43): require_once('FCPATH\\index.php')
CRITICAL - 2022-07-04 08:55:19 --> Call to a member function where() on array
in APPPATH\Controllers\LoketPanggil.php on line 59.
 1 SYSTEMPATH\CodeIgniter.php(898): App\Controllers\LoketPanggil->edit('1')
 2 SYSTEMPATH\CodeIgniter.php(468): CodeIgniter\CodeIgniter->runController(Object(App\Controllers\LoketPanggil))
 3 SYSTEMPATH\CodeIgniter.php(351): CodeIgniter\CodeIgniter->handleRequest(null, Object(Config\Cache), false)
 4 FCPATH\index.php(55): CodeIgniter\CodeIgniter->run()
 5 SYSTEMPATH\Commands\Server\rewrite.php(43): require_once('FCPATH\\index.php')
CRITICAL - 2022-07-04 08:56:40 --> Undefined variable $title
in APPPATH\Views\template\admin_header.php on line 6.
 1 APPPATH\Views\template\admin_header.php(6): CodeIgniter\Debug\Exceptions->errorHandler(2, 'Undefined variable $title', 'APPPATH\\Views\\template\\admin_header.php', 6)
 2 SYSTEMPATH\View\View.php(213): include('APPPATH\\Views\\template\\admin_header.php')
 3 SYSTEMPATH\View\View.php(216): CodeIgniter\View\View->CodeIgniter\View\{closure}()
 4 SYSTEMPATH\View\View.php(429): CodeIgniter\View\View->render('template/admin_header', null, true)
 5 APPPATH\Views\admin\loketpanggil\formpanggil.php(1): CodeIgniter\View\View->include('template/admin_header')
 6 SYSTEMPATH\View\View.php(213): include('APPPATH\\Views\\admin\\loketpanggil\\formpanggil.php')
 7 SYSTEMPATH\View\View.php(216): CodeIgniter\View\View->CodeIgniter\View\{closure}()
 8 SYSTEMPATH\Common.php(1135): CodeIgniter\View\View->render('admin/loketpanggil/formpanggil', [], true)
 9 APPPATH\Controllers\LoketPanggil.php(59): view('admin/loketpanggil/formpanggil', [...])
10 SYSTEMPATH\CodeIgniter.php(898): App\Controllers\LoketPanggil->edit('1')
11 SYSTEMPATH\CodeIgniter.php(468): CodeIgniter\CodeIgniter->runController(Object(App\Controllers\LoketPanggil))
12 SYSTEMPATH\CodeIgniter.php(351): CodeIgniter\CodeIgniter->handleRequest(null, Object(Config\Cache), false)
13 FCPATH\index.php(55): CodeIgniter\CodeIgniter->run()
14 SYSTEMPATH\Commands\Server\rewrite.php(43): require_once('FCPATH\\index.php')
CRITICAL - 2022-07-04 08:58:08 --> Undefined variable $antrian
in APPPATH\Views\admin\loketpanggil\formpanggil.php on line 18.
 1 APPPATH\Views\admin\loketpanggil\formpanggil.php(18): CodeIgniter\Debug\Exceptions->errorHandler(2, 'Undefined variable $antrian', 'APPPATH\\Views\\admin\\loketpanggil\\formpanggil.php', 18)
 2 SYSTEMPATH\View\View.php(213): include('APPPATH\\Views\\admin\\loketpanggil\\formpanggil.php')
 3 SYSTEMPATH\View\View.php(216): CodeIgniter\View\View->CodeIgniter\View\{closure}()
 4 SYSTEMPATH\Common.php(1135): CodeIgniter\View\View->render('admin/loketpanggil/formpanggil', [], true)
 5 APPPATH\Controllers\LoketPanggil.php(60): view('admin/loketpanggil/formpanggil', [...])
 6 SYSTEMPATH\CodeIgniter.php(898): App\Controllers\LoketPanggil->edit('1')
 7 SYSTEMPATH\CodeIgniter.php(468): CodeIgniter\CodeIgniter->runController(Object(App\Controllers\LoketPanggil))
 8 SYSTEMPATH\CodeIgniter.php(351): CodeIgniter\CodeIgniter->handleRequest(null, Object(Config\Cache), false)
 9 FCPATH\index.php(55): CodeIgniter\CodeIgniter->run()
10 SYSTEMPATH\Commands\Server\rewrite.php(43): require_once('FCPATH\\index.php')
CRITICAL - 2022-07-04 08:59:48 --> Undefined variable $antrian
in APPPATH\Views\admin\loketpanggil\formpanggil.php on line 18.
 1 APPPATH\Views\admin\loketpanggil\formpanggil.php(18): CodeIgniter\Debug\Exceptions->errorHandler(2, 'Undefined variable $antrian', 'APPPATH\\Views\\admin\\loketpanggil\\formpanggil.php', 18)
 2 SYSTEMPATH\View\View.php(213): include('APPPATH\\Views\\admin\\loketpanggil\\formpanggil.php')
 3 SYSTEMPATH\View\View.php(216): CodeIgniter\View\View->CodeIgniter\View\{closure}()
 4 SYSTEMPATH\Common.php(1135): CodeIgniter\View\View->render('admin/loketpanggil/formpanggil', [], true)
 5 APPPATH\Controllers\LoketPanggil.php(61): view('admin/loketpanggil/formpanggil', [...])
 6 SYSTEMPATH\CodeIgniter.php(898): App\Controllers\LoketPanggil->edit('1')
 7 SYSTEMPATH\CodeIgniter.php(468): CodeIgniter\CodeIgniter->runController(Object(App\Controllers\LoketPanggil))
 8 SYSTEMPATH\CodeIgniter.php(351): CodeIgniter\CodeIgniter->handleRequest(null, Object(Config\Cache), false)
 9 FCPATH\index.php(55): CodeIgniter\CodeIgniter->run()
10 SYSTEMPATH\Commands\Server\rewrite.php(43): require_once('FCPATH\\index.php')
CRITICAL - 2022-07-04 09:54:38 --> Undefined variable $antrian
in APPPATH\Views\admin\loketpanggil\formpanggil.php on line 19.
 1 APPPATH\Views\admin\loketpanggil\formpanggil.php(19): CodeIgniter\Debug\Exceptions->errorHandler(2, 'Undefined variable $antrian', 'APPPATH\\Views\\admin\\loketpanggil\\formpanggil.php', 19)
 2 SYSTEMPATH\View\View.php(213): include('APPPATH\\Views\\admin\\loketpanggil\\formpanggil.php')
 3 SYSTEMPATH\View\View.php(216): CodeIgniter\View\View->CodeIgniter\View\{closure}()
 4 SYSTEMPATH\Common.php(1135): CodeIgniter\View\View->render('admin/loketpanggil/formpanggil', [], true)
 5 APPPATH\Controllers\LoketPanggil.php(62): view('admin/loketpanggil/formpanggil', [...])
 6 SYSTEMPATH\CodeIgniter.php(898): App\Controllers\LoketPanggil->edit('4')
 7 SYSTEMPATH\CodeIgniter.php(468): CodeIgniter\CodeIgniter->runController(Object(App\Controllers\LoketPanggil))
 8 SYSTEMPATH\CodeIgniter.php(351): CodeIgniter\CodeIgniter->handleRequest(null, Object(Config\Cache), false)
 9 FCPATH\index.php(55): CodeIgniter\CodeIgniter->run()
10 SYSTEMPATH\Commands\Server\rewrite.php(43): require_once('FCPATH\\index.php')
