CRITICAL - 2022-06-26 03:33:46 --> Invalid file: home.php
in SYSTEMPATH\Exceptions\FrameworkException.php on line 33.
 1 SYSTEMPATH\View\View.php(201): CodeIgniter\Exceptions\FrameworkException::forInvalidFile('home.php')
 2 SYSTEMPATH\Common.php(1135): CodeIgniter\View\View->render('home', [], true)
 3 APPPATH\Controllers\Home.php(15): view('home', [...])
 4 SYSTEMPATH\CodeIgniter.php(898): App\Controllers\Home->home()
 5 SYSTEMPATH\CodeIgniter.php(468): CodeIgniter\CodeIgniter->runController(Object(App\Controllers\Home))
 6 SYSTEMPATH\CodeIgniter.php(351): CodeIgniter\CodeIgniter->handleRequest(null, Object(Config\Cache), false)
 7 FCPATH\index.php(55): CodeIgniter\CodeIgniter->run()
 8 SYSTEMPATH\Commands\Server\rewrite.php(43): require_once('FCPATH\\index.php')
CRITICAL - 2022-06-26 07:49:20 --> Invalid file: template/user_footer.php
in SYSTEMPATH\Exceptions\FrameworkException.php on line 33.
 1 SYSTEMPATH\View\View.php(201): CodeIgniter\Exceptions\FrameworkException::forInvalidFile('template/user_footer.php')
 2 SYSTEMPATH\View\View.php(429): CodeIgniter\View\View->render('template/user_footer', null, true)
 3 APPPATH\Views\user\index.php(16): CodeIgniter\View\View->include('template/user_footer')
 4 SYSTEMPATH\View\View.php(213): include('APPPATH\\Views\\user\\index.php')
 5 SYSTEMPATH\View\View.php(216): CodeIgniter\View\View->CodeIgniter\View\{closure}()
 6 SYSTEMPATH\Common.php(1135): CodeIgniter\View\View->render('user/index', [], true)
 7 APPPATH\Controllers\Home.php(15): view('user/index', [...])
 8 SYSTEMPATH\CodeIgniter.php(898): App\Controllers\Home->home()
 9 SYSTEMPATH\CodeIgniter.php(468): CodeIgniter\CodeIgniter->runController(Object(App\Controllers\Home))
10 SYSTEMPATH\CodeIgniter.php(351): CodeIgniter\CodeIgniter->handleRequest(null, Object(Config\Cache), false)
11 FCPATH\index.php(55): CodeIgniter\CodeIgniter->run()
12 SYSTEMPATH\Commands\Server\rewrite.php(43): require_once('FCPATH\\index.php')
CRITICAL - 2022-06-26 07:50:57 --> Invalid file: template/user_footer.php
in SYSTEMPATH\Exceptions\FrameworkException.php on line 33.
 1 SYSTEMPATH\View\View.php(201): CodeIgniter\Exceptions\FrameworkException::forInvalidFile('template/user_footer.php')
 2 SYSTEMPATH\View\View.php(429): CodeIgniter\View\View->render('template/user_footer', null, true)
 3 APPPATH\Views\user\index.php(16): CodeIgniter\View\View->include('template/user_footer')
 4 SYSTEMPATH\View\View.php(213): include('APPPATH\\Views\\user\\index.php')
 5 SYSTEMPATH\View\View.php(216): CodeIgniter\View\View->CodeIgniter\View\{closure}()
 6 SYSTEMPATH\Common.php(1135): CodeIgniter\View\View->render('user/index', [], true)
 7 APPPATH\Controllers\User.php(10): view('user/index', [...])
 8 SYSTEMPATH\CodeIgniter.php(898): App\Controllers\User->index()
 9 SYSTEMPATH\CodeIgniter.php(468): CodeIgniter\CodeIgniter->runController(Object(App\Controllers\User))
10 SYSTEMPATH\CodeIgniter.php(351): CodeIgniter\CodeIgniter->handleRequest(null, Object(Config\Cache), false)
11 FCPATH\index.php(55): CodeIgniter\CodeIgniter->run()
12 SYSTEMPATH\Commands\Server\rewrite.php(43): require_once('FCPATH\\index.php')
CRITICAL - 2022-06-26 07:50:58 --> Invalid file: template/user_footer.php
in SYSTEMPATH\Exceptions\FrameworkException.php on line 33.
 1 SYSTEMPATH\View\View.php(201): CodeIgniter\Exceptions\FrameworkException::forInvalidFile('template/user_footer.php')
 2 SYSTEMPATH\View\View.php(429): CodeIgniter\View\View->render('template/user_footer', null, true)
 3 APPPATH\Views\user\index.php(16): CodeIgniter\View\View->include('template/user_footer')
 4 SYSTEMPATH\View\View.php(213): include('APPPATH\\Views\\user\\index.php')
 5 SYSTEMPATH\View\View.php(216): CodeIgniter\View\View->CodeIgniter\View\{closure}()
 6 SYSTEMPATH\Common.php(1135): CodeIgniter\View\View->render('user/index', [], true)
 7 APPPATH\Controllers\User.php(10): view('user/index', [...])
 8 SYSTEMPATH\CodeIgniter.php(898): App\Controllers\User->index()
 9 SYSTEMPATH\CodeIgniter.php(468): CodeIgniter\CodeIgniter->runController(Object(App\Controllers\User))
10 SYSTEMPATH\CodeIgniter.php(351): CodeIgniter\CodeIgniter->handleRequest(null, Object(Config\Cache), false)
11 FCPATH\index.php(55): CodeIgniter\CodeIgniter->run()
12 SYSTEMPATH\Commands\Server\rewrite.php(43): require_once('FCPATH\\index.php')
