CRITICAL - 2022-06-30 03:26:28 --> Undefined variable $pelayanan
in APPPATH\Views\admin\loket\formadd.php on line 11.
 1 APPPATH\Views\admin\loket\formadd.php(11): CodeIgniter\Debug\Exceptions->errorHandler(2, 'Undefined variable $pelayanan', 'APPPATH\\Views\\admin\\loket\\formadd.php', 11)
 2 SYSTEMPATH\View\View.php(213): include('APPPATH\\Views\\admin\\loket\\formadd.php')
 3 SYSTEMPATH\View\View.php(216): CodeIgniter\View\View->CodeIgniter\View\{closure}()
 4 SYSTEMPATH\Common.php(1135): CodeIgniter\View\View->render('admin/loket/formadd', [], true)
 5 APPPATH\Controllers\Loket.php(35): view('admin/loket/formadd', [...])
 6 SYSTEMPATH\CodeIgniter.php(898): App\Controllers\Loket->add()
 7 SYSTEMPATH\CodeIgniter.php(468): CodeIgniter\CodeIgniter->runController(Object(App\Controllers\Loket))
 8 SYSTEMPATH\CodeIgniter.php(351): CodeIgniter\CodeIgniter->handleRequest(null, Object(Config\Cache), false)
 9 FCPATH\index.php(55): CodeIgniter\CodeIgniter->run()
10 SYSTEMPATH\Commands\Server\rewrite.php(43): require_once('FCPATH\\index.php')
CRITICAL - 2022-06-30 03:28:43 --> Undefined variable $pelayanan
in APPPATH\Views\admin\loket\formadd.php on line 11.
 1 APPPATH\Views\admin\loket\formadd.php(11): CodeIgniter\Debug\Exceptions->errorHandler(2, 'Undefined variable $pelayanan', 'APPPATH\\Views\\admin\\loket\\formadd.php', 11)
 2 SYSTEMPATH\View\View.php(213): include('APPPATH\\Views\\admin\\loket\\formadd.php')
 3 SYSTEMPATH\View\View.php(216): CodeIgniter\View\View->CodeIgniter\View\{closure}()
 4 SYSTEMPATH\Common.php(1135): CodeIgniter\View\View->render('admin/loket/formadd', [], true)
 5 APPPATH\Controllers\Loket.php(36): view('admin/loket/formadd', [...])
 6 SYSTEMPATH\CodeIgniter.php(898): App\Controllers\Loket->add()
 7 SYSTEMPATH\CodeIgniter.php(468): CodeIgniter\CodeIgniter->runController(Object(App\Controllers\Loket))
 8 SYSTEMPATH\CodeIgniter.php(351): CodeIgniter\CodeIgniter->handleRequest(null, Object(Config\Cache), false)
 9 FCPATH\index.php(55): CodeIgniter\CodeIgniter->run()
10 SYSTEMPATH\Commands\Server\rewrite.php(43): require_once('FCPATH\\index.php')
CRITICAL - 2022-06-30 03:28:58 --> Undefined variable $pelayanan
in APPPATH\Views\admin\loket\formadd.php on line 11.
 1 APPPATH\Views\admin\loket\formadd.php(11): CodeIgniter\Debug\Exceptions->errorHandler(2, 'Undefined variable $pelayanan', 'APPPATH\\Views\\admin\\loket\\formadd.php', 11)
 2 SYSTEMPATH\View\View.php(213): include('APPPATH\\Views\\admin\\loket\\formadd.php')
 3 SYSTEMPATH\View\View.php(216): CodeIgniter\View\View->CodeIgniter\View\{closure}()
 4 SYSTEMPATH\Common.php(1135): CodeIgniter\View\View->render('admin/loket/formadd', [], true)
 5 APPPATH\Controllers\Loket.php(36): view('admin/loket/formadd', [...])
 6 SYSTEMPATH\CodeIgniter.php(898): App\Controllers\Loket->add()
 7 SYSTEMPATH\CodeIgniter.php(468): CodeIgniter\CodeIgniter->runController(Object(App\Controllers\Loket))
 8 SYSTEMPATH\CodeIgniter.php(351): CodeIgniter\CodeIgniter->handleRequest(null, Object(Config\Cache), false)
 9 FCPATH\index.php(55): CodeIgniter\CodeIgniter->run()
10 SYSTEMPATH\Commands\Server\rewrite.php(43): require_once('FCPATH\\index.php')
CRITICAL - 2022-06-30 03:33:47 --> Undefined variable $pelayanan
in APPPATH\Views\admin\loket\formadd.php on line 11.
 1 APPPATH\Views\admin\loket\formadd.php(11): CodeIgniter\Debug\Exceptions->errorHandler(2, 'Undefined variable $pelayanan', 'APPPATH\\Views\\admin\\loket\\formadd.php', 11)
 2 SYSTEMPATH\View\View.php(213): include('APPPATH\\Views\\admin\\loket\\formadd.php')
 3 SYSTEMPATH\View\View.php(216): CodeIgniter\View\View->CodeIgniter\View\{closure}()
 4 SYSTEMPATH\Common.php(1135): CodeIgniter\View\View->render('admin/loket/formadd', [], true)
 5 APPPATH\Controllers\Loket.php(43): view('admin/loket/formadd', [...])
 6 SYSTEMPATH\CodeIgniter.php(898): App\Controllers\Loket->add()
 7 SYSTEMPATH\CodeIgniter.php(468): CodeIgniter\CodeIgniter->runController(Object(App\Controllers\Loket))
 8 SYSTEMPATH\CodeIgniter.php(351): CodeIgniter\CodeIgniter->handleRequest(null, Object(Config\Cache), false)
 9 FCPATH\index.php(55): CodeIgniter\CodeIgniter->run()
10 SYSTEMPATH\Commands\Server\rewrite.php(43): require_once('FCPATH\\index.php')
CRITICAL - 2022-06-30 03:42:52 --> Undefined variable $pelayanan
in APPPATH\Views\admin\loket\formadd.php on line 11.
 1 APPPATH\Views\admin\loket\formadd.php(11): CodeIgniter\Debug\Exceptions->errorHandler(2, 'Undefined variable $pelayanan', 'APPPATH\\Views\\admin\\loket\\formadd.php', 11)
 2 SYSTEMPATH\View\View.php(213): include('APPPATH\\Views\\admin\\loket\\formadd.php')
 3 SYSTEMPATH\View\View.php(216): CodeIgniter\View\View->CodeIgniter\View\{closure}()
 4 SYSTEMPATH\Common.php(1135): CodeIgniter\View\View->render('admin/loket/formadd', [], true)
 5 APPPATH\Controllers\Loket.php(43): view('admin/loket/formadd', [...])
 6 SYSTEMPATH\CodeIgniter.php(898): App\Controllers\Loket->add()
 7 SYSTEMPATH\CodeIgniter.php(468): CodeIgniter\CodeIgniter->runController(Object(App\Controllers\Loket))
 8 SYSTEMPATH\CodeIgniter.php(351): CodeIgniter\CodeIgniter->handleRequest(null, Object(Config\Cache), false)
 9 FCPATH\index.php(55): CodeIgniter\CodeIgniter->run()
10 SYSTEMPATH\Commands\Server\rewrite.php(43): require_once('FCPATH\\index.php')
CRITICAL - 2022-06-30 03:51:32 --> Undefined variable $pelayanan
in APPPATH\Views\admin\loket\formadd.php on line 11.
 1 APPPATH\Views\admin\loket\formadd.php(11): CodeIgniter\Debug\Exceptions->errorHandler(2, 'Undefined variable $pelayanan', 'APPPATH\\Views\\admin\\loket\\formadd.php', 11)
 2 SYSTEMPATH\View\View.php(213): include('APPPATH\\Views\\admin\\loket\\formadd.php')
 3 SYSTEMPATH\View\View.php(216): CodeIgniter\View\View->CodeIgniter\View\{closure}()
 4 SYSTEMPATH\Common.php(1135): CodeIgniter\View\View->render('admin/loket/formadd', [], true)
 5 APPPATH\Controllers\Loket.php(43): view('admin/loket/formadd', [...])
 6 SYSTEMPATH\CodeIgniter.php(898): App\Controllers\Loket->add()
 7 SYSTEMPATH\CodeIgniter.php(468): CodeIgniter\CodeIgniter->runController(Object(App\Controllers\Loket))
 8 SYSTEMPATH\CodeIgniter.php(351): CodeIgniter\CodeIgniter->handleRequest(null, Object(Config\Cache), false)
 9 FCPATH\index.php(55): CodeIgniter\CodeIgniter->run()
10 SYSTEMPATH\Commands\Server\rewrite.php(43): require_once('FCPATH\\index.php')
CRITICAL - 2022-06-30 03:51:41 --> Undefined variable $pelayanan
in APPPATH\Views\admin\loket\formadd.php on line 11.
 1 APPPATH\Views\admin\loket\formadd.php(11): CodeIgniter\Debug\Exceptions->errorHandler(2, 'Undefined variable $pelayanan', 'APPPATH\\Views\\admin\\loket\\formadd.php', 11)
 2 SYSTEMPATH\View\View.php(213): include('APPPATH\\Views\\admin\\loket\\formadd.php')
 3 SYSTEMPATH\View\View.php(216): CodeIgniter\View\View->CodeIgniter\View\{closure}()
 4 SYSTEMPATH\Common.php(1135): CodeIgniter\View\View->render('admin/loket/formadd', [], true)
 5 APPPATH\Controllers\Loket.php(43): view('admin/loket/formadd', [...])
 6 SYSTEMPATH\CodeIgniter.php(898): App\Controllers\Loket->add()
 7 SYSTEMPATH\CodeIgniter.php(468): CodeIgniter\CodeIgniter->runController(Object(App\Controllers\Loket))
 8 SYSTEMPATH\CodeIgniter.php(351): CodeIgniter\CodeIgniter->handleRequest(null, Object(Config\Cache), false)
 9 FCPATH\index.php(55): CodeIgniter\CodeIgniter->run()
10 SYSTEMPATH\Commands\Server\rewrite.php(43): require_once('FCPATH\\index.php')
CRITICAL - 2022-06-30 08:07:48 --> Undefined variable $validation
in APPPATH\Views\admin\loket\formadd.php on line 7.
 1 APPPATH\Views\admin\loket\formadd.php(7): CodeIgniter\Debug\Exceptions->errorHandler(2, 'Undefined variable $validation', 'APPPATH\\Views\\admin\\loket\\formadd.php', 7)
 2 SYSTEMPATH\View\View.php(213): include('APPPATH\\Views\\admin\\loket\\formadd.php')
 3 SYSTEMPATH\View\View.php(216): CodeIgniter\View\View->CodeIgniter\View\{closure}()
 4 SYSTEMPATH\Common.php(1135): CodeIgniter\View\View->render('admin/loket/formadd', [], true)
 5 APPPATH\Controllers\Loket.php(43): view('admin/loket/formadd', [...])
 6 SYSTEMPATH\CodeIgniter.php(898): App\Controllers\Loket->add()
 7 SYSTEMPATH\CodeIgniter.php(468): CodeIgniter\CodeIgniter->runController(Object(App\Controllers\Loket))
 8 SYSTEMPATH\CodeIgniter.php(351): CodeIgniter\CodeIgniter->handleRequest(null, Object(Config\Cache), false)
 9 FCPATH\index.php(55): CodeIgniter\CodeIgniter->run()
10 SYSTEMPATH\Commands\Server\rewrite.php(43): require_once('FCPATH\\index.php')
CRITICAL - 2022-06-30 08:11:54 --> Undefined variable $validation
in APPPATH\Views\admin\loket\formadd.php on line 7.
 1 APPPATH\Views\admin\loket\formadd.php(7): CodeIgniter\Debug\Exceptions->errorHandler(2, 'Undefined variable $validation', 'APPPATH\\Views\\admin\\loket\\formadd.php', 7)
 2 SYSTEMPATH\View\View.php(213): include('APPPATH\\Views\\admin\\loket\\formadd.php')
 3 SYSTEMPATH\View\View.php(216): CodeIgniter\View\View->CodeIgniter\View\{closure}()
 4 SYSTEMPATH\Common.php(1135): CodeIgniter\View\View->render('admin/loket/formadd', [], true)
 5 APPPATH\Controllers\Loket.php(43): view('admin/loket/formadd', [...])
 6 SYSTEMPATH\CodeIgniter.php(898): App\Controllers\Loket->add()
 7 SYSTEMPATH\CodeIgniter.php(468): CodeIgniter\CodeIgniter->runController(Object(App\Controllers\Loket))
 8 SYSTEMPATH\CodeIgniter.php(351): CodeIgniter\CodeIgniter->handleRequest(null, Object(Config\Cache), false)
 9 FCPATH\index.php(55): CodeIgniter\CodeIgniter->run()
10 SYSTEMPATH\Commands\Server\rewrite.php(43): require_once('FCPATH\\index.php')
CRITICAL - 2022-06-30 08:15:30 --> Undefined variable $pelayanan
in APPPATH\Views\admin\loket\formadd.php on line 7.
 1 APPPATH\Views\admin\loket\formadd.php(7): CodeIgniter\Debug\Exceptions->errorHandler(2, 'Undefined variable $pelayanan', 'APPPATH\\Views\\admin\\loket\\formadd.php', 7)
 2 SYSTEMPATH\View\View.php(213): include('APPPATH\\Views\\admin\\loket\\formadd.php')
 3 SYSTEMPATH\View\View.php(216): CodeIgniter\View\View->CodeIgniter\View\{closure}()
 4 SYSTEMPATH\Common.php(1135): CodeIgniter\View\View->render('admin/loket/formadd', [], true)
 5 APPPATH\Controllers\Loket.php(43): view('admin/loket/formadd', [...])
 6 SYSTEMPATH\CodeIgniter.php(898): App\Controllers\Loket->add()
 7 SYSTEMPATH\CodeIgniter.php(468): CodeIgniter\CodeIgniter->runController(Object(App\Controllers\Loket))
 8 SYSTEMPATH\CodeIgniter.php(351): CodeIgniter\CodeIgniter->handleRequest(null, Object(Config\Cache), false)
 9 FCPATH\index.php(55): CodeIgniter\CodeIgniter->run()
10 SYSTEMPATH\Commands\Server\rewrite.php(43): require_once('FCPATH\\index.php')
