CRITICAL - 2022-07-02 10:26:39 --> compact(): Undefined variable $loket
in APPPATH\Controllers\Loket.php on line 17.
 1 [internal function]: CodeIgniter\Debug\Exceptions->errorHandler(2, 'compact(): Undefined variable $loket', 'APPPATH\\Controllers\\Loket.php', 17)
 2 APPPATH\Controllers\Loket.php(17): compact('loket', 'title', 'data')
 3 SYSTEMPATH\CodeIgniter.php(898): App\Controllers\Loket->index()
 4 SYSTEMPATH\CodeIgniter.php(468): CodeIgniter\CodeIgniter->runController(Object(App\Controllers\Loket))
 5 SYSTEMPATH\CodeIgniter.php(351): CodeIgniter\CodeIgniter->handleRequest(null, Object(Config\Cache), false)
 6 FCPATH\index.php(55): CodeIgniter\CodeIgniter->run()
 7 SYSTEMPATH\Commands\Server\rewrite.php(43): require_once('FCPATH\\index.php')
CRITICAL - 2022-07-02 10:27:17 --> Undefined variable $loket
in APPPATH\Views\admin\loket\index.php on line 18.
 1 APPPATH\Views\admin\loket\index.php(18): CodeIgniter\Debug\Exceptions->errorHandler(2, 'Undefined variable $loket', 'APPPATH\\Views\\admin\\loket\\index.php', 18)
 2 SYSTEMPATH\View\View.php(213): include('APPPATH\\Views\\admin\\loket\\index.php')
 3 SYSTEMPATH\View\View.php(216): CodeIgniter\View\View->CodeIgniter\View\{closure}()
 4 SYSTEMPATH\Common.php(1135): CodeIgniter\View\View->render('admin/loket/index', [], true)
 5 APPPATH\Controllers\Loket.php(17): view('admin/loket/index', [...])
 6 SYSTEMPATH\CodeIgniter.php(898): App\Controllers\Loket->index()
 7 SYSTEMPATH\CodeIgniter.php(468): CodeIgniter\CodeIgniter->runController(Object(App\Controllers\Loket))
 8 SYSTEMPATH\CodeIgniter.php(351): CodeIgniter\CodeIgniter->handleRequest(null, Object(Config\Cache), false)
 9 FCPATH\index.php(55): CodeIgniter\CodeIgniter->run()
10 SYSTEMPATH\Commands\Server\rewrite.php(43): require_once('FCPATH\\index.php')
CRITICAL - 2022-07-02 10:29:14 --> Undefined variable $loket
in APPPATH\Views\admin\loket\index.php on line 18.
 1 APPPATH\Views\admin\loket\index.php(18): CodeIgniter\Debug\Exceptions->errorHandler(2, 'Undefined variable $loket', 'APPPATH\\Views\\admin\\loket\\index.php', 18)
 2 SYSTEMPATH\View\View.php(213): include('APPPATH\\Views\\admin\\loket\\index.php')
 3 SYSTEMPATH\View\View.php(216): CodeIgniter\View\View->CodeIgniter\View\{closure}()
 4 SYSTEMPATH\Common.php(1135): CodeIgniter\View\View->render('admin/loket/index', [], true)
 5 APPPATH\Controllers\Loket.php(17): view('admin/loket/index', [...])
 6 SYSTEMPATH\CodeIgniter.php(898): App\Controllers\Loket->index()
 7 SYSTEMPATH\CodeIgniter.php(468): CodeIgniter\CodeIgniter->runController(Object(App\Controllers\Loket))
 8 SYSTEMPATH\CodeIgniter.php(351): CodeIgniter\CodeIgniter->handleRequest(null, Object(Config\Cache), false)
 9 FCPATH\index.php(55): CodeIgniter\CodeIgniter->run()
10 SYSTEMPATH\Commands\Server\rewrite.php(43): require_once('FCPATH\\index.php')
CRITICAL - 2022-07-02 10:31:02 --> Undefined array key "pelayanan_nama"
in APPPATH\Views\admin\loket\index.php on line 23.
 1 APPPATH\Views\admin\loket\index.php(23): CodeIgniter\Debug\Exceptions->errorHandler(2, 'Undefined array key "pelayanan_nama"', 'APPPATH\\Views\\admin\\loket\\index.php', 23)
 2 SYSTEMPATH\View\View.php(213): include('APPPATH\\Views\\admin\\loket\\index.php')
 3 SYSTEMPATH\View\View.php(216): CodeIgniter\View\View->CodeIgniter\View\{closure}()
 4 SYSTEMPATH\Common.php(1135): CodeIgniter\View\View->render('admin/loket/index', [], true)
 5 APPPATH\Controllers\Loket.php(17): view('admin/loket/index', [...])
 6 SYSTEMPATH\CodeIgniter.php(898): App\Controllers\Loket->index()
 7 SYSTEMPATH\CodeIgniter.php(468): CodeIgniter\CodeIgniter->runController(Object(App\Controllers\Loket))
 8 SYSTEMPATH\CodeIgniter.php(351): CodeIgniter\CodeIgniter->handleRequest(null, Object(Config\Cache), false)
 9 FCPATH\index.php(55): CodeIgniter\CodeIgniter->run()
10 SYSTEMPATH\Commands\Server\rewrite.php(43): require_once('FCPATH\\index.php')
CRITICAL - 2022-07-02 10:33:48 --> Undefined array key "pelayanan_ud"
in APPPATH\Views\admin\loket\index.php on line 24.
 1 APPPATH\Views\admin\loket\index.php(24): CodeIgniter\Debug\Exceptions->errorHandler(2, 'Undefined array key "pelayanan_ud"', 'APPPATH\\Views\\admin\\loket\\index.php', 24)
 2 SYSTEMPATH\View\View.php(213): include('APPPATH\\Views\\admin\\loket\\index.php')
 3 SYSTEMPATH\View\View.php(216): CodeIgniter\View\View->CodeIgniter\View\{closure}()
 4 SYSTEMPATH\Common.php(1135): CodeIgniter\View\View->render('admin/loket/index', [], true)
 5 APPPATH\Controllers\Loket.php(17): view('admin/loket/index', [...])
 6 SYSTEMPATH\CodeIgniter.php(898): App\Controllers\Loket->index()
 7 SYSTEMPATH\CodeIgniter.php(468): CodeIgniter\CodeIgniter->runController(Object(App\Controllers\Loket))
 8 SYSTEMPATH\CodeIgniter.php(351): CodeIgniter\CodeIgniter->handleRequest(null, Object(Config\Cache), false)
 9 FCPATH\index.php(55): CodeIgniter\CodeIgniter->run()
10 SYSTEMPATH\Commands\Server\rewrite.php(43): require_once('FCPATH\\index.php')
CRITICAL - 2022-07-02 11:24:30 --> Invalid file: user/admin/index.php
in SYSTEMPATH\Exceptions\FrameworkException.php on line 33.
 1 SYSTEMPATH\View\View.php(201): CodeIgniter\Exceptions\FrameworkException::forInvalidFile('user/admin/index.php')
 2 SYSTEMPATH\Common.php(1135): CodeIgniter\View\View->render('user/admin/index', [], true)
 3 APPPATH\Controllers\User.php(10): view('user/admin/index', [...])
 4 SYSTEMPATH\CodeIgniter.php(898): App\Controllers\User->index()
 5 SYSTEMPATH\CodeIgniter.php(468): CodeIgniter\CodeIgniter->runController(Object(App\Controllers\User))
 6 SYSTEMPATH\CodeIgniter.php(351): CodeIgniter\CodeIgniter->handleRequest(null, Object(Config\Cache), false)
 7 FCPATH\index.php(55): CodeIgniter\CodeIgniter->run()
 8 SYSTEMPATH\Commands\Server\rewrite.php(43): require_once('FCPATH\\index.php')
CRITICAL - 2022-07-02 11:24:45 --> Undefined variable $loket
in APPPATH\Views\user\antrian\index.php on line 18.
 1 APPPATH\Views\user\antrian\index.php(18): CodeIgniter\Debug\Exceptions->errorHandler(2, 'Undefined variable $loket', 'APPPATH\\Views\\user\\antrian\\index.php', 18)
 2 SYSTEMPATH\View\View.php(213): include('APPPATH\\Views\\user\\antrian\\index.php')
 3 SYSTEMPATH\View\View.php(216): CodeIgniter\View\View->CodeIgniter\View\{closure}()
 4 SYSTEMPATH\Common.php(1135): CodeIgniter\View\View->render('user/antrian/index', [], true)
 5 APPPATH\Controllers\User.php(10): view('user/antrian/index', [...])
 6 SYSTEMPATH\CodeIgniter.php(898): App\Controllers\User->index()
 7 SYSTEMPATH\CodeIgniter.php(468): CodeIgniter\CodeIgniter->runController(Object(App\Controllers\User))
 8 SYSTEMPATH\CodeIgniter.php(351): CodeIgniter\CodeIgniter->handleRequest(null, Object(Config\Cache), false)
 9 FCPATH\index.php(55): CodeIgniter\CodeIgniter->run()
10 SYSTEMPATH\Commands\Server\rewrite.php(43): require_once('FCPATH\\index.php')
CRITICAL - 2022-07-02 11:50:51 --> Invalid file: admin/antrian/index.php
in SYSTEMPATH\Exceptions\FrameworkException.php on line 33.
 1 SYSTEMPATH\View\View.php(201): CodeIgniter\Exceptions\FrameworkException::forInvalidFile('admin/antrian/index.php')
 2 SYSTEMPATH\Common.php(1135): CodeIgniter\View\View->render('admin/antrian/index', [], true)
 3 APPPATH\Controllers\Antrian.php(14): view('admin/antrian/index', [...])
 4 SYSTEMPATH\CodeIgniter.php(898): App\Controllers\Antrian->index()
 5 SYSTEMPATH\CodeIgniter.php(468): CodeIgniter\CodeIgniter->runController(Object(App\Controllers\Antrian))
 6 SYSTEMPATH\CodeIgniter.php(351): CodeIgniter\CodeIgniter->handleRequest(null, Object(Config\Cache), false)
 7 FCPATH\index.php(55): CodeIgniter\CodeIgniter->run()
 8 SYSTEMPATH\Commands\Server\rewrite.php(43): require_once('FCPATH\\index.php')
